{"C:\\Proj\\cmn\\app\\index.tsx": {"path":"C:\\Proj\\cmn\\app\\index.tsx","statementMap":{"0":{"start":{"line":26,"column":17},"end":{"line":26,"column":28}},"1":{"start":{"line":27,"column":25},"end":{"line":27,"column":38}},"2":{"start":{"line":29,"column":2},"end":{"line":52,"column":9}},"3":{"start":{"line":30,"column":8},"end":{"line":51,"column":9}},"4":{"start":{"line":31,"column":10},"end":{"line":31,"column":40}},"5":{"start":{"line":33,"column":10},"end":{"line":40,"column":11}},"6":{"start":{"line":34,"column":12},"end":{"line":34,"column":33}},"7":{"start":{"line":35,"column":12},"end":{"line":35,"column":63}},"8":{"start":{"line":37,"column":12},"end":{"line":39,"column":15}},"9":{"start":{"line":42,"column":10},"end":{"line":44,"column":13}},"10":{"start":{"line":43,"column":12},"end":{"line":43,"column":123}},"11":{"start":{"line":46,"column":10},"end":{"line":48,"column":13}},"12":{"start":{"line":47,"column":12},"end":{"line":47,"column":122}},"13":{"start":{"line":54,"column":2},"end":{"line":79,"column":4}},"14":{"start":{"line":56,"column":24},"end":{"line":76,"column":7}},"15":{"start":{"line":57,"column":8},"end":{"line":75,"column":9}},"16":{"start":{"line":59,"column":31},"end":{"line":59,"column":53}},"17":{"start":{"line":60,"column":10},"end":{"line":65,"column":11}},"18":{"start":{"line":62,"column":12},"end":{"line":62,"column":50}},"19":{"start":{"line":63,"column":12},"end":{"line":63,"column":61}},"20":{"start":{"line":64,"column":12},"end":{"line":64,"column":19}},"21":{"start":{"line":67,"column":23},"end":{"line":67,"column":57}},"22":{"start":{"line":68,"column":10},"end":{"line":72,"column":11}},"23":{"start":{"line":70,"column":12},"end":{"line":70,"column":35}},"24":{"start":{"line":71,"column":12},"end":{"line":71,"column":43}},"25":{"start":{"line":74,"column":10},"end":{"line":74,"column":105}},"26":{"start":{"line":77,"column":6},"end":{"line":77,"column":18}},"27":{"start":{"line":81,"column":2},"end":{"line":109,"column":4}},"28":{"start":{"line":91,"column":27},"end":{"line":91,"column":49}},"29":{"start":{"line":100,"column":27},"end":{"line":100,"column":48}},"30":{"start":{"line":112,"column":15},"end":{"line":165,"column":2}}},"fnMap":{"0":{"name":"WelcomeScreen","decl":{"start":{"line":25,"column":24},"end":{"line":25,"column":37}},"loc":{"start":{"line":25,"column":40},"end":{"line":110,"column":1}},"line":25},"1":{"name":"(anonymous_1)","decl":{"start":{"line":29,"column":12},"end":{"line":29,"column":13}},"loc":{"start":{"line":29,"column":18},"end":{"line":52,"column":3}},"line":29},"2":{"name":"(anonymous_2)","decl":{"start":{"line":42,"column":42},"end":{"line":42,"column":43}},"loc":{"start":{"line":42,"column":53},"end":{"line":44,"column":11}},"line":42},"3":{"name":"(anonymous_3)","decl":{"start":{"line":46,"column":41},"end":{"line":46,"column":42}},"loc":{"start":{"line":46,"column":52},"end":{"line":48,"column":11}},"line":46},"4":{"name":"(anonymous_4)","decl":{"start":{"line":55,"column":16},"end":{"line":55,"column":17}},"loc":{"start":{"line":55,"column":22},"end":{"line":78,"column":5}},"line":55},"5":{"name":"(anonymous_5)","decl":{"start":{"line":56,"column":24},"end":{"line":56,"column":25}},"loc":{"start":{"line":56,"column":36},"end":{"line":76,"column":7}},"line":56},"6":{"name":"(anonymous_6)","decl":{"start":{"line":91,"column":21},"end":{"line":91,"column":22}},"loc":{"start":{"line":91,"column":27},"end":{"line":91,"column":49}},"line":91},"7":{"name":"(anonymous_7)","decl":{"start":{"line":100,"column":21},"end":{"line":100,"column":22}},"loc":{"start":{"line":100,"column":27},"end":{"line":100,"column":48}},"line":100}},"branchMap":{"0":{"loc":{"start":{"line":30,"column":8},"end":{"line":51,"column":9}},"type":"if","locations":[{"start":{"line":30,"column":8},"end":{"line":51,"column":9}},{"start":{},"end":{}}],"line":30},"1":{"loc":{"start":{"line":38,"column":21},"end":{"line":38,"column":75}},"type":"cond-expr","locations":[{"start":{"line":38,"column":46},"end":{"line":38,"column":59}},{"start":{"line":38,"column":62},"end":{"line":38,"column":75}}],"line":38},"2":{"loc":{"start":{"line":43,"column":64},"end":{"line":43,"column":121}},"type":"cond-expr","locations":[{"start":{"line":43,"column":89},"end":{"line":43,"column":94}},{"start":{"line":43,"column":97},"end":{"line":43,"column":121}}],"line":43},"3":{"loc":{"start":{"line":47,"column":63},"end":{"line":47,"column":120}},"type":"cond-expr","locations":[{"start":{"line":47,"column":88},"end":{"line":47,"column":93}},{"start":{"line":47,"column":96},"end":{"line":47,"column":120}}],"line":47},"4":{"loc":{"start":{"line":60,"column":10},"end":{"line":65,"column":11}},"type":"if","locations":[{"start":{"line":60,"column":10},"end":{"line":65,"column":11}},{"start":{},"end":{}}],"line":60},"5":{"loc":{"start":{"line":68,"column":10},"end":{"line":72,"column":11}},"type":"if","locations":[{"start":{"line":68,"column":10},"end":{"line":72,"column":11}},{"start":{},"end":{}}],"line":68},"6":{"loc":{"start":{"line":74,"column":46},"end":{"line":74,"column":103}},"type":"cond-expr","locations":[{"start":{"line":74,"column":71},"end":{"line":74,"column":76}},{"start":{"line":74,"column":79},"end":{"line":74,"column":103}}],"line":74}},"s":{"0":0,"1":0,"2":0,"3":0,"4":0,"5":0,"6":0,"7":0,"8":0,"9":0,"10":0,"11":0,"12":0,"13":0,"14":0,"15":0,"16":0,"17":0,"18":0,"19":0,"20":0,"21":0,"22":0,"23":0,"24":0,"25":0,"26":0,"27":0,"28":0,"29":0,"30":0},"f":{"0":0,"1":0,"2":0,"3":0,"4":0,"5":0,"6":0,"7":0},"b":{"0":[0,0],"1":[0,0],"2":[0,0],"3":[0,0],"4":[0,0],"5":[0,0],"6":[0,0]}}
,"C:\\Proj\\cmn\\app\\login.tsx": {"path":"C:\\Proj\\cmn\\app\\login.tsx","statementMap":{"0":{"start":{"line":42,"column":17},"end":{"line":42,"column":28}},"1":{"start":{"line":43,"column":28},"end":{"line":43,"column":40}},"2":{"start":{"line":44,"column":34},"end":{"line":44,"column":46}},"3":{"start":{"line":45,"column":32},"end":{"line":45,"column":47}},"4":{"start":{"line":47,"column":2},"end":{"line":52,"column":9}},"5":{"start":{"line":49,"column":4},"end":{"line":51,"column":7}},"6":{"start":{"line":50,"column":6},"end":{"line":50,"column":116}},"7":{"start":{"line":54,"column":22},"end":{"line":235,"column":3}},"8":{"start":{"line":55,"column":4},"end":{"line":58,"column":5}},"9":{"start":{"line":56,"column":6},"end":{"line":56,"column":59}},"10":{"start":{"line":57,"column":6},"end":{"line":57,"column":13}},"11":{"start":{"line":60,"column":4},"end":{"line":60,"column":21}},"12":{"start":{"line":62,"column":4},"end":{"line":234,"column":5}},"13":{"start":{"line":64,"column":29},"end":{"line":64,"column":49}},"14":{"start":{"line":67,"column":6},"end":{"line":75,"column":7}},"15":{"start":{"line":68,"column":8},"end":{"line":72,"column":10}},"16":{"start":{"line":73,"column":8},"end":{"line":73,"column":26}},"17":{"start":{"line":74,"column":8},"end":{"line":74,"column":15}},"18":{"start":{"line":78,"column":26},"end":{"line":78,"column":62}},"19":{"start":{"line":79,"column":6},"end":{"line":129,"column":7}},"20":{"start":{"line":81,"column":8},"end":{"line":119,"column":9}},"21":{"start":{"line":82,"column":27},"end":{"line":82,"column":84}},"22":{"start":{"line":83,"column":10},"end":{"line":83,"column":47}},"23":{"start":{"line":86,"column":10},"end":{"line":86,"column":47}},"24":{"start":{"line":89,"column":10},"end":{"line":89,"column":31}},"25":{"start":{"line":92,"column":10},"end":{"line":97,"column":14}},"26":{"start":{"line":100,"column":36},"end":{"line":100,"column":84}},"27":{"start":{"line":101,"column":10},"end":{"line":118,"column":11}},"28":{"start":{"line":102,"column":12},"end":{"line":102,"column":58}},"29":{"start":{"line":105,"column":12},"end":{"line":105,"column":49}},"30":{"start":{"line":108,"column":12},"end":{"line":108,"column":33}},"31":{"start":{"line":110,"column":12},"end":{"line":115,"column":16}},"32":{"start":{"line":117,"column":12},"end":{"line":117,"column":66}},"33":{"start":{"line":122,"column":8},"end":{"line":124,"column":9}},"34":{"start":{"line":123,"column":10},"end":{"line":123,"column":85}},"35":{"start":{"line":126,"column":8},"end":{"line":126,"column":39}},"36":{"start":{"line":127,"column":8},"end":{"line":127,"column":26}},"37":{"start":{"line":128,"column":8},"end":{"line":128,"column":15}},"38":{"start":{"line":132,"column":19},"end":{"line":132,"column":63}},"39":{"start":{"line":135,"column":6},"end":{"line":135,"column":43}},"40":{"start":{"line":138,"column":6},"end":{"line":138,"column":39}},"41":{"start":{"line":141,"column":6},"end":{"line":141,"column":27}},"42":{"start":{"line":144,"column":6},"end":{"line":148,"column":10}},"43":{"start":{"line":151,"column":20},"end":{"line":151,"column":54}},"44":{"start":{"line":154,"column":6},"end":{"line":193,"column":7}},"45":{"start":{"line":155,"column":33},"end":{"line":155,"column":70}},"46":{"start":{"line":156,"column":8},"end":{"line":192,"column":9}},"47":{"start":{"line":157,"column":31},"end":{"line":161,"column":11}},"48":{"start":{"line":162,"column":10},"end":{"line":191,"column":11}},"49":{"start":{"line":163,"column":12},"end":{"line":163,"column":111}},"50":{"start":{"line":165,"column":12},"end":{"line":190,"column":13}},"51":{"start":{"line":166,"column":49},"end":{"line":166,"column":95}},"52":{"start":{"line":167,"column":48},"end":{"line":167,"column":97}},"53":{"start":{"line":169,"column":34},"end":{"line":169,"column":58}},"54":{"start":{"line":170,"column":14},"end":{"line":183,"column":15}},"55":{"start":{"line":171,"column":16},"end":{"line":171,"column":58}},"56":{"start":{"line":172,"column":16},"end":{"line":172,"column":95}},"57":{"start":{"line":174,"column":16},"end":{"line":174,"column":61}},"58":{"start":{"line":176,"column":16},"end":{"line":180,"column":19}},"59":{"start":{"line":182,"column":16},"end":{"line":182,"column":39}},"60":{"start":{"line":185,"column":14},"end":{"line":188,"column":17}},"61":{"start":{"line":189,"column":14},"end":{"line":189,"column":37}},"62":{"start":{"line":195,"column":6},"end":{"line":214,"column":7}},"63":{"start":{"line":197,"column":8},"end":{"line":197,"column":71}},"64":{"start":{"line":200,"column":32},"end":{"line":200,"column":73}},"65":{"start":{"line":201,"column":37},"end":{"line":201,"column":87}},"66":{"start":{"line":202,"column":30},"end":{"line":202,"column":85}},"67":{"start":{"line":202,"column":59},"end":{"line":202,"column":84}},"68":{"start":{"line":203,"column":8},"end":{"line":207,"column":9}},"69":{"start":{"line":204,"column":10},"end":{"line":204,"column":36}},"70":{"start":{"line":205,"column":10},"end":{"line":205,"column":81}},"71":{"start":{"line":206,"column":10},"end":{"line":206,"column":89}},"72":{"start":{"line":209,"column":8},"end":{"line":209,"column":91}},"73":{"start":{"line":210,"column":8},"end":{"line":210,"column":39}},"74":{"start":{"line":212,"column":8},"end":{"line":212,"column":96}},"75":{"start":{"line":213,"column":8},"end":{"line":213,"column":42}},"76":{"start":{"line":217,"column":29},"end":{"line":217,"column":49}},"77":{"start":{"line":220,"column":6},"end":{"line":220,"column":42}},"78":{"start":{"line":221,"column":32},"end":{"line":221,"column":74}},"79":{"start":{"line":223,"column":6},"end":{"line":231,"column":7}},"80":{"start":{"line":224,"column":8},"end":{"line":228,"column":10}},"81":{"start":{"line":230,"column":8},"end":{"line":230,"column":104}},"82":{"start":{"line":233,"column":6},"end":{"line":233,"column":24}},"83":{"start":{"line":237,"column":2},"end":{"line":305,"column":4}},"84":{"start":{"line":294,"column":27},"end":{"line":294,"column":49}},"85":{"start":{"line":308,"column":15},"end":{"line":374,"column":2}}},"fnMap":{"0":{"name":"LoginScreen","decl":{"start":{"line":41,"column":24},"end":{"line":41,"column":35}},"loc":{"start":{"line":41,"column":38},"end":{"line":306,"column":1}},"line":41},"1":{"name":"(anonymous_1)","decl":{"start":{"line":47,"column":12},"end":{"line":47,"column":13}},"loc":{"start":{"line":47,"column":18},"end":{"line":52,"column":3}},"line":47},"2":{"name":"(anonymous_2)","decl":{"start":{"line":49,"column":35},"end":{"line":49,"column":36}},"loc":{"start":{"line":49,"column":46},"end":{"line":51,"column":5}},"line":49},"3":{"name":"(anonymous_3)","decl":{"start":{"line":54,"column":22},"end":{"line":54,"column":23}},"loc":{"start":{"line":54,"column":34},"end":{"line":235,"column":3}},"line":54},"4":{"name":"(anonymous_4)","decl":{"start":{"line":202,"column":52},"end":{"line":202,"column":53}},"loc":{"start":{"line":202,"column":59},"end":{"line":202,"column":84}},"line":202},"5":{"name":"(anonymous_5)","decl":{"start":{"line":294,"column":21},"end":{"line":294,"column":22}},"loc":{"start":{"line":294,"column":27},"end":{"line":294,"column":49}},"line":294}},"branchMap":{"0":{"loc":{"start":{"line":50,"column":57},"end":{"line":50,"column":114}},"type":"cond-expr","locations":[{"start":{"line":50,"column":82},"end":{"line":50,"column":87}},{"start":{"line":50,"column":90},"end":{"line":50,"column":114}}],"line":50},"1":{"loc":{"start":{"line":55,"column":4},"end":{"line":58,"column":5}},"type":"if","locations":[{"start":{"line":55,"column":4},"end":{"line":58,"column":5}},{"start":{},"end":{}}],"line":55},"2":{"loc":{"start":{"line":55,"column":8},"end":{"line":55,"column":27}},"type":"binary-expr","locations":[{"start":{"line":55,"column":8},"end":{"line":55,"column":14}},{"start":{"line":55,"column":18},"end":{"line":55,"column":27}}],"line":55},"3":{"loc":{"start":{"line":67,"column":6},"end":{"line":75,"column":7}},"type":"if","locations":[{"start":{"line":67,"column":6},"end":{"line":75,"column":7}},{"start":{},"end":{}}],"line":67},"4":{"loc":{"start":{"line":79,"column":6},"end":{"line":129,"column":7}},"type":"if","locations":[{"start":{"line":79,"column":6},"end":{"line":129,"column":7}},{"start":{},"end":{}}],"line":79},"5":{"loc":{"start":{"line":79,"column":10},"end":{"line":79,"column":58}},"type":"binary-expr","locations":[{"start":{"line":79,"column":10},"end":{"line":79,"column":21}},{"start":{"line":79,"column":25},"end":{"line":79,"column":58}}],"line":79},"6":{"loc":{"start":{"line":101,"column":10},"end":{"line":118,"column":11}},"type":"if","locations":[{"start":{"line":101,"column":10},"end":{"line":118,"column":11}},{"start":{"line":116,"column":17},"end":{"line":118,"column":11}}],"line":101},"7":{"loc":{"start":{"line":122,"column":8},"end":{"line":124,"column":9}},"type":"if","locations":[{"start":{"line":122,"column":8},"end":{"line":124,"column":9}},{"start":{},"end":{}}],"line":122},"8":{"loc":{"start":{"line":154,"column":6},"end":{"line":193,"column":7}},"type":"if","locations":[{"start":{"line":154,"column":6},"end":{"line":193,"column":7}},{"start":{},"end":{}}],"line":154},"9":{"loc":{"start":{"line":156,"column":8},"end":{"line":192,"column":9}},"type":"if","locations":[{"start":{"line":156,"column":8},"end":{"line":192,"column":9}},{"start":{},"end":{}}],"line":156},"10":{"loc":{"start":{"line":162,"column":10},"end":{"line":191,"column":11}},"type":"if","locations":[{"start":{"line":162,"column":10},"end":{"line":191,"column":11}},{"start":{},"end":{}}],"line":162},"11":{"loc":{"start":{"line":162,"column":14},"end":{"line":162,"column":63}},"type":"binary-expr","locations":[{"start":{"line":162,"column":14},"end":{"line":162,"column":26}},{"start":{"line":162,"column":30},"end":{"line":162,"column":63}}],"line":162},"12":{"loc":{"start":{"line":170,"column":14},"end":{"line":183,"column":15}},"type":"if","locations":[{"start":{"line":170,"column":14},"end":{"line":183,"column":15}},{"start":{"line":175,"column":21},"end":{"line":183,"column":15}}],"line":170},"13":{"loc":{"start":{"line":170,"column":18},"end":{"line":170,"column":65}},"type":"binary-expr","locations":[{"start":{"line":170,"column":18},"end":{"line":170,"column":29}},{"start":{"line":170,"column":33},"end":{"line":170,"column":65}}],"line":170},"14":{"loc":{"start":{"line":187,"column":23},"end":{"line":187,"column":89}},"type":"cond-expr","locations":[{"start":{"line":187,"column":52},"end":{"line":187,"column":69}},{"start":{"line":187,"column":72},"end":{"line":187,"column":89}}],"line":187},"15":{"loc":{"start":{"line":195,"column":6},"end":{"line":214,"column":7}},"type":"if","locations":[{"start":{"line":195,"column":6},"end":{"line":214,"column":7}},{"start":{"line":211,"column":13},"end":{"line":214,"column":7}}],"line":195},"16":{"loc":{"start":{"line":201,"column":37},"end":{"line":201,"column":87}},"type":"cond-expr","locations":[{"start":{"line":201,"column":55},"end":{"line":201,"column":82}},{"start":{"line":201,"column":85},"end":{"line":201,"column":87}}],"line":201},"17":{"loc":{"start":{"line":203,"column":8},"end":{"line":207,"column":9}},"type":"if","locations":[{"start":{"line":203,"column":8},"end":{"line":207,"column":9}},{"start":{},"end":{}}],"line":203},"18":{"loc":{"start":{"line":223,"column":6},"end":{"line":231,"column":7}},"type":"if","locations":[{"start":{"line":223,"column":6},"end":{"line":231,"column":7}},{"start":{"line":229,"column":13},"end":{"line":231,"column":7}}],"line":223},"19":{"loc":{"start":{"line":226,"column":77},"end":{"line":226,"column":109}},"type":"cond-expr","locations":[{"start":{"line":226,"column":101},"end":{"line":226,"column":104}},{"start":{"line":226,"column":107},"end":{"line":226,"column":109}}],"line":226},"20":{"loc":{"start":{"line":239,"column":16},"end":{"line":239,"column":60}},"type":"cond-expr","locations":[{"start":{"line":239,"column":40},"end":{"line":239,"column":49}},{"start":{"line":239,"column":52},"end":{"line":239,"column":60}}],"line":239},"21":{"loc":{"start":{"line":280,"column":35},"end":{"line":280,"column":67}},"type":"binary-expr","locations":[{"start":{"line":280,"column":35},"end":{"line":280,"column":42}},{"start":{"line":280,"column":46},"end":{"line":280,"column":67}}],"line":280},"22":{"loc":{"start":{"line":288,"column":15},"end":{"line":288,"column":51}},"type":"cond-expr","locations":[{"start":{"line":288,"column":25},"end":{"line":288,"column":40}},{"start":{"line":288,"column":43},"end":{"line":288,"column":51}}],"line":288}},"s":{"0":73,"1":73,"2":73,"3":73,"4":73,"5":17,"6":0,"7":73,"8":15,"9":1,"10":1,"11":14,"12":14,"13":14,"14":14,"15":0,"16":0,"17":0,"18":14,"19":14,"20":3,"21":3,"22":3,"23":3,"24":3,"25":3,"26":0,"27":0,"28":0,"29":0,"30":0,"31":0,"32":0,"33":3,"34":3,"35":3,"36":3,"37":3,"38":11,"39":11,"40":11,"41":7,"42":7,"43":7,"44":7,"45":1,"46":1,"47":0,"48":0,"49":0,"50":0,"51":0,"52":0,"53":0,"54":0,"55":0,"56":0,"57":0,"58":0,"59":0,"60":0,"61":0,"62":7,"63":6,"64":6,"65":6,"66":6,"67":11,"68":6,"69":5,"70":5,"71":5,"72":6,"73":6,"74":1,"75":1,"76":4,"77":4,"78":4,"79":4,"80":4,"81":0,"82":14,"83":73,"84":1,"85":1},"f":{"0":73,"1":17,"2":0,"3":15,"4":11,"5":1},"b":{"0":[0,0],"1":[1,14],"2":[15,14],"3":[0,14],"4":[3,11],"5":[14,4],"6":[0,0],"7":[3,0],"8":[1,6],"9":[0,1],"10":[0,0],"11":[0,0],"12":[0,0],"13":[0,0],"14":[0,0],"15":[6,1],"16":[6,0],"17":[5,1],"18":[4,0],"19":[4,0],"20":[73,0],"21":[73,14],"22":[14,59]},"_coverageSchema":"1a1c01bbd47fc00a2c39e90264f33305004495a9","hash":"b490b254eec4f60bd805e401200b6a577234af97"}
,"C:\\Proj\\cmn\\app\\signup.tsx": {"path":"C:\\Proj\\cmn\\app\\signup.tsx","statementMap":{"0":{"start":{"line":39,"column":17},"end":{"line":39,"column":28}},"1":{"start":{"line":40,"column":28},"end":{"line":40,"column":40}},"2":{"start":{"line":41,"column":34},"end":{"line":41,"column":46}},"3":{"start":{"line":42,"column":48},"end":{"line":42,"column":60}},"4":{"start":{"line":43,"column":46},"end":{"line":43,"column":58}},"5":{"start":{"line":44,"column":32},"end":{"line":44,"column":47}},"6":{"start":{"line":46,"column":23},"end":{"line":112,"column":3}},"7":{"start":{"line":47,"column":4},"end":{"line":50,"column":5}},"8":{"start":{"line":48,"column":6},"end":{"line":48,"column":82}},"9":{"start":{"line":49,"column":6},"end":{"line":49,"column":13}},"10":{"start":{"line":53,"column":22},"end":{"line":53,"column":57}},"11":{"start":{"line":54,"column":20},"end":{"line":54,"column":58}},"12":{"start":{"line":55,"column":4},"end":{"line":58,"column":5}},"13":{"start":{"line":56,"column":6},"end":{"line":56,"column":109}},"14":{"start":{"line":57,"column":6},"end":{"line":57,"column":13}},"15":{"start":{"line":61,"column":31},"end":{"line":61,"column":74}},"16":{"start":{"line":62,"column":4},"end":{"line":65,"column":5}},"17":{"start":{"line":63,"column":6},"end":{"line":63,"column":90}},"18":{"start":{"line":64,"column":6},"end":{"line":64,"column":13}},"19":{"start":{"line":68,"column":28},"end":{"line":68,"column":48}},"20":{"start":{"line":69,"column":4},"end":{"line":72,"column":5}},"21":{"start":{"line":70,"column":6},"end":{"line":70,"column":82}},"22":{"start":{"line":71,"column":6},"end":{"line":71,"column":13}},"23":{"start":{"line":74,"column":4},"end":{"line":74,"column":21}},"24":{"start":{"line":76,"column":4},"end":{"line":111,"column":5}},"25":{"start":{"line":78,"column":29},"end":{"line":78,"column":49}},"26":{"start":{"line":81,"column":23},"end":{"line":81,"column":73}},"27":{"start":{"line":82,"column":6},"end":{"line":86,"column":7}},"28":{"start":{"line":83,"column":8},"end":{"line":83,"column":94}},"29":{"start":{"line":84,"column":8},"end":{"line":84,"column":26}},"30":{"start":{"line":85,"column":8},"end":{"line":85,"column":15}},"31":{"start":{"line":89,"column":19},"end":{"line":89,"column":63}},"32":{"start":{"line":92,"column":6},"end":{"line":92,"column":39}},"33":{"start":{"line":95,"column":6},"end":{"line":95,"column":27}},"34":{"start":{"line":98,"column":6},"end":{"line":102,"column":10}},"35":{"start":{"line":105,"column":6},"end":{"line":105,"column":40}},"36":{"start":{"line":107,"column":27},"end":{"line":107,"column":113}},"37":{"start":{"line":108,"column":6},"end":{"line":108,"column":153}},"38":{"start":{"line":110,"column":6},"end":{"line":110,"column":24}},"39":{"start":{"line":114,"column":2},"end":{"line":214,"column":4}},"40":{"start":{"line":133,"column":38},"end":{"line":133,"column":82}},"41":{"start":{"line":203,"column":27},"end":{"line":203,"column":48}},"42":{"start":{"line":217,"column":15},"end":{"line":289,"column":2}}},"fnMap":{"0":{"name":"SignupScreen","decl":{"start":{"line":38,"column":24},"end":{"line":38,"column":36}},"loc":{"start":{"line":38,"column":39},"end":{"line":215,"column":1}},"line":38},"1":{"name":"(anonymous_1)","decl":{"start":{"line":46,"column":23},"end":{"line":46,"column":24}},"loc":{"start":{"line":46,"column":35},"end":{"line":112,"column":3}},"line":46},"2":{"name":"(anonymous_2)","decl":{"start":{"line":133,"column":28},"end":{"line":133,"column":29}},"loc":{"start":{"line":133,"column":38},"end":{"line":133,"column":82}},"line":133},"3":{"name":"(anonymous_3)","decl":{"start":{"line":203,"column":21},"end":{"line":203,"column":22}},"loc":{"start":{"line":203,"column":27},"end":{"line":203,"column":48}},"line":203}},"branchMap":{"0":{"loc":{"start":{"line":47,"column":4},"end":{"line":50,"column":5}},"type":"if","locations":[{"start":{"line":47,"column":4},"end":{"line":50,"column":5}},{"start":{},"end":{}}],"line":47},"1":{"loc":{"start":{"line":47,"column":8},"end":{"line":47,"column":46}},"type":"binary-expr","locations":[{"start":{"line":47,"column":8},"end":{"line":47,"column":14}},{"start":{"line":47,"column":18},"end":{"line":47,"column":27}},{"start":{"line":47,"column":31},"end":{"line":47,"column":46}}],"line":47},"2":{"loc":{"start":{"line":55,"column":4},"end":{"line":58,"column":5}},"type":"if","locations":[{"start":{"line":55,"column":4},"end":{"line":58,"column":5}},{"start":{},"end":{}}],"line":55},"3":{"loc":{"start":{"line":62,"column":4},"end":{"line":65,"column":5}},"type":"if","locations":[{"start":{"line":62,"column":4},"end":{"line":65,"column":5}},{"start":{},"end":{}}],"line":62},"4":{"loc":{"start":{"line":63,"column":27},"end":{"line":63,"column":88}},"type":"binary-expr","locations":[{"start":{"line":63,"column":27},"end":{"line":63,"column":51}},{"start":{"line":63,"column":55},"end":{"line":63,"column":88}}],"line":63},"5":{"loc":{"start":{"line":69,"column":4},"end":{"line":72,"column":5}},"type":"if","locations":[{"start":{"line":69,"column":4},"end":{"line":72,"column":5}},{"start":{},"end":{}}],"line":69},"6":{"loc":{"start":{"line":70,"column":27},"end":{"line":70,"column":80}},"type":"binary-expr","locations":[{"start":{"line":70,"column":27},"end":{"line":70,"column":48}},{"start":{"line":70,"column":52},"end":{"line":70,"column":80}}],"line":70},"7":{"loc":{"start":{"line":82,"column":6},"end":{"line":86,"column":7}},"type":"if","locations":[{"start":{"line":82,"column":6},"end":{"line":86,"column":7}},{"start":{},"end":{}}],"line":82},"8":{"loc":{"start":{"line":107,"column":27},"end":{"line":107,"column":113}},"type":"cond-expr","locations":[{"start":{"line":107,"column":52},"end":{"line":107,"column":65}},{"start":{"line":107,"column":68},"end":{"line":107,"column":113}}],"line":107},"9":{"loc":{"start":{"line":108,"column":38},"end":{"line":108,"column":140}},"type":"cond-expr","locations":[{"start":{"line":108,"column":80},"end":{"line":108,"column":92}},{"start":{"line":108,"column":95},"end":{"line":108,"column":140}}],"line":108},"10":{"loc":{"start":{"line":116,"column":16},"end":{"line":116,"column":60}},"type":"cond-expr","locations":[{"start":{"line":116,"column":40},"end":{"line":116,"column":49}},{"start":{"line":116,"column":52},"end":{"line":116,"column":60}}],"line":116},"11":{"loc":{"start":{"line":189,"column":35},"end":{"line":189,"column":67}},"type":"binary-expr","locations":[{"start":{"line":189,"column":35},"end":{"line":189,"column":42}},{"start":{"line":189,"column":46},"end":{"line":189,"column":67}}],"line":189},"12":{"loc":{"start":{"line":197,"column":15},"end":{"line":197,"column":58}},"type":"cond-expr","locations":[{"start":{"line":197,"column":25},"end":{"line":197,"column":46}},{"start":{"line":197,"column":49},"end":{"line":197,"column":58}}],"line":197}},"s":{"0":83,"1":83,"2":83,"3":83,"4":83,"5":83,"6":83,"7":15,"8":3,"9":3,"10":12,"11":12,"12":12,"13":1,"14":1,"15":11,"16":11,"17":2,"18":2,"19":9,"20":9,"21":1,"22":1,"23":8,"24":8,"25":8,"26":8,"27":8,"28":1,"29":1,"30":1,"31":7,"32":5,"33":5,"34":5,"35":5,"36":2,"37":2,"38":8,"39":83,"40":16,"41":1,"42":1},"f":{"0":83,"1":15,"2":16,"3":1},"b":{"0":[3,12],"1":[15,13,12],"2":[1,11],"3":[2,9],"4":[2,0],"5":[1,8],"6":[1,0],"7":[1,7],"8":[2,0],"9":[0,2],"10":[83,0],"11":[83,1],"12":[1,82]},"_coverageSchema":"1a1c01bbd47fc00a2c39e90264f33305004495a9","hash":"d0a8fd40c7eed2c6ac3ab6391da0d398eff9d6a1"}
,"C:\\Proj\\cmn\\app\\(tabs)\\_layout.tsx": {"path":"C:\\Proj\\cmn\\app\\(tabs)\\_layout.tsx","statementMap":{"0":{"start":{"line":18,"column":2},"end":{"line":80,"column":4}},"1":{"start":{"line":38,"column":12},"end":{"line":38,"column":64}},"2":{"start":{"line":48,"column":12},"end":{"line":48,"column":69}},"3":{"start":{"line":57,"column":12},"end":{"line":57,"column":64}},"4":{"start":{"line":66,"column":12},"end":{"line":66,"column":62}},"5":{"start":{"line":75,"column":12},"end":{"line":75,"column":64}}},"fnMap":{"0":{"name":"TabsLayout","decl":{"start":{"line":17,"column":24},"end":{"line":17,"column":34}},"loc":{"start":{"line":17,"column":37},"end":{"line":81,"column":1}},"line":17},"1":{"name":"(anonymous_1)","decl":{"start":{"line":37,"column":22},"end":{"line":37,"column":23}},"loc":{"start":{"line":38,"column":12},"end":{"line":38,"column":64}},"line":38},"2":{"name":"(anonymous_2)","decl":{"start":{"line":47,"column":22},"end":{"line":47,"column":23}},"loc":{"start":{"line":48,"column":12},"end":{"line":48,"column":69}},"line":48},"3":{"name":"(anonymous_3)","decl":{"start":{"line":56,"column":22},"end":{"line":56,"column":23}},"loc":{"start":{"line":57,"column":12},"end":{"line":57,"column":64}},"line":57},"4":{"name":"(anonymous_4)","decl":{"start":{"line":65,"column":22},"end":{"line":65,"column":23}},"loc":{"start":{"line":66,"column":12},"end":{"line":66,"column":62}},"line":66},"5":{"name":"(anonymous_5)","decl":{"start":{"line":74,"column":22},"end":{"line":74,"column":23}},"loc":{"start":{"line":75,"column":12},"end":{"line":75,"column":64}},"line":75}},"branchMap":{},"s":{"0":0,"1":0,"2":0,"3":0,"4":0,"5":0},"f":{"0":0,"1":0,"2":0,"3":0,"4":0,"5":0},"b":{}}
,"C:\\Proj\\cmn\\app\\(tabs)\\home.tsx": {"path":"C:\\Proj\\cmn\\app\\(tabs)\\home.tsx","statementMap":{"0":{"start":{"line":52,"column":17},"end":{"line":52,"column":28}},"1":{"start":{"line":53,"column":40},"end":{"line":53,"column":63}},"2":{"start":{"line":54,"column":52},"end":{"line":54,"column":75}},"3":{"start":{"line":55,"column":46},"end":{"line":55,"column":76}},"4":{"start":{"line":56,"column":38},"end":{"line":56,"column":53}},"5":{"start":{"line":57,"column":32},"end":{"line":57,"column":46}},"6":{"start":{"line":58,"column":40},"end":{"line":58,"column":55}},"7":{"start":{"line":59,"column":40},"end":{"line":59,"column":52}},"8":{"start":{"line":60,"column":40},"end":{"line":60,"column":51}},"9":{"start":{"line":61,"column":23},"end":{"line":61,"column":36}},"10":{"start":{"line":63,"column":2},"end":{"line":68,"column":9}},"11":{"start":{"line":64,"column":4},"end":{"line":67,"column":5}},"12":{"start":{"line":65,"column":6},"end":{"line":65,"column":34}},"13":{"start":{"line":66,"column":6},"end":{"line":66,"column":21}},"14":{"start":{"line":71,"column":2},"end":{"line":77,"column":4}},"15":{"start":{"line":73,"column":6},"end":{"line":75,"column":9}},"16":{"start":{"line":74,"column":8},"end":{"line":74,"column":109}},"17":{"start":{"line":79,"column":23},"end":{"line":274,"column":3}},"18":{"start":{"line":80,"column":4},"end":{"line":273,"column":5}},"19":{"start":{"line":82,"column":6},"end":{"line":88,"column":7}},"20":{"start":{"line":83,"column":8},"end":{"line":83,"column":29}},"21":{"start":{"line":85,"column":8},"end":{"line":87,"column":11}},"22":{"start":{"line":91,"column":6},"end":{"line":91,"column":37}},"23":{"start":{"line":94,"column":23},"end":{"line":94,"column":57}},"24":{"start":{"line":95,"column":31},"end":{"line":101,"column":14}},"25":{"start":{"line":98,"column":49},"end":{"line":98,"column":167}},"26":{"start":{"line":104,"column":49},"end":{"line":104,"column":53}},"27":{"start":{"line":105,"column":6},"end":{"line":134,"column":7}},"28":{"start":{"line":106,"column":8},"end":{"line":133,"column":9}},"29":{"start":{"line":107,"column":26},"end":{"line":107,"column":66}},"30":{"start":{"line":108,"column":10},"end":{"line":114,"column":11}},"31":{"start":{"line":109,"column":12},"end":{"line":109,"column":39}},"32":{"start":{"line":110,"column":12},"end":{"line":110,"column":43}},"33":{"start":{"line":112,"column":12},"end":{"line":112,"column":75}},"34":{"start":{"line":113,"column":12},"end":{"line":113,"column":84}},"35":{"start":{"line":116,"column":10},"end":{"line":119,"column":13}},"36":{"start":{"line":121,"column":30},"end":{"line":121,"column":67}},"37":{"start":{"line":122,"column":10},"end":{"line":132,"column":11}},"38":{"start":{"line":123,"column":28},"end":{"line":127,"column":13}},"39":{"start":{"line":128,"column":12},"end":{"line":131,"column":13}},"40":{"start":{"line":129,"column":14},"end":{"line":129,"column":41}},"41":{"start":{"line":130,"column":14},"end":{"line":130,"column":45}},"42":{"start":{"line":137,"column":36},"end":{"line":137,"column":38}},"43":{"start":{"line":138,"column":6},"end":{"line":192,"column":7}},"44":{"start":{"line":139,"column":8},"end":{"line":139,"column":52}},"45":{"start":{"line":141,"column":8},"end":{"line":141,"column":80}},"46":{"start":{"line":142,"column":8},"end":{"line":142,"column":103}},"47":{"start":{"line":144,"column":8},"end":{"line":146,"column":11}},"48":{"start":{"line":148,"column":28},"end":{"line":148,"column":69}},"49":{"start":{"line":149,"column":8},"end":{"line":191,"column":9}},"50":{"start":{"line":150,"column":25},"end":{"line":157,"column":11}},"51":{"start":{"line":153,"column":14},"end":{"line":153,"column":53}},"52":{"start":{"line":153,"column":40},"end":{"line":153,"column":53}},"53":{"start":{"line":154,"column":14},"end":{"line":154,"column":63}},"54":{"start":{"line":154,"column":37},"end":{"line":154,"column":61}},"55":{"start":{"line":158,"column":10},"end":{"line":158,"column":38}},"56":{"start":{"line":161,"column":10},"end":{"line":189,"column":12}},"57":{"start":{"line":190,"column":10},"end":{"line":190,"column":82}},"58":{"start":{"line":195,"column":41},"end":{"line":197,"column":14}},"59":{"start":{"line":200,"column":6},"end":{"line":210,"column":7}},"60":{"start":{"line":201,"column":8},"end":{"line":204,"column":11}},"61":{"start":{"line":202,"column":41},"end":{"line":202,"column":76}},"62":{"start":{"line":203,"column":10},"end":{"line":203,"column":71}},"63":{"start":{"line":205,"column":8},"end":{"line":209,"column":11}},"64":{"start":{"line":213,"column":38},"end":{"line":219,"column":43}},"65":{"start":{"line":215,"column":10},"end":{"line":215,"column":55}},"66":{"start":{"line":215,"column":43},"end":{"line":215,"column":55}},"67":{"start":{"line":216,"column":41},"end":{"line":216,"column":76}},"68":{"start":{"line":217,"column":10},"end":{"line":217,"column":90}},"69":{"start":{"line":219,"column":26},"end":{"line":219,"column":42}},"70":{"start":{"line":222,"column":34},"end":{"line":222,"column":68}},"71":{"start":{"line":223,"column":29},"end":{"line":230,"column":7}},"72":{"start":{"line":225,"column":10},"end":{"line":229,"column":12}},"73":{"start":{"line":226,"column":27},"end":{"line":226,"column":56}},"74":{"start":{"line":227,"column":27},"end":{"line":227,"column":62}},"75":{"start":{"line":228,"column":12},"end":{"line":228,"column":37}},"76":{"start":{"line":233,"column":36},"end":{"line":238,"column":24}},"77":{"start":{"line":235,"column":43},"end":{"line":235,"column":78}},"78":{"start":{"line":236,"column":12},"end":{"line":236,"column":73}},"79":{"start":{"line":240,"column":6},"end":{"line":246,"column":7}},"80":{"start":{"line":241,"column":8},"end":{"line":245,"column":11}},"81":{"start":{"line":249,"column":26},"end":{"line":249,"column":62}},"82":{"start":{"line":250,"column":30},"end":{"line":250,"column":73}},"83":{"start":{"line":252,"column":6},"end":{"line":257,"column":7}},"84":{"start":{"line":253,"column":8},"end":{"line":256,"column":11}},"85":{"start":{"line":260,"column":30},"end":{"line":260,"column":89}},"86":{"start":{"line":262,"column":6},"end":{"line":262,"column":38}},"87":{"start":{"line":265,"column":30},"end":{"line":265,"column":47}},"88":{"start":{"line":266,"column":30},"end":{"line":266,"column":71}},"89":{"start":{"line":267,"column":6},"end":{"line":267,"column":44}},"90":{"start":{"line":268,"column":6},"end":{"line":268,"column":24}},"91":{"start":{"line":270,"column":6},"end":{"line":270,"column":104}},"92":{"start":{"line":272,"column":6},"end":{"line":272,"column":24}},"93":{"start":{"line":276,"column":20},"end":{"line":281,"column":3}},"94":{"start":{"line":277,"column":4},"end":{"line":277,"column":24}},"95":{"start":{"line":278,"column":4},"end":{"line":278,"column":22}},"96":{"start":{"line":279,"column":4},"end":{"line":279,"column":25}},"97":{"start":{"line":280,"column":4},"end":{"line":280,"column":25}},"98":{"start":{"line":286,"column":27},"end":{"line":311,"column":58}},"99":{"start":{"line":287,"column":4},"end":{"line":290,"column":5}},"100":{"start":{"line":289,"column":6},"end":{"line":289,"column":13}},"101":{"start":{"line":292,"column":28},"end":{"line":292,"column":45}},"102":{"start":{"line":293,"column":21},"end":{"line":293,"column":36}},"103":{"start":{"line":294,"column":23},"end":{"line":294,"column":49}},"104":{"start":{"line":295,"column":21},"end":{"line":295,"column":49}},"105":{"start":{"line":297,"column":4},"end":{"line":300,"column":5}},"106":{"start":{"line":299,"column":6},"end":{"line":299,"column":13}},"107":{"start":{"line":302,"column":4},"end":{"line":302,"column":25}},"108":{"start":{"line":303,"column":29},"end":{"line":303,"column":68}},"109":{"start":{"line":305,"column":4},"end":{"line":308,"column":5}},"110":{"start":{"line":306,"column":6},"end":{"line":306,"column":69}},"111":{"start":{"line":306,"column":37},"end":{"line":306,"column":67}},"112":{"start":{"line":307,"column":6},"end":{"line":307,"column":31}},"113":{"start":{"line":310,"column":4},"end":{"line":310,"column":26}},"114":{"start":{"line":314,"column":24},"end":{"line":332,"column":22}},"115":{"start":{"line":315,"column":4},"end":{"line":315,"column":34}},"116":{"start":{"line":315,"column":25},"end":{"line":315,"column":34}},"117":{"start":{"line":317,"column":16},"end":{"line":317,"column":17}},"118":{"start":{"line":320,"column":4},"end":{"line":323,"column":5}},"119":{"start":{"line":322,"column":6},"end":{"line":322,"column":46}},"120":{"start":{"line":326,"column":4},"end":{"line":329,"column":5}},"121":{"start":{"line":328,"column":6},"end":{"line":328,"column":46}},"122":{"start":{"line":331,"column":4},"end":{"line":331,"column":17}},"123":{"start":{"line":335,"column":27},"end":{"line":364,"column":67}},"124":{"start":{"line":336,"column":4},"end":{"line":338,"column":5}},"125":{"start":{"line":337,"column":6},"end":{"line":337,"column":31}},"126":{"start":{"line":340,"column":18},"end":{"line":340,"column":50}},"127":{"start":{"line":342,"column":35},"end":{"line":342,"column":78}},"128":{"start":{"line":346,"column":4},"end":{"line":363,"column":7}},"129":{"start":{"line":348,"column":37},"end":{"line":348,"column":72}},"130":{"start":{"line":349,"column":6},"end":{"line":351,"column":7}},"131":{"start":{"line":350,"column":8},"end":{"line":350,"column":21}},"132":{"start":{"line":354,"column":6},"end":{"line":362,"column":8}},"133":{"start":{"line":367,"column":24},"end":{"line":428,"column":29}},"134":{"start":{"line":368,"column":23},"end":{"line":368,"column":42}},"135":{"start":{"line":369,"column":24},"end":{"line":369,"column":59}},"136":{"start":{"line":371,"column":4},"end":{"line":427,"column":6}},"137":{"start":{"line":374,"column":23},"end":{"line":377,"column":10}},"138":{"start":{"line":430,"column":2},"end":{"line":437,"column":3}},"139":{"start":{"line":431,"column":4},"end":{"line":436,"column":6}},"140":{"start":{"line":439,"column":2},"end":{"line":457,"column":3}},"141":{"start":{"line":440,"column":4},"end":{"line":456,"column":6}},"142":{"start":{"line":448,"column":27},"end":{"line":448,"column":57}},"143":{"start":{"line":459,"column":2},"end":{"line":547,"column":4}},"144":{"start":{"line":484,"column":29},"end":{"line":484,"column":47}},"145":{"start":{"line":504,"column":39},"end":{"line":504,"column":63}},"146":{"start":{"line":536,"column":31},"end":{"line":536,"column":49}},"147":{"start":{"line":550,"column":15},"end":{"line":733,"column":2}}},"fnMap":{"0":{"name":"HomeScreen","decl":{"start":{"line":51,"column":24},"end":{"line":51,"column":34}},"loc":{"start":{"line":51,"column":37},"end":{"line":548,"column":1}},"line":51},"1":{"name":"(anonymous_1)","decl":{"start":{"line":63,"column":12},"end":{"line":63,"column":13}},"loc":{"start":{"line":63,"column":18},"end":{"line":68,"column":3}},"line":63},"2":{"name":"(anonymous_2)","decl":{"start":{"line":72,"column":16},"end":{"line":72,"column":17}},"loc":{"start":{"line":72,"column":22},"end":{"line":76,"column":5}},"line":72},"3":{"name":"(anonymous_3)","decl":{"start":{"line":73,"column":29},"end":{"line":73,"column":30}},"loc":{"start":{"line":73,"column":40},"end":{"line":75,"column":7}},"line":73},"4":{"name":"(anonymous_4)","decl":{"start":{"line":79,"column":23},"end":{"line":79,"column":24}},"loc":{"start":{"line":79,"column":35},"end":{"line":274,"column":3}},"line":79},"5":{"name":"(anonymous_5)","decl":{"start":{"line":98,"column":12},"end":{"line":98,"column":13}},"loc":{"start":{"line":98,"column":49},"end":{"line":98,"column":167}},"line":98},"6":{"name":"(anonymous_6)","decl":{"start":{"line":152,"column":12},"end":{"line":152,"column":13}},"loc":{"start":{"line":152,"column":41},"end":{"line":155,"column":13}},"line":152},"7":{"name":"(anonymous_7)","decl":{"start":{"line":154,"column":32},"end":{"line":154,"column":33}},"loc":{"start":{"line":154,"column":37},"end":{"line":154,"column":61}},"line":154},"8":{"name":"(anonymous_8)","decl":{"start":{"line":201,"column":43},"end":{"line":201,"column":44}},"loc":{"start":{"line":201,"column":56},"end":{"line":204,"column":9}},"line":201},"9":{"name":"(anonymous_9)","decl":{"start":{"line":214,"column":16},"end":{"line":214,"column":17}},"loc":{"start":{"line":214,"column":29},"end":{"line":218,"column":9}},"line":214},"10":{"name":"(anonymous_10)","decl":{"start":{"line":219,"column":13},"end":{"line":219,"column":14}},"loc":{"start":{"line":219,"column":26},"end":{"line":219,"column":42}},"line":219},"11":{"name":"(anonymous_11)","decl":{"start":{"line":224,"column":8},"end":{"line":224,"column":9}},"loc":{"start":{"line":225,"column":10},"end":{"line":229,"column":12}},"line":225},"12":{"name":"(anonymous_12)","decl":{"start":{"line":225,"column":35},"end":{"line":225,"column":36}},"loc":{"start":{"line":225,"column":42},"end":{"line":229,"column":11}},"line":225},"13":{"name":"(anonymous_13)","decl":{"start":{"line":234,"column":32},"end":{"line":234,"column":33}},"loc":{"start":{"line":234,"column":45},"end":{"line":237,"column":11}},"line":234},"14":{"name":"(anonymous_14)","decl":{"start":{"line":276,"column":20},"end":{"line":276,"column":21}},"loc":{"start":{"line":276,"column":32},"end":{"line":281,"column":3}},"line":276},"15":{"name":"(anonymous_15)","decl":{"start":{"line":286,"column":39},"end":{"line":286,"column":40}},"loc":{"start":{"line":286,"column":45},"end":{"line":311,"column":3}},"line":286},"16":{"name":"(anonymous_16)","decl":{"start":{"line":306,"column":27},"end":{"line":306,"column":28}},"loc":{"start":{"line":306,"column":37},"end":{"line":306,"column":67}},"line":306},"17":{"name":"(anonymous_17)","decl":{"start":{"line":314,"column":36},"end":{"line":314,"column":37}},"loc":{"start":{"line":314,"column":66},"end":{"line":332,"column":3}},"line":314},"18":{"name":"(anonymous_18)","decl":{"start":{"line":335,"column":35},"end":{"line":335,"column":36}},"loc":{"start":{"line":335,"column":41},"end":{"line":364,"column":3}},"line":335},"19":{"name":"(anonymous_19)","decl":{"start":{"line":346,"column":30},"end":{"line":346,"column":31}},"loc":{"start":{"line":346,"column":43},"end":{"line":363,"column":5}},"line":346},"20":{"name":"(anonymous_20)","decl":{"start":{"line":367,"column":36},"end":{"line":367,"column":37}},"loc":{"start":{"line":367,"column":69},"end":{"line":428,"column":3}},"line":367},"21":{"name":"(anonymous_21)","decl":{"start":{"line":374,"column":17},"end":{"line":374,"column":18}},"loc":{"start":{"line":374,"column":23},"end":{"line":377,"column":10}},"line":374},"22":{"name":"(anonymous_22)","decl":{"start":{"line":448,"column":21},"end":{"line":448,"column":22}},"loc":{"start":{"line":448,"column":27},"end":{"line":448,"column":57}},"line":448},"23":{"name":"(anonymous_23)","decl":{"start":{"line":484,"column":23},"end":{"line":484,"column":24}},"loc":{"start":{"line":484,"column":29},"end":{"line":484,"column":47}},"line":484},"24":{"name":"(anonymous_24)","decl":{"start":{"line":504,"column":22},"end":{"line":504,"column":23}},"loc":{"start":{"line":504,"column":39},"end":{"line":504,"column":63}},"line":504},"25":{"name":"(anonymous_25)","decl":{"start":{"line":536,"column":25},"end":{"line":536,"column":26}},"loc":{"start":{"line":536,"column":31},"end":{"line":536,"column":49}},"line":536}},"branchMap":{"0":{"loc":{"start":{"line":64,"column":4},"end":{"line":67,"column":5}},"type":"if","locations":[{"start":{"line":64,"column":4},"end":{"line":67,"column":5}},{"start":{},"end":{}}],"line":64},"1":{"loc":{"start":{"line":74,"column":50},"end":{"line":74,"column":107}},"type":"cond-expr","locations":[{"start":{"line":74,"column":75},"end":{"line":74,"column":80}},{"start":{"line":74,"column":83},"end":{"line":74,"column":107}}],"line":74},"2":{"loc":{"start":{"line":86,"column":17},"end":{"line":86,"column":71}},"type":"cond-expr","locations":[{"start":{"line":86,"column":42},"end":{"line":86,"column":55}},{"start":{"line":86,"column":58},"end":{"line":86,"column":71}}],"line":86},"3":{"loc":{"start":{"line":95,"column":31},"end":{"line":101,"column":14}},"type":"cond-expr","locations":[{"start":{"line":96,"column":10},"end":{"line":100,"column":26}},{"start":{"line":101,"column":10},"end":{"line":101,"column":14}}],"line":95},"4":{"loc":{"start":{"line":96,"column":10},"end":{"line":100,"column":26}},"type":"binary-expr","locations":[{"start":{"line":96,"column":10},"end":{"line":100,"column":18}},{"start":{"line":100,"column":22},"end":{"line":100,"column":26}}],"line":96},"5":{"loc":{"start":{"line":98,"column":49},"end":{"line":98,"column":167}},"type":"binary-expr","locations":[{"start":{"line":98,"column":49},"end":{"line":98,"column":73}},{"start":{"line":98,"column":77},"end":{"line":98,"column":90}},{"start":{"line":98,"column":94},"end":{"line":98,"column":109}},{"start":{"line":98,"column":113},"end":{"line":98,"column":167}}],"line":98},"6":{"loc":{"start":{"line":105,"column":6},"end":{"line":134,"column":7}},"type":"if","locations":[{"start":{"line":105,"column":6},"end":{"line":134,"column":7}},{"start":{},"end":{}}],"line":105},"7":{"loc":{"start":{"line":108,"column":10},"end":{"line":114,"column":11}},"type":"if","locations":[{"start":{"line":108,"column":10},"end":{"line":114,"column":11}},{"start":{},"end":{}}],"line":108},"8":{"loc":{"start":{"line":118,"column":19},"end":{"line":118,"column":73}},"type":"cond-expr","locations":[{"start":{"line":118,"column":44},"end":{"line":118,"column":57}},{"start":{"line":118,"column":60},"end":{"line":118,"column":73}}],"line":118},"9":{"loc":{"start":{"line":122,"column":10},"end":{"line":132,"column":11}},"type":"if","locations":[{"start":{"line":122,"column":10},"end":{"line":132,"column":11}},{"start":{},"end":{}}],"line":122},"10":{"loc":{"start":{"line":128,"column":12},"end":{"line":131,"column":13}},"type":"if","locations":[{"start":{"line":128,"column":12},"end":{"line":131,"column":13}},{"start":{},"end":{}}],"line":128},"11":{"loc":{"start":{"line":145,"column":17},"end":{"line":145,"column":71}},"type":"cond-expr","locations":[{"start":{"line":145,"column":42},"end":{"line":145,"column":55}},{"start":{"line":145,"column":58},"end":{"line":145,"column":71}}],"line":145},"12":{"loc":{"start":{"line":149,"column":8},"end":{"line":191,"column":9}},"type":"if","locations":[{"start":{"line":149,"column":8},"end":{"line":191,"column":9}},{"start":{"line":159,"column":15},"end":{"line":191,"column":9}}],"line":149},"13":{"loc":{"start":{"line":153,"column":14},"end":{"line":153,"column":53}},"type":"if","locations":[{"start":{"line":153,"column":14},"end":{"line":153,"column":53}},{"start":{},"end":{}}],"line":153},"14":{"loc":{"start":{"line":158,"column":25},"end":{"line":158,"column":37}},"type":"binary-expr","locations":[{"start":{"line":158,"column":25},"end":{"line":158,"column":31}},{"start":{"line":158,"column":35},"end":{"line":158,"column":37}}],"line":158},"15":{"loc":{"start":{"line":195,"column":41},"end":{"line":197,"column":14}},"type":"cond-expr","locations":[{"start":{"line":196,"column":10},"end":{"line":196,"column":47}},{"start":{"line":197,"column":10},"end":{"line":197,"column":14}}],"line":195},"16":{"loc":{"start":{"line":200,"column":6},"end":{"line":210,"column":7}},"type":"if","locations":[{"start":{"line":200,"column":6},"end":{"line":210,"column":7}},{"start":{},"end":{}}],"line":200},"17":{"loc":{"start":{"line":215,"column":10},"end":{"line":215,"column":55}},"type":"if","locations":[{"start":{"line":215,"column":10},"end":{"line":215,"column":55}},{"start":{},"end":{}}],"line":215},"18":{"loc":{"start":{"line":217,"column":17},"end":{"line":217,"column":89}},"type":"binary-expr","locations":[{"start":{"line":217,"column":17},"end":{"line":217,"column":70}},{"start":{"line":217,"column":74},"end":{"line":217,"column":89}}],"line":217},"19":{"loc":{"start":{"line":233,"column":36},"end":{"line":238,"column":24}},"type":"cond-expr","locations":[{"start":{"line":234,"column":10},"end":{"line":237,"column":12}},{"start":{"line":238,"column":10},"end":{"line":238,"column":24}}],"line":233},"20":{"loc":{"start":{"line":240,"column":6},"end":{"line":246,"column":7}},"type":"if","locations":[{"start":{"line":240,"column":6},"end":{"line":246,"column":7}},{"start":{},"end":{}}],"line":240},"21":{"loc":{"start":{"line":240,"column":10},"end":{"line":240,"column":94}},"type":"binary-expr","locations":[{"start":{"line":240,"column":10},"end":{"line":240,"column":36}},{"start":{"line":240,"column":40},"end":{"line":240,"column":94}}],"line":240},"22":{"loc":{"start":{"line":252,"column":6},"end":{"line":257,"column":7}},"type":"if","locations":[{"start":{"line":252,"column":6},"end":{"line":257,"column":7}},{"start":{},"end":{}}],"line":252},"23":{"loc":{"start":{"line":270,"column":45},"end":{"line":270,"column":102}},"type":"cond-expr","locations":[{"start":{"line":270,"column":70},"end":{"line":270,"column":75}},{"start":{"line":270,"column":78},"end":{"line":270,"column":102}}],"line":270},"24":{"loc":{"start":{"line":287,"column":4},"end":{"line":290,"column":5}},"type":"if","locations":[{"start":{"line":287,"column":4},"end":{"line":290,"column":5}},{"start":{},"end":{}}],"line":287},"25":{"loc":{"start":{"line":287,"column":8},"end":{"line":287,"column":52}},"type":"binary-expr","locations":[{"start":{"line":287,"column":8},"end":{"line":287,"column":19}},{"start":{"line":287,"column":23},"end":{"line":287,"column":52}}],"line":287},"26":{"loc":{"start":{"line":297,"column":4},"end":{"line":300,"column":5}},"type":"if","locations":[{"start":{"line":297,"column":4},"end":{"line":300,"column":5}},{"start":{},"end":{}}],"line":297},"27":{"loc":{"start":{"line":305,"column":4},"end":{"line":308,"column":5}},"type":"if","locations":[{"start":{"line":305,"column":4},"end":{"line":308,"column":5}},{"start":{},"end":{}}],"line":305},"28":{"loc":{"start":{"line":315,"column":4},"end":{"line":315,"column":34}},"type":"if","locations":[{"start":{"line":315,"column":4},"end":{"line":315,"column":34}},{"start":{},"end":{}}],"line":315},"29":{"loc":{"start":{"line":320,"column":4},"end":{"line":323,"column":5}},"type":"if","locations":[{"start":{"line":320,"column":4},"end":{"line":323,"column":5}},{"start":{},"end":{}}],"line":320},"30":{"loc":{"start":{"line":320,"column":8},"end":{"line":321,"column":87}},"type":"binary-expr","locations":[{"start":{"line":320,"column":8},"end":{"line":320,"column":87}},{"start":{"line":321,"column":8},"end":{"line":321,"column":87}}],"line":320},"31":{"loc":{"start":{"line":326,"column":4},"end":{"line":329,"column":5}},"type":"if","locations":[{"start":{"line":326,"column":4},"end":{"line":329,"column":5}},{"start":{},"end":{}}],"line":326},"32":{"loc":{"start":{"line":326,"column":8},"end":{"line":327,"column":87}},"type":"binary-expr","locations":[{"start":{"line":326,"column":8},"end":{"line":326,"column":87}},{"start":{"line":327,"column":8},"end":{"line":327,"column":87}}],"line":326},"33":{"loc":{"start":{"line":336,"column":4},"end":{"line":338,"column":5}},"type":"if","locations":[{"start":{"line":336,"column":4},"end":{"line":338,"column":5}},{"start":{},"end":{}}],"line":336},"34":{"loc":{"start":{"line":349,"column":6},"end":{"line":351,"column":7}},"type":"if","locations":[{"start":{"line":349,"column":6},"end":{"line":351,"column":7}},{"start":{},"end":{}}],"line":349},"35":{"loc":{"start":{"line":349,"column":10},"end":{"line":349,"column":85}},"type":"binary-expr","locations":[{"start":{"line":349,"column":10},"end":{"line":349,"column":32}},{"start":{"line":349,"column":36},"end":{"line":349,"column":85}}],"line":349},"36":{"loc":{"start":{"line":355,"column":8},"end":{"line":361,"column":56}},"type":"binary-expr","locations":[{"start":{"line":355,"column":8},"end":{"line":355,"column":50}},{"start":{"line":356,"column":8},"end":{"line":356,"column":55}},{"start":{"line":357,"column":8},"end":{"line":357,"column":54}},{"start":{"line":358,"column":8},"end":{"line":358,"column":51}},{"start":{"line":359,"column":8},"end":{"line":359,"column":43}},{"start":{"line":360,"column":8},"end":{"line":360,"column":57}},{"start":{"line":361,"column":8},"end":{"line":361,"column":56}}],"line":355},"37":{"loc":{"start":{"line":373,"column":36},"end":{"line":373,"column":71}},"type":"binary-expr","locations":[{"start":{"line":373,"column":36},"end":{"line":373,"column":47}},{"start":{"line":373,"column":51},"end":{"line":373,"column":71}}],"line":373},"38":{"loc":{"start":{"line":379,"column":30},"end":{"line":379,"column":63}},"type":"cond-expr","locations":[{"start":{"line":379,"column":44},"end":{"line":379,"column":58}},{"start":{"line":379,"column":61},"end":{"line":379,"column":63}}],"line":379},"39":{"loc":{"start":{"line":390,"column":13},"end":{"line":395,"column":13}},"type":"binary-expr","locations":[{"start":{"line":390,"column":13},"end":{"line":390,"column":24}},{"start":{"line":391,"column":14},"end":{"line":394,"column":21}}],"line":390},"40":{"loc":{"start":{"line":416,"column":11},"end":{"line":424,"column":11}},"type":"binary-expr","locations":[{"start":{"line":416,"column":11},"end":{"line":416,"column":24}},{"start":{"line":417,"column":12},"end":{"line":423,"column":19}}],"line":416},"41":{"loc":{"start":{"line":430,"column":2},"end":{"line":437,"column":3}},"type":"if","locations":[{"start":{"line":430,"column":2},"end":{"line":437,"column":3}},{"start":{},"end":{}}],"line":430},"42":{"loc":{"start":{"line":439,"column":2},"end":{"line":457,"column":3}},"type":"if","locations":[{"start":{"line":439,"column":2},"end":{"line":457,"column":3}},{"start":{},"end":{}}],"line":439},"43":{"loc":{"start":{"line":482,"column":11},"end":{"line":491,"column":11}},"type":"binary-expr","locations":[{"start":{"line":482,"column":11},"end":{"line":482,"column":33}},{"start":{"line":483,"column":12},"end":{"line":490,"column":31}}],"line":482},"44":{"loc":{"start":{"line":494,"column":9},"end":{"line":498,"column":9}},"type":"binary-expr","locations":[{"start":{"line":494,"column":9},"end":{"line":494,"column":31}},{"start":{"line":495,"column":10},"end":{"line":497,"column":17}}],"line":494},"45":{"loc":{"start":{"line":496,"column":39},"end":{"line":496,"column":91}},"type":"cond-expr","locations":[{"start":{"line":496,"column":71},"end":{"line":496,"column":79}},{"start":{"line":496,"column":82},"end":{"line":496,"column":91}}],"line":496},"46":{"loc":{"start":{"line":512,"column":10},"end":{"line":516,"column":18}},"type":"cond-expr","locations":[{"start":{"line":513,"column":12},"end":{"line":515,"column":19}},{"start":{"line":516,"column":14},"end":{"line":516,"column":18}}],"line":512},"47":{"loc":{"start":{"line":512,"column":10},"end":{"line":512,"column":44}},"type":"binary-expr","locations":[{"start":{"line":512,"column":10},"end":{"line":512,"column":21}},{"start":{"line":512,"column":25},"end":{"line":512,"column":44}}],"line":512},"48":{"loc":{"start":{"line":521,"column":20},"end":{"line":521,"column":69}},"type":"cond-expr","locations":[{"start":{"line":521,"column":34},"end":{"line":521,"column":50}},{"start":{"line":521,"column":53},"end":{"line":521,"column":69}}],"line":521},"49":{"loc":{"start":{"line":526,"column":15},"end":{"line":526,"column":82}},"type":"cond-expr","locations":[{"start":{"line":526,"column":29},"end":{"line":526,"column":60}},{"start":{"line":526,"column":63},"end":{"line":526,"column":82}}],"line":526},"50":{"loc":{"start":{"line":529,"column":15},"end":{"line":531,"column":52}},"type":"cond-expr","locations":[{"start":{"line":530,"column":18},"end":{"line":530,"column":47}},{"start":{"line":531,"column":18},"end":{"line":531,"column":52}}],"line":529},"51":{"loc":{"start":{"line":533,"column":13},"end":{"line":542,"column":13}},"type":"binary-expr","locations":[{"start":{"line":533,"column":13},"end":{"line":533,"column":24}},{"start":{"line":534,"column":14},"end":{"line":541,"column":33}}],"line":533}},"s":{"0":60,"1":60,"2":60,"3":60,"4":60,"5":60,"6":60,"7":60,"8":60,"9":60,"10":60,"11":26,"12":26,"13":26,"14":60,"15":0,"16":0,"17":60,"18":26,"19":26,"20":26,"21":0,"22":26,"23":26,"24":26,"25":25,"26":26,"27":26,"28":25,"29":25,"30":21,"31":20,"32":20,"33":20,"34":20,"35":4,"36":4,"37":4,"38":4,"39":4,"40":4,"41":4,"42":26,"43":26,"44":26,"45":25,"46":25,"47":1,"48":1,"49":1,"50":1,"51":1,"52":0,"53":1,"54":3,"55":1,"56":0,"57":0,"58":26,"59":26,"60":25,"61":49,"62":49,"63":25,"64":26,"65":52,"66":2,"67":50,"68":50,"69":52,"70":26,"71":26,"72":97,"73":200,"74":200,"75":200,"76":26,"77":75,"78":75,"79":26,"80":0,"81":26,"82":26,"83":26,"84":0,"85":26,"86":26,"87":26,"88":26,"89":26,"90":26,"91":0,"92":26,"93":60,"94":0,"95":0,"96":0,"97":0,"98":60,"99":0,"100":0,"101":0,"102":0,"103":0,"104":0,"105":0,"106":0,"107":0,"108":0,"109":0,"110":0,"111":0,"112":0,"113":0,"114":60,"115":85,"116":0,"117":85,"118":85,"119":34,"120":85,"121":33,"122":85,"123":60,"124":60,"125":53,"126":7,"127":7,"128":7,"129":21,"130":21,"131":0,"132":21,"133":60,"134":85,"135":85,"136":85,"137":1,"138":60,"139":26,"140":34,"141":2,"142":0,"143":32,"144":0,"145":111,"146":0,"147":1},"f":{"0":60,"1":26,"2":0,"3":0,"4":26,"5":25,"6":1,"7":3,"8":49,"9":52,"10":52,"11":97,"12":200,"13":75,"14":0,"15":0,"16":0,"17":85,"18":60,"19":21,"20":85,"21":1,"22":0,"23":0,"24":111,"25":0},"b":{"0":[26,0],"1":[0,0],"2":[0,0],"3":[25,1],"4":[25,0],"5":[25,25,25,25],"6":[25,1],"7":[20,1],"8":[4,0],"9":[4,0],"10":[4,0],"11":[1,0],"12":[1,0],"13":[0,1],"14":[1,0],"15":[25,1],"16":[25,1],"17":[2,50],"18":[50,50],"19":[25,1],"20":[0,26],"21":[26,25],"22":[0,26],"23":[0,0],"24":[0,0],"25":[0,0],"26":[0,0],"27":[0,0],"28":[0,85],"29":[34,51],"30":[85,51],"31":[33,52],"32":[85,52],"33":[53,7],"34":[0,21],"35":[21,21],"36":[21,16,14,12,11,11,11],"37":[85,34],"38":[34,51],"39":[85,34],"40":[85,0],"41":[26,34],"42":[2,32],"43":[32,7],"44":[32,7],"45":[2,5],"46":[0,32],"47":[32,0],"48":[7,25],"49":[7,25],"50":[7,25],"51":[32,7]},"_coverageSchema":"1a1c01bbd47fc00a2c39e90264f33305004495a9","hash":"30af1936759977b683491739ec16c0a5ee98764e"}
,"C:\\Proj\\cmn\\app\\(tabs)\\mentorship.tsx": {"path":"C:\\Proj\\cmn\\app\\(tabs)\\mentorship.tsx","statementMap":{"0":{"start":{"line":51,"column":17},"end":{"line":51,"column":28}},"1":{"start":{"line":52,"column":32},"end":{"line":52,"column":68}},"2":{"start":{"line":53,"column":32},"end":{"line":53,"column":68}},"3":{"start":{"line":54,"column":32},"end":{"line":54,"column":46}},"4":{"start":{"line":56,"column":26},"end":{"line":206,"column":8}},"5":{"start":{"line":57,"column":4},"end":{"line":205,"column":5}},"6":{"start":{"line":58,"column":6},"end":{"line":58,"column":23}},"7":{"start":{"line":59,"column":23},"end":{"line":59,"column":57}},"8":{"start":{"line":60,"column":6},"end":{"line":65,"column":7}},"9":{"start":{"line":61,"column":8},"end":{"line":61,"column":23}},"10":{"start":{"line":62,"column":8},"end":{"line":62,"column":23}},"11":{"start":{"line":63,"column":8},"end":{"line":63,"column":26}},"12":{"start":{"line":64,"column":8},"end":{"line":64,"column":15}},"13":{"start":{"line":67,"column":19},"end":{"line":71,"column":7}},"14":{"start":{"line":69,"column":45},"end":{"line":69,"column":163}},"15":{"start":{"line":73,"column":6},"end":{"line":78,"column":7}},"16":{"start":{"line":74,"column":8},"end":{"line":74,"column":23}},"17":{"start":{"line":75,"column":8},"end":{"line":75,"column":23}},"18":{"start":{"line":76,"column":8},"end":{"line":76,"column":26}},"19":{"start":{"line":77,"column":8},"end":{"line":77,"column":15}},"20":{"start":{"line":80,"column":24},"end":{"line":80,"column":34}},"21":{"start":{"line":82,"column":27},"end":{"line":82,"column":75}},"22":{"start":{"line":83,"column":6},"end":{"line":88,"column":7}},"23":{"start":{"line":84,"column":8},"end":{"line":84,"column":23}},"24":{"start":{"line":85,"column":8},"end":{"line":85,"column":23}},"25":{"start":{"line":86,"column":8},"end":{"line":86,"column":26}},"26":{"start":{"line":87,"column":8},"end":{"line":87,"column":15}},"27":{"start":{"line":90,"column":26},"end":{"line":97,"column":13}},"28":{"start":{"line":93,"column":10},"end":{"line":93,"column":49}},"29":{"start":{"line":93,"column":36},"end":{"line":93,"column":49}},"30":{"start":{"line":94,"column":10},"end":{"line":94,"column":73}},"31":{"start":{"line":94,"column":35},"end":{"line":94,"column":71}},"32":{"start":{"line":98,"column":31},"end":{"line":98,"column":81}},"33":{"start":{"line":98,"column":57},"end":{"line":98,"column":80}},"34":{"start":{"line":102,"column":29},"end":{"line":104,"column":7}},"35":{"start":{"line":103,"column":15},"end":{"line":103,"column":45}},"36":{"start":{"line":108,"column":29},"end":{"line":110,"column":7}},"37":{"start":{"line":109,"column":15},"end":{"line":109,"column":42}},"38":{"start":{"line":113,"column":50},"end":{"line":154,"column":7}},"39":{"start":{"line":116,"column":34},"end":{"line":116,"column":75}},"40":{"start":{"line":117,"column":46},"end":{"line":117,"column":50}},"41":{"start":{"line":119,"column":10},"end":{"line":129,"column":11}},"42":{"start":{"line":120,"column":32},"end":{"line":127,"column":19}},"43":{"start":{"line":123,"column":16},"end":{"line":123,"column":55}},"44":{"start":{"line":123,"column":42},"end":{"line":123,"column":55}},"45":{"start":{"line":124,"column":16},"end":{"line":124,"column":65}},"46":{"start":{"line":124,"column":39},"end":{"line":124,"column":63}},"47":{"start":{"line":128,"column":12},"end":{"line":128,"column":89}},"48":{"start":{"line":128,"column":52},"end":{"line":128,"column":79}},"49":{"start":{"line":132,"column":10},"end":{"line":142,"column":11}},"50":{"start":{"line":133,"column":35},"end":{"line":133,"column":67}},"51":{"start":{"line":134,"column":36},"end":{"line":134,"column":78}},"52":{"start":{"line":135,"column":12},"end":{"line":141,"column":13}},"53":{"start":{"line":136,"column":14},"end":{"line":140,"column":16}},"54":{"start":{"line":144,"column":10},"end":{"line":152,"column":12}},"55":{"start":{"line":156,"column":50},"end":{"line":197,"column":7}},"56":{"start":{"line":159,"column":34},"end":{"line":159,"column":75}},"57":{"start":{"line":160,"column":46},"end":{"line":160,"column":50}},"58":{"start":{"line":162,"column":10},"end":{"line":172,"column":11}},"59":{"start":{"line":163,"column":32},"end":{"line":170,"column":19}},"60":{"start":{"line":166,"column":16},"end":{"line":166,"column":55}},"61":{"start":{"line":166,"column":42},"end":{"line":166,"column":55}},"62":{"start":{"line":167,"column":16},"end":{"line":167,"column":65}},"63":{"start":{"line":167,"column":39},"end":{"line":167,"column":63}},"64":{"start":{"line":171,"column":12},"end":{"line":171,"column":92}},"65":{"start":{"line":171,"column":52},"end":{"line":171,"column":82}},"66":{"start":{"line":175,"column":10},"end":{"line":185,"column":11}},"67":{"start":{"line":176,"column":35},"end":{"line":176,"column":70}},"68":{"start":{"line":177,"column":36},"end":{"line":177,"column":78}},"69":{"start":{"line":178,"column":12},"end":{"line":184,"column":13}},"70":{"start":{"line":179,"column":14},"end":{"line":183,"column":16}},"71":{"start":{"line":187,"column":10},"end":{"line":195,"column":12}},"72":{"start":{"line":199,"column":6},"end":{"line":199,"column":30}},"73":{"start":{"line":200,"column":6},"end":{"line":200,"column":30}},"74":{"start":{"line":202,"column":6},"end":{"line":202,"column":107}},"75":{"start":{"line":204,"column":6},"end":{"line":204,"column":24}},"76":{"start":{"line":208,"column":2},"end":{"line":211,"column":9}},"77":{"start":{"line":209,"column":4},"end":{"line":209,"column":22}},"78":{"start":{"line":213,"column":2},"end":{"line":218,"column":4}},"79":{"start":{"line":215,"column":6},"end":{"line":215,"column":24}},"80":{"start":{"line":220,"column":2},"end":{"line":227,"column":3}},"81":{"start":{"line":221,"column":4},"end":{"line":226,"column":6}},"82":{"start":{"line":229,"column":2},"end":{"line":418,"column":4}},"83":{"start":{"line":245,"column":14},"end":{"line":320,"column":21}},"84":{"start":{"line":248,"column":20},"end":{"line":251,"column":23}},"85":{"start":{"line":282,"column":39},"end":{"line":282,"column":73}},"86":{"start":{"line":283,"column":42},"end":{"line":283,"column":79}},"87":{"start":{"line":284,"column":22},"end":{"line":296,"column":23}},"88":{"start":{"line":285,"column":37},"end":{"line":285,"column":57}},"89":{"start":{"line":286,"column":40},"end":{"line":286,"column":63}},"90":{"start":{"line":287,"column":47},"end":{"line":287,"column":95}},"91":{"start":{"line":288,"column":24},"end":{"line":295,"column":27}},"92":{"start":{"line":306,"column":22},"end":{"line":312,"column":25}},"93":{"start":{"line":337,"column":14},"end":{"line":412,"column":21}},"94":{"start":{"line":340,"column":20},"end":{"line":343,"column":23}},"95":{"start":{"line":374,"column":39},"end":{"line":374,"column":73}},"96":{"start":{"line":375,"column":42},"end":{"line":375,"column":79}},"97":{"start":{"line":376,"column":22},"end":{"line":388,"column":23}},"98":{"start":{"line":377,"column":37},"end":{"line":377,"column":57}},"99":{"start":{"line":378,"column":40},"end":{"line":378,"column":63}},"100":{"start":{"line":379,"column":47},"end":{"line":379,"column":95}},"101":{"start":{"line":380,"column":24},"end":{"line":387,"column":27}},"102":{"start":{"line":398,"column":22},"end":{"line":404,"column":25}},"103":{"start":{"line":421,"column":15},"end":{"line":549,"column":2}}},"fnMap":{"0":{"name":"MentorshipScreen","decl":{"start":{"line":50,"column":24},"end":{"line":50,"column":40}},"loc":{"start":{"line":50,"column":43},"end":{"line":419,"column":1}},"line":50},"1":{"name":"(anonymous_1)","decl":{"start":{"line":56,"column":38},"end":{"line":56,"column":39}},"loc":{"start":{"line":56,"column":50},"end":{"line":206,"column":3}},"line":56},"2":{"name":"(anonymous_2)","decl":{"start":{"line":69,"column":8},"end":{"line":69,"column":9}},"loc":{"start":{"line":69,"column":45},"end":{"line":69,"column":163}},"line":69},"3":{"name":"(anonymous_3)","decl":{"start":{"line":92,"column":8},"end":{"line":92,"column":9}},"loc":{"start":{"line":92,"column":47},"end":{"line":95,"column":9}},"line":92},"4":{"name":"(anonymous_4)","decl":{"start":{"line":94,"column":28},"end":{"line":94,"column":29}},"loc":{"start":{"line":94,"column":35},"end":{"line":94,"column":71}},"line":94},"5":{"name":"(anonymous_5)","decl":{"start":{"line":98,"column":50},"end":{"line":98,"column":51}},"loc":{"start":{"line":98,"column":57},"end":{"line":98,"column":80}},"line":98},"6":{"name":"(anonymous_6)","decl":{"start":{"line":103,"column":8},"end":{"line":103,"column":9}},"loc":{"start":{"line":103,"column":15},"end":{"line":103,"column":45}},"line":103},"7":{"name":"(anonymous_7)","decl":{"start":{"line":109,"column":8},"end":{"line":109,"column":9}},"loc":{"start":{"line":109,"column":15},"end":{"line":109,"column":42}},"line":109},"8":{"name":"(anonymous_8)","decl":{"start":{"line":114,"column":27},"end":{"line":114,"column":28}},"loc":{"start":{"line":114,"column":42},"end":{"line":153,"column":9}},"line":114},"9":{"name":"(anonymous_9)","decl":{"start":{"line":122,"column":14},"end":{"line":122,"column":15}},"loc":{"start":{"line":122,"column":43},"end":{"line":125,"column":15}},"line":122},"10":{"name":"(anonymous_10)","decl":{"start":{"line":124,"column":34},"end":{"line":124,"column":35}},"loc":{"start":{"line":124,"column":39},"end":{"line":124,"column":63}},"line":124},"11":{"name":"(anonymous_11)","decl":{"start":{"line":128,"column":45},"end":{"line":128,"column":46}},"loc":{"start":{"line":128,"column":52},"end":{"line":128,"column":79}},"line":128},"12":{"name":"(anonymous_12)","decl":{"start":{"line":157,"column":27},"end":{"line":157,"column":28}},"loc":{"start":{"line":157,"column":42},"end":{"line":196,"column":9}},"line":157},"13":{"name":"(anonymous_13)","decl":{"start":{"line":165,"column":14},"end":{"line":165,"column":15}},"loc":{"start":{"line":165,"column":43},"end":{"line":168,"column":15}},"line":165},"14":{"name":"(anonymous_14)","decl":{"start":{"line":167,"column":34},"end":{"line":167,"column":35}},"loc":{"start":{"line":167,"column":39},"end":{"line":167,"column":63}},"line":167},"15":{"name":"(anonymous_15)","decl":{"start":{"line":171,"column":45},"end":{"line":171,"column":46}},"loc":{"start":{"line":171,"column":52},"end":{"line":171,"column":82}},"line":171},"16":{"name":"(anonymous_16)","decl":{"start":{"line":208,"column":12},"end":{"line":208,"column":13}},"loc":{"start":{"line":208,"column":18},"end":{"line":211,"column":3}},"line":208},"17":{"name":"(anonymous_17)","decl":{"start":{"line":214,"column":16},"end":{"line":214,"column":17}},"loc":{"start":{"line":214,"column":22},"end":{"line":217,"column":5}},"line":214},"18":{"name":"(anonymous_18)","decl":{"start":{"line":244,"column":24},"end":{"line":244,"column":25}},"loc":{"start":{"line":245,"column":14},"end":{"line":320,"column":21}},"line":245},"19":{"name":"(anonymous_19)","decl":{"start":{"line":247,"column":27},"end":{"line":247,"column":28}},"loc":{"start":{"line":247,"column":33},"end":{"line":252,"column":19}},"line":247},"20":{"name":"(anonymous_20)","decl":{"start":{"line":281,"column":29},"end":{"line":281,"column":30}},"loc":{"start":{"line":281,"column":41},"end":{"line":297,"column":21}},"line":281},"21":{"name":"(anonymous_21)","decl":{"start":{"line":305,"column":29},"end":{"line":305,"column":30}},"loc":{"start":{"line":305,"column":35},"end":{"line":313,"column":21}},"line":305},"22":{"name":"(anonymous_22)","decl":{"start":{"line":336,"column":24},"end":{"line":336,"column":25}},"loc":{"start":{"line":337,"column":14},"end":{"line":412,"column":21}},"line":337},"23":{"name":"(anonymous_23)","decl":{"start":{"line":339,"column":27},"end":{"line":339,"column":28}},"loc":{"start":{"line":339,"column":33},"end":{"line":344,"column":19}},"line":339},"24":{"name":"(anonymous_24)","decl":{"start":{"line":373,"column":29},"end":{"line":373,"column":30}},"loc":{"start":{"line":373,"column":41},"end":{"line":389,"column":21}},"line":373},"25":{"name":"(anonymous_25)","decl":{"start":{"line":397,"column":29},"end":{"line":397,"column":30}},"loc":{"start":{"line":397,"column":35},"end":{"line":405,"column":21}},"line":397}},"branchMap":{"0":{"loc":{"start":{"line":60,"column":6},"end":{"line":65,"column":7}},"type":"if","locations":[{"start":{"line":60,"column":6},"end":{"line":65,"column":7}},{"start":{},"end":{}}],"line":60},"1":{"loc":{"start":{"line":69,"column":45},"end":{"line":69,"column":163}},"type":"binary-expr","locations":[{"start":{"line":69,"column":45},"end":{"line":69,"column":69}},{"start":{"line":69,"column":73},"end":{"line":69,"column":86}},{"start":{"line":69,"column":90},"end":{"line":69,"column":105}},{"start":{"line":69,"column":109},"end":{"line":69,"column":163}}],"line":69},"2":{"loc":{"start":{"line":73,"column":6},"end":{"line":78,"column":7}},"type":"if","locations":[{"start":{"line":73,"column":6},"end":{"line":78,"column":7}},{"start":{},"end":{}}],"line":73},"3":{"loc":{"start":{"line":83,"column":6},"end":{"line":88,"column":7}},"type":"if","locations":[{"start":{"line":83,"column":6},"end":{"line":88,"column":7}},{"start":{},"end":{}}],"line":83},"4":{"loc":{"start":{"line":90,"column":26},"end":{"line":97,"column":13}},"type":"binary-expr","locations":[{"start":{"line":90,"column":26},"end":{"line":97,"column":7}},{"start":{"line":97,"column":11},"end":{"line":97,"column":13}}],"line":90},"5":{"loc":{"start":{"line":93,"column":10},"end":{"line":93,"column":49}},"type":"if","locations":[{"start":{"line":93,"column":10},"end":{"line":93,"column":49}},{"start":{},"end":{}}],"line":93},"6":{"loc":{"start":{"line":119,"column":10},"end":{"line":129,"column":11}},"type":"if","locations":[{"start":{"line":119,"column":10},"end":{"line":129,"column":11}},{"start":{},"end":{}}],"line":119},"7":{"loc":{"start":{"line":120,"column":32},"end":{"line":127,"column":19}},"type":"binary-expr","locations":[{"start":{"line":120,"column":32},"end":{"line":127,"column":13}},{"start":{"line":127,"column":17},"end":{"line":127,"column":19}}],"line":120},"8":{"loc":{"start":{"line":123,"column":16},"end":{"line":123,"column":55}},"type":"if","locations":[{"start":{"line":123,"column":16},"end":{"line":123,"column":55}},{"start":{},"end":{}}],"line":123},"9":{"loc":{"start":{"line":128,"column":28},"end":{"line":128,"column":88}},"type":"binary-expr","locations":[{"start":{"line":128,"column":28},"end":{"line":128,"column":80}},{"start":{"line":128,"column":84},"end":{"line":128,"column":88}}],"line":128},"10":{"loc":{"start":{"line":132,"column":10},"end":{"line":142,"column":11}},"type":"if","locations":[{"start":{"line":132,"column":10},"end":{"line":142,"column":11}},{"start":{},"end":{}}],"line":132},"11":{"loc":{"start":{"line":135,"column":12},"end":{"line":141,"column":13}},"type":"if","locations":[{"start":{"line":135,"column":12},"end":{"line":141,"column":13}},{"start":{},"end":{}}],"line":135},"12":{"loc":{"start":{"line":151,"column":25},"end":{"line":151,"column":57}},"type":"binary-expr","locations":[{"start":{"line":151,"column":25},"end":{"line":151,"column":40}},{"start":{"line":151,"column":44},"end":{"line":151,"column":57}}],"line":151},"13":{"loc":{"start":{"line":162,"column":10},"end":{"line":172,"column":11}},"type":"if","locations":[{"start":{"line":162,"column":10},"end":{"line":172,"column":11}},{"start":{},"end":{}}],"line":162},"14":{"loc":{"start":{"line":163,"column":32},"end":{"line":170,"column":19}},"type":"binary-expr","locations":[{"start":{"line":163,"column":32},"end":{"line":170,"column":13}},{"start":{"line":170,"column":17},"end":{"line":170,"column":19}}],"line":163},"15":{"loc":{"start":{"line":166,"column":16},"end":{"line":166,"column":55}},"type":"if","locations":[{"start":{"line":166,"column":16},"end":{"line":166,"column":55}},{"start":{},"end":{}}],"line":166},"16":{"loc":{"start":{"line":171,"column":28},"end":{"line":171,"column":91}},"type":"binary-expr","locations":[{"start":{"line":171,"column":28},"end":{"line":171,"column":83}},{"start":{"line":171,"column":87},"end":{"line":171,"column":91}}],"line":171},"17":{"loc":{"start":{"line":175,"column":10},"end":{"line":185,"column":11}},"type":"if","locations":[{"start":{"line":175,"column":10},"end":{"line":185,"column":11}},{"start":{},"end":{}}],"line":175},"18":{"loc":{"start":{"line":178,"column":12},"end":{"line":184,"column":13}},"type":"if","locations":[{"start":{"line":178,"column":12},"end":{"line":184,"column":13}},{"start":{},"end":{}}],"line":178},"19":{"loc":{"start":{"line":194,"column":25},"end":{"line":194,"column":57}},"type":"binary-expr","locations":[{"start":{"line":194,"column":25},"end":{"line":194,"column":40}},{"start":{"line":194,"column":44},"end":{"line":194,"column":57}}],"line":194},"20":{"loc":{"start":{"line":202,"column":48},"end":{"line":202,"column":105}},"type":"cond-expr","locations":[{"start":{"line":202,"column":73},"end":{"line":202,"column":78}},{"start":{"line":202,"column":81},"end":{"line":202,"column":105}}],"line":202},"21":{"loc":{"start":{"line":220,"column":2},"end":{"line":227,"column":3}},"type":"if","locations":[{"start":{"line":220,"column":2},"end":{"line":227,"column":3}},{"start":{},"end":{}}],"line":220},"22":{"loc":{"start":{"line":235,"column":11},"end":{"line":322,"column":11}},"type":"cond-expr","locations":[{"start":{"line":236,"column":12},"end":{"line":242,"column":19}},{"start":{"line":244,"column":12},"end":{"line":321,"column":14}}],"line":235},"23":{"loc":{"start":{"line":264,"column":23},"end":{"line":268,"column":23}},"type":"binary-expr","locations":[{"start":{"line":264,"column":23},"end":{"line":264,"column":39}},{"start":{"line":265,"column":24},"end":{"line":267,"column":31}}],"line":264},"24":{"loc":{"start":{"line":269,"column":23},"end":{"line":273,"column":23}},"type":"binary-expr","locations":[{"start":{"line":269,"column":23},"end":{"line":269,"column":42}},{"start":{"line":270,"column":24},"end":{"line":272,"column":31}}],"line":269},"25":{"loc":{"start":{"line":284,"column":22},"end":{"line":296,"column":23}},"type":"if","locations":[{"start":{"line":284,"column":22},"end":{"line":296,"column":23}},{"start":{},"end":{}}],"line":284},"26":{"loc":{"start":{"line":284,"column":26},"end":{"line":284,"column":49}},"type":"binary-expr","locations":[{"start":{"line":284,"column":26},"end":{"line":284,"column":34}},{"start":{"line":284,"column":38},"end":{"line":284,"column":49}}],"line":284},"27":{"loc":{"start":{"line":327,"column":11},"end":{"line":414,"column":11}},"type":"cond-expr","locations":[{"start":{"line":328,"column":12},"end":{"line":334,"column":19}},{"start":{"line":336,"column":12},"end":{"line":413,"column":14}}],"line":327},"28":{"loc":{"start":{"line":356,"column":23},"end":{"line":360,"column":23}},"type":"binary-expr","locations":[{"start":{"line":356,"column":23},"end":{"line":356,"column":38}},{"start":{"line":357,"column":24},"end":{"line":359,"column":31}}],"line":356},"29":{"loc":{"start":{"line":361,"column":23},"end":{"line":365,"column":23}},"type":"binary-expr","locations":[{"start":{"line":361,"column":23},"end":{"line":361,"column":34}},{"start":{"line":362,"column":24},"end":{"line":364,"column":31}}],"line":361},"30":{"loc":{"start":{"line":376,"column":22},"end":{"line":388,"column":23}},"type":"if","locations":[{"start":{"line":376,"column":22},"end":{"line":388,"column":23}},{"start":{},"end":{}}],"line":376},"31":{"loc":{"start":{"line":376,"column":26},"end":{"line":376,"column":49}},"type":"binary-expr","locations":[{"start":{"line":376,"column":26},"end":{"line":376,"column":34}},{"start":{"line":376,"column":38},"end":{"line":376,"column":49}}],"line":376}},"s":{"0":28,"1":28,"2":28,"3":28,"4":28,"5":14,"6":14,"7":14,"8":14,"9":1,"10":1,"11":1,"12":1,"13":13,"14":13,"15":13,"16":0,"17":0,"18":0,"19":0,"20":13,"21":13,"22":13,"23":3,"24":3,"25":3,"26":3,"27":10,"28":10,"29":0,"30":10,"31":14,"32":10,"33":14,"34":10,"35":12,"36":10,"37":12,"38":10,"39":8,"40":8,"41":8,"42":8,"43":8,"44":0,"45":8,"46":3,"47":8,"48":3,"49":8,"50":5,"51":5,"52":5,"53":0,"54":8,"55":10,"56":4,"57":4,"58":4,"59":4,"60":4,"61":0,"62":4,"63":2,"64":4,"65":2,"66":4,"67":2,"68":2,"69":2,"70":0,"71":4,"72":10,"73":10,"74":0,"75":14,"76":28,"77":14,"78":28,"79":0,"80":28,"81":14,"82":14,"83":8,"84":1,"85":0,"86":0,"87":0,"88":0,"89":0,"90":0,"91":0,"92":0,"93":4,"94":1,"95":0,"96":0,"97":0,"98":0,"99":0,"100":0,"101":0,"102":0,"103":1},"f":{"0":28,"1":14,"2":13,"3":10,"4":14,"5":14,"6":12,"7":12,"8":8,"9":8,"10":3,"11":3,"12":4,"13":4,"14":2,"15":2,"16":14,"17":0,"18":8,"19":1,"20":0,"21":0,"22":4,"23":1,"24":0,"25":0},"b":{"0":[1,13],"1":[13,13,13,13],"2":[0,13],"3":[3,10],"4":[10,0],"5":[0,10],"6":[8,0],"7":[8,0],"8":[0,8],"9":[8,5],"10":[5,3],"11":[0,5],"12":[8,0],"13":[4,0],"14":[4,0],"15":[0,4],"16":[4,2],"17":[2,2],"18":[0,2],"19":[4,0],"20":[0,0],"21":[14,14],"22":[7,7],"23":[8,3],"24":[8,1],"25":[0,0],"26":[0,0],"27":[11,3],"28":[4,2],"29":[4,4],"30":[0,0],"31":[0,0]},"_coverageSchema":"1a1c01bbd47fc00a2c39e90264f33305004495a9","hash":"5cf549da6f39f0824324163362aaf6c6564057a9"}
[...]
art":{"line":25,"column":22},"end":{"line":25,"column":33}},"loc":{"start":{"line":25,"column":53},"end":{"line":46,"column":1}},"line":25},"1":{"name":"(anonymous_1)","decl":{"start":{"line":34,"column":6},"end":{"line":34,"column":7}},"loc":{"start":{"line":34,"column":32},"end":{"line":37,"column":7}},"line":34},"2":{"name":"(anonymous_2)","decl":{"start":{"line":36,"column":26},"end":{"line":36,"column":27}},"loc":{"start":{"line":36,"column":34},"end":{"line":36,"column":58}},"line":36},"3":{"name":"getUserByEmail","decl":{"start":{"line":51,"column":22},"end":{"line":51,"column":36}},"loc":{"start":{"line":51,"column":74},"end":{"line":54,"column":1}},"line":51},"4":{"name":"(anonymous_4)","decl":{"start":{"line":53,"column":20},"end":{"line":53,"column":21}},"loc":{"start":{"line":53,"column":25},"end":{"line":53,"column":42}},"line":53},"5":{"name":"createUser","decl":{"start":{"line":59,"column":22},"end":{"line":59,"column":32}},"loc":{"start":{"line":59,"column":81},"end":{"line":83,"column":1}},"line":59},"6":{"name":"authenticateUser","decl":{"start":{"line":88,"column":22},"end":{"line":88,"column":38}},"loc":{"start":{"line":88,"column":94},"end":{"line":113,"column":1}},"line":88},"7":{"name":"setCurrentUser","decl":{"start":{"line":118,"column":22},"end":{"line":118,"column":36}},"loc":{"start":{"line":118,"column":67},"end":{"line":121,"column":1}},"line":118},"8":{"name":"getCurrentUserEmail","decl":{"start":{"line":126,"column":22},"end":{"line":126,"column":41}},"loc":{"start":{"line":126,"column":68},"end":{"line":128,"column":1}},"line":126},"9":{"name":"getCurrentUser","decl":{"start":{"line":133,"column":22},"end":{"line":133,"column":36}},"loc":{"start":{"line":133,"column":61},"end":{"line":139,"column":1}},"line":133},"10":{"name":"clearCurrentUser","decl":{"start":{"line":144,"column":22},"end":{"line":144,"column":38}},"loc":{"start":{"line":144,"column":56},"end":{"line":147,"column":1}},"line":144},"11":{"name":"updateUserPassword","decl":{"start":{"line":152,"column":22},"end":{"line":152,"column":40}},"loc":{"start":{"line":152,"column":92},"end":{"line":165,"column":1}},"line":152},"12":{"name":"(anonymous_12)","decl":{"start":{"line":154,"column":36},"end":{"line":154,"column":37}},"loc":{"start":{"line":154,"column":41},"end":{"line":154,"column":58}},"line":154}},"branchMap":{"0":{"loc":{"start":{"line":28,"column":4},"end":{"line":30,"column":5}},"type":"if","locations":[{"start":{"line":28,"column":4},"end":{"line":30,"column":5}},{"start":{},"end":{}}],"line":28},"1":{"loc":{"start":{"line":35,"column":8},"end":{"line":35,"column":47}},"type":"if","locations":[{"start":{"line":35,"column":8},"end":{"line":35,"column":47}},{"start":{},"end":{}}],"line":35},"2":{"loc":{"start":{"line":41,"column":11},"end":{"line":41,"column":22}},"type":"binary-expr","locations":[{"start":{"line":41,"column":11},"end":{"line":41,"column":16}},{"start":{"line":41,"column":20},"end":{"line":41,"column":22}}],"line":41},"3":{"loc":{"start":{"line":43,"column":44},"end":{"line":43,"column":101}},"type":"cond-expr","locations":[{"start":{"line":43,"column":69},"end":{"line":43,"column":74}},{"start":{"line":43,"column":77},"end":{"line":43,"column":101}}],"line":43},"4":{"loc":{"start":{"line":53,"column":9},"end":{"line":53,"column":51}},"type":"binary-expr","locations":[{"start":{"line":53,"column":9},"end":{"line":53,"column":43}},{"start":{"line":53,"column":47},"end":{"line":53,"column":51}}],"line":53},"5":{"loc":{"start":{"line":62,"column":2},"end":{"line":64,"column":3}},"type":"if","locations":[{"start":{"line":62,"column":2},"end":{"line":64,"column":3}},{"start":{},"end":{}}],"line":62},"6":{"loc":{"start":{"line":90,"column":2},"end":{"line":92,"column":3}},"type":"if","locations":[{"start":{"line":90,"column":2},"end":{"line":92,"column":3}},{"start":{},"end":{}}],"line":90},"7":{"loc":{"start":{"line":95,"column":2},"end":{"line":97,"column":3}},"type":"if","locations":[{"start":{"line":95,"column":2},"end":{"line":97,"column":3}},{"start":{},"end":{}}],"line":95},"8":{"loc":{"start":{"line":100,"column":2},"end":{"line":110,"column":3}},"type":"if","locations":[{"start":{"line":100,"column":2},"end":{"line":110,"column":3}},{"start":{},"end":{}}],"line":100},"9":{"loc":{"start":{"line":107,"column":15},"end":{"line":107,"column":69}},"type":"cond-expr","locations":[{"start":{"line":107,"column":40},"end":{"line":107,"column":53}},{"start":{"line":107,"column":56},"end":{"line":107,"column":69}}],"line":107},"10":{"loc":{"start":{"line":135,"column":2},"end":{"line":137,"column":3}},"type":"if","locations":[{"start":{"line":135,"column":2},"end":{"line":137,"column":3}},{"start":{},"end":{}}],"line":135},"11":{"loc":{"start":{"line":156,"column":2},"end":{"line":158,"column":3}},"type":"if","locations":[{"start":{"line":156,"column":2},"end":{"line":158,"column":3}},{"start":{},"end":{}}],"line":156}},"s":{"0":4,"1":4,"2":31,"3":31,"4":30,"5":16,"6":14,"7":14,"8":0,"9":14,"10":20,"11":14,"12":1,"13":1,"14":21,"15":21,"16":14,"17":10,"18":10,"19":0,"20":10,"21":10,"22":10,"23":10,"24":10,"25":8,"26":8,"27":11,"28":11,"29":3,"30":8,"31":8,"32":1,"33":7,"34":0,"35":0,"36":0,"37":0,"38":7,"39":15,"40":15,"41":0,"42":0,"43":0,"44":0,"45":0,"46":0,"47":0,"48":0,"49":0,"50":0,"51":0,"52":0,"53":0,"54":0,"55":0,"56":0},"f":{"0":31,"1":14,"2":20,"3":21,"4":14,"5":10,"6":11,"7":15,"8":0,"9":0,"10":0,"11":0,"12":0},"b":{"0":[16,14],"1":[0,14],"2":[14,0],"3":[1,0],"4":[21,13],"5":[0,10],"6":[3,8],"7":[1,7],"8":[0,7],"9":[0,0],"10":[0,0],"11":[0,0]},"_coverageSchema":"1a1c01bbd47fc00a2c39e90264f33305004495a9","hash":"dba665fc18af15df37f2c889b153e281ffe4cd4f"}
,"C:\\Proj\\cmn\\utils\\validation.ts": {"path":"C:\\Proj\\cmn\\utils\\validation.ts","statementMap":{"0":{"start":{"line":25,"column":2},"end":{"line":27,"column":3}},"1":{"start":{"line":26,"column":4},"end":{"line":26,"column":67}},"2":{"start":{"line":28,"column":2},"end":{"line":30,"column":3}},"3":{"start":{"line":29,"column":4},"end":{"line":29,"column":67}},"4":{"start":{"line":33,"column":2},"end":{"line":35,"column":3}},"5":{"start":{"line":34,"column":4},"end":{"line":34,"column":72}},"6":{"start":{"line":36,"column":2},"end":{"line":38,"column":3}},"7":{"start":{"line":37,"column":4},"end":{"line":37,"column":72}},"8":{"start":{"line":41,"column":2},"end":{"line":43,"column":3}},"9":{"start":{"line":42,"column":4},"end":{"line":42,"column":71}},"10":{"start":{"line":44,"column":2},"end":{"line":46,"column":3}},"11":{"start":{"line":45,"column":4},"end":{"line":45,"column":71}},"12":{"start":{"line":49,"column":28},"end":{"line":49,"column":55}},"13":{"start":{"line":50,"column":2},"end":{"line":52,"column":3}},"14":{"start":{"line":51,"column":4},"end":{"line":51,"column":77}},"15":{"start":{"line":53,"column":2},"end":{"line":55,"column":3}},"16":{"start":{"line":54,"column":4},"end":{"line":54,"column":69}},"17":{"start":{"line":58,"column":27},"end":{"line":58,"column":53}},"18":{"start":{"line":59,"column":2},"end":{"line":61,"column":3}},"19":{"start":{"line":60,"column":4},"end":{"line":60,"column":76}},"20":{"start":{"line":62,"column":2},"end":{"line":64,"column":3}},"21":{"start":{"line":63,"column":4},"end":{"line":63,"column":69}},"22":{"start":{"line":67,"column":2},"end":{"line":69,"column":3}},"23":{"start":{"line":68,"column":4},"end":{"line":68,"column":68}},"24":{"start":{"line":70,"column":2},"end":{"line":72,"column":3}},"25":{"start":{"line":71,"column":4},"end":{"line":71,"column":67}},"26":{"start":{"line":75,"column":2},"end":{"line":77,"column":3}},"27":{"start":{"line":76,"column":4},"end":{"line":76,"column":68}},"28":{"start":{"line":78,"column":2},"end":{"line":80,"column":3}},"29":{"start":{"line":79,"column":4},"end":{"line":79,"column":67}},"30":{"start":{"line":82,"column":2},"end":{"line":82,"column":27}},"31":{"start":{"line":90,"column":2},"end":{"line":92,"column":3}},"32":{"start":{"line":91,"column":4},"end":{"line":91,"column":68}},"33":{"start":{"line":94,"column":23},"end":{"line":94,"column":49}},"34":{"start":{"line":97,"column":2},"end":{"line":99,"column":3}},"35":{"start":{"line":98,"column":4},"end":{"line":98,"column":67}},"36":{"start":{"line":102,"column":16},"end":{"line":102,"column":39}},"37":{"start":{"line":103,"column":2},"end":{"line":105,"column":3}},"38":{"start":{"line":104,"column":4},"end":{"line":104,"column":67}},"39":{"start":{"line":107,"column":34},"end":{"line":107,"column":39}},"40":{"start":{"line":110,"column":2},"end":{"line":112,"column":3}},"41":{"start":{"line":111,"column":4},"end":{"line":111,"column":67}},"42":{"start":{"line":115,"column":2},"end":{"line":117,"column":3}},"43":{"start":{"line":116,"column":4},"end":{"line":116,"column":67}},"44":{"start":{"line":120,"column":22},"end":{"line":120,"column":43}},"45":{"start":{"line":121,"column":2},"end":{"line":123,"column":3}},"46":{"start":{"line":122,"column":4},"end":{"line":122,"column":67}},"47":{"start":{"line":126,"column":14},"end":{"line":126,"column":49}},"48":{"start":{"line":127,"column":2},"end":{"line":129,"column":3}},"49":{"start":{"line":128,"column":4},"end":{"line":128,"column":67}},"50":{"start":{"line":133,"column":29},"end":{"line":133,"column":167}},"51":{"start":{"line":135,"column":2},"end":{"line":137,"column":3}},"52":{"start":{"line":136,"column":4},"end":{"line":136,"column":67}},"53":{"start":{"line":140,"column":2},"end":{"line":143,"column":3}},"54":{"start":{"line":142,"column":4},"end":{"line":142,"column":67}},"55":{"start":{"line":146,"column":2},"end":{"line":148,"column":3}},"56":{"start":{"line":147,"column":4},"end":{"line":147,"column":67}},"57":{"start":{"line":150,"column":2},"end":{"line":150,"column":27}},"58":{"start":{"line":157,"column":2},"end":{"line":159,"column":3}},"59":{"start":{"line":158,"column":4},"end":{"line":158,"column":69}},"60":{"start":{"line":160,"column":2},"end":{"line":162,"column":3}},"61":{"start":{"line":161,"column":4},"end":{"line":161,"column":72}},"62":{"start":{"line":163,"column":2},"end":{"line":165,"column":3}},"63":{"start":{"line":164,"column":4},"end":{"line":164,"column":71}},"64":{"start":{"line":166,"column":2},"end":{"line":166,"column":27}},"65":{"start":{"line":174,"column":2},"end":{"line":174,"column":43}}},"fnMap":{"0":{"name":"validateProfile","decl":{"start":{"line":23,"column":16},"end":{"line":23,"column":31}},"loc":{"start":{"line":23,"column":79},"end":{"line":83,"column":1}},"line":23},"1":{"name":"validateEmail","decl":{"start":{"line":89,"column":16},"end":{"line":89,"column":29}},"loc":{"start":{"line":89,"column":63},"end":{"line":151,"column":1}},"line":89},"2":{"name":"validatePassword","decl":{"start":{"line":156,"column":16},"end":{"line":156,"column":32}},"loc":{"start":{"line":156,"column":95},"end":{"line":167,"column":1}},"line":156},"3":{"name":"sanitizeInput","decl":{"start":{"line":173,"column":16},"end":{"line":173,"column":29}},"loc":{"start":{"line":173,"column":53},"end":{"line":175,"column":1}},"line":173}},"branchMap":{"0":{"loc":{"start":{"line":25,"column":2},"end":{"line":27,"column":3}},"type":"if","locations":[{"start":{"line":25,"column":2},"end":{"line":27,"column":3}},{"start":{},"end":{}}],"line":25},"1":{"loc":{"start":{"line":28,"column":2},"end":{"line":30,"column":3}},"type":"if","locations":[{"start":{"line":28,"column":2},"end":{"line":30,"column":3}},{"start":{},"end":{}}],"line":28},"2":{"loc":{"start":{"line":33,"column":2},"end":{"line":35,"column":3}},"type":"if","locations":[{"start":{"line":33,"column":2},"end":{"line":35,"column":3}},{"start":{},"end":{}}],"line":33},"3":{"loc":{"start":{"line":36,"column":2},"end":{"line":38,"column":3}},"type":"if","locations":[{"start":{"line":36,"column":2},"end":{"line":38,"column":3}},{"start":{},"end":{}}],"line":36},"4":{"loc":{"start":{"line":41,"column":2},"end":{"line":43,"column":3}},"type":"if","locations":[{"start":{"line":41,"column":2},"end":{"line":43,"column":3}},{"start":{},"end":{}}],"line":41},"5":{"loc":{"start":{"line":44,"column":2},"end":{"line":46,"column":3}},"type":"if","locations":[{"start":{"line":44,"column":2},"end":{"line":46,"column":3}},{"start":{},"end":{}}],"line":44},"6":{"loc":{"start":{"line":50,"column":2},"end":{"line":52,"column":3}},"type":"if","locations":[{"start":{"line":50,"column":2},"end":{"line":52,"column":3}},{"start":{},"end":{}}],"line":50},"7":{"loc":{"start":{"line":50,"column":6},"end":{"line":50,"column":79}},"type":"binary-expr","locations":[{"start":{"line":50,"column":6},"end":{"line":50,"column":26}},{"start":{"line":50,"column":30},"end":{"line":50,"column":54}},{"start":{"line":50,"column":58},"end":{"line":50,"column":79}}],"line":50},"8":{"loc":{"start":{"line":53,"column":2},"end":{"line":55,"column":3}},"type":"if","locations":[{"start":{"line":53,"column":2},"end":{"line":55,"column":3}},{"start":{},"end":{}}],"line":53},"9":{"loc":{"start":{"line":59,"column":2},"end":{"line":61,"column":3}},"type":"if","locations":[{"start":{"line":59,"column":2},"end":{"line":61,"column":3}},{"start":{},"end":{}}],"line":59},"10":{"loc":{"start":{"line":59,"column":6},"end":{"line":59,"column":76}},"type":"binary-expr","locations":[{"start":{"line":59,"column":6},"end":{"line":59,"column":25}},{"start":{"line":59,"column":29},"end":{"line":59,"column":52}},{"start":{"line":59,"column":56},"end":{"line":59,"column":76}}],"line":59},"11":{"loc":{"start":{"line":62,"column":2},"end":{"line":64,"column":3}},"type":"if","locations":[{"start":{"line":62,"column":2},"end":{"line":64,"column":3}},{"start":{},"end":{}}],"line":62},"12":{"loc":{"start":{"line":67,"column":2},"end":{"line":69,"column":3}},"type":"if","locations":[{"start":{"line":67,"column":2},"end":{"line":69,"column":3}},{"start":{},"end":{}}],"line":67},"13":{"loc":{"start":{"line":70,"column":2},"end":{"line":72,"column":3}},"type":"if","locations":[{"start":{"line":70,"column":2},"end":{"line":72,"column":3}},{"start":{},"end":{}}],"line":70},"14":{"loc":{"start":{"line":75,"column":2},"end":{"line":77,"column":3}},"type":"if","locations":[{"start":{"line":75,"column":2},"end":{"line":77,"column":3}},{"start":{},"end":{}}],"line":75},"15":{"loc":{"start":{"line":78,"column":2},"end":{"line":80,"column":3}},"type":"if","locations":[{"start":{"line":78,"column":2},"end":{"line":80,"column":3}},{"start":{},"end":{}}],"line":78},"16":{"loc":{"start":{"line":90,"column":2},"end":{"line":92,"column":3}},"type":"if","locations":[{"start":{"line":90,"column":2},"end":{"line":92,"column":3}},{"start":{},"end":{}}],"line":90},"17":{"loc":{"start":{"line":97,"column":2},"end":{"line":99,"column":3}},"type":"if","locations":[{"start":{"line":97,"column":2},"end":{"line":99,"column":3}},{"start":{},"end":{}}],"line":97},"18":{"loc":{"start":{"line":97,"column":6},"end":{"line":97,"column":64}},"type":"binary-expr","locations":[{"start":{"line":97,"column":6},"end":{"line":97,"column":33}},{"start":{"line":97,"column":37},"end":{"line":97,"column":64}}],"line":97},"19":{"loc":{"start":{"line":103,"column":2},"end":{"line":105,"column":3}},"type":"if","locations":[{"start":{"line":103,"column":2},"end":{"line":105,"column":3}},{"start":{},"end":{}}],"line":103},"20":{"loc":{"start":{"line":110,"column":2},"end":{"line":112,"column":3}},"type":"if","locations":[{"start":{"line":110,"column":2},"end":{"line":112,"column":3}},{"start":{},"end":{}}],"line":110},"21":{"loc":{"start":{"line":110,"column":6},"end":{"line":110,"column":53}},"type":"binary-expr","locations":[{"start":{"line":110,"column":6},"end":{"line":110,"column":28}},{"start":{"line":110,"column":32},"end":{"line":110,"column":53}}],"line":110},"22":{"loc":{"start":{"line":115,"column":2},"end":{"line":117,"column":3}},"type":"if","locations":[{"start":{"line":115,"column":2},"end":{"line":117,"column":3}},{"start":{},"end":{}}],"line":115},"23":{"loc":{"start":{"line":115,"column":6},"end":{"line":115,"column":56}},"type":"binary-expr","locations":[{"start":{"line":115,"column":6},"end":{"line":115,"column":29}},{"start":{"line":115,"column":33},"end":{"line":115,"column":56}}],"line":115},"24":{"loc":{"start":{"line":121,"column":2},"end":{"line":123,"column":3}},"type":"if","locations":[{"start":{"line":121,"column":2},"end":{"line":123,"column":3}},{"start":{},"end":{}}],"line":121},"25":{"loc":{"start":{"line":127,"column":2},"end":{"line":129,"column":3}},"type":"if","locations":[{"start":{"line":127,"column":2},"end":{"line":129,"column":3}},{"start":{},"end":{}}],"line":127},"26":{"loc":{"start":{"line":127,"column":6},"end":{"line":127,"column":46}},"type":"binary-expr","locations":[{"start":{"line":127,"column":6},"end":{"line":127,"column":20}},{"start":{"line":127,"column":24},"end":{"line":127,"column":46}}],"line":127},"27":{"loc":{"start":{"line":135,"column":2},"end":{"line":137,"column":3}},"type":"if","locations":[{"start":{"line":135,"column":2},"end":{"line":137,"column":3}},{"start":{},"end":{}}],"line":135},"28":{"loc":{"start":{"line":140,"column":2},"end":{"line":143,"column":3}},"type":"if","locations":[{"start":{"line":140,"column":2},"end":{"line":143,"column":3}},{"start":{},"end":{}}],"line":140},"29":{"loc":{"start":{"line":140,"column":6},"end":{"line":141,"column":62}},"type":"binary-expr","locations":[{"start":{"line":140,"column":6},"end":{"line":140,"column":34}},{"start":{"line":140,"column":38},"end":{"line":140,"column":66}},{"start":{"line":141,"column":6},"end":{"line":141,"column":32}},{"start":{"line":141,"column":36},"end":{"line":141,"column":62}}],"line":140},"30":{"loc":{"start":{"line":146,"column":2},"end":{"line":148,"column":3}},"type":"if","locations":[{"start":{"line":146,"column":2},"end":{"line":148,"column":3}},{"start":{},"end":{}}],"line":146},"31":{"loc":{"start":{"line":146,"column":6},"end":{"line":146,"column":62}},"type":"binary-expr","locations":[{"start":{"line":146,"column":6},"end":{"line":146,"column":33}},{"start":{"line":146,"column":37},"end":{"line":146,"column":62}}],"line":146},"32":{"loc":{"start":{"line":157,"column":2},"end":{"line":159,"column":3}},"type":"if","locations":[{"start":{"line":157,"column":2},"end":{"line":159,"column":3}},{"start":{},"end":{}}],"line":157},"33":{"loc":{"start":{"line":160,"column":2},"end":{"line":162,"column":3}},"type":"if","locations":[{"start":{"line":160,"column":2},"end":{"line":162,"column":3}},{"start":{},"end":{}}],"line":160},"34":{"loc":{"start":{"line":163,"column":2},"end":{"line":165,"column":3}},"type":"if","locations":[{"start":{"line":163,"column":2},"end":{"line":165,"column":3}},{"start":{},"end":{}}],"line":163},"35":{"loc":{"start":{"line":163,"column":6},"end":{"line":163,"column":67}},"type":"binary-expr","locations":[{"start":{"line":163,"column":6},"end":{"line":163,"column":35}},{"start":{"line":163,"column":39},"end":{"line":163,"column":67}}],"line":163}},"s":{"0":50,"1":4,"2":46,"3":1,"4":45,"5":3,"6":42,"7":1,"8":41,"9":2,"10":39,"11":1,"12":38,"13":38,"14":4,"15":34,"16":1,"17":33,"18":33,"19":3,"20":30,"21":0,"22":30,"23":1,"24":29,"25":1,"26":28,"27":2,"28":26,"29":1,"30":25,"31":23,"32":1,"33":22,"34":22,"35":5,"36":17,"37":17,"38":0,"39":17,"40":17,"41":1,"42":16,"43":0,"44":16,"45":16,"46":0,"47":16,"48":16,"49":1,"50":15,"51":15,"52":2,"53":13,"54":0,"55":13,"56":0,"57":13,"58":24,"59":1,"60":23,"61":5,"62":18,"63":2,"64":16,"65":0},"f":{"0":50,"1":23,"2":24,"3":0},"b":{"0":[4,46],"1":[1,45],"2":[3,42],"3":[1,41],"4":[2,39],"5":[1,38],"6":[4,34],"7":[38,36,35],"8":[1,33],"9":[3,30],"10":[33,32,31],"11":[0,30],"12":[1,29],"13":[1,28],"14":[2,26],"15":[1,25],"16":[1,22],"17":[5,17],"18":[22,19],"19":[0,17],"20":[1,16],"21":[17,16],"22":[0,16],"23":[16,16],"24":[0,16],"25":[1,15],"26":[16,15],"27":[2,13],"28":[0,13],"29":[13,13,13,13],"30":[0,13],"31":[13,13],"32":[1,23],"33":[5,18],"34":[2,16],"35":[18,12]},"_coverageSchema":"1a1c01bbd47fc00a2c39e90264f33305004495a9","hash":"cd9bae59a7b479c9ad0736cd116019d8112c353f"}
}
