TN:
SF:app\index.tsx
FN:25,WelcomeScreen
FN:29,(anonymous_1)
FN:42,(anonymous_2)
FN:46,(anonymous_3)
FN:55,(anonymous_4)
FN:56,(anonymous_5)
FN:91,(anonymous_6)
FN:100,(anonymous_7)
FNF:8
FNH:0
FNDA:0,WelcomeScreen
FNDA:0,(anonymous_1)
FNDA:0,(anonymous_2)
FNDA:0,(anonymous_3)
FNDA:0,(anonymous_4)
FNDA:0,(anonymous_5)
FNDA:0,(anonymous_6)
FNDA:0,(anonymous_7)
DA:26,0
DA:27,0
DA:29,0
DA:30,0
DA:31,0
DA:33,0
DA:34,0
DA:35,0
DA:37,0
DA:42,0
DA:43,0
DA:46,0
DA:47,0
DA:54,0
DA:56,0
DA:57,0
DA:59,0
DA:60,0
DA:62,0
DA:63,0
DA:64,0
DA:67,0
DA:68,0
DA:70,0
DA:71,0
DA:74,0
DA:77,0
DA:81,0
DA:91,0
DA:100,0
DA:112,0
LF:31
LH:0
BRDA:30,0,0,0
BRDA:30,0,1,0
BRDA:38,1,0,0
BRDA:38,1,1,0
BRDA:43,2,0,0
BRDA:43,2,1,0
BRDA:47,3,0,0
BRDA:47,3,1,0
BRDA:60,4,0,0
BRDA:60,4,1,0
BRDA:68,5,0,0
BRDA:68,5,1,0
BRDA:74,6,0,0
BRDA:74,6,1,0
BRF:14
BRH:0
end_of_record
TN:
SF:app\login.tsx
FN:41,LoginScreen
FN:47,(anonymous_1)
FN:49,(anonymous_2)
FN:54,(anonymous_3)
FN:202,(anonymous_4)
FN:294,(anonymous_5)
FNF:6
FNH:5
FNDA:73,LoginScreen
FNDA:17,(anonymous_1)
FNDA:0,(anonymous_2)
FNDA:15,(anonymous_3)
FNDA:11,(anonymous_4)
FNDA:1,(anonymous_5)
DA:42,73
DA:43,73
DA:44,73
DA:45,73
DA:47,73
DA:49,17
DA:50,0
DA:54,73
DA:55,15
DA:56,1
DA:57,1
DA:60,14
DA:62,14
DA:64,14
DA:67,14
DA:68,0
DA:73,0
DA:74,0
DA:78,14
DA:79,14
DA:81,3
DA:82,3
DA:83,3
DA:86,3
DA:89,3
DA:92,3
DA:100,0
DA:101,0
DA:102,0
DA:105,0
DA:108,0
DA:110,0
DA:117,0
DA:122,3
DA:123,3
DA:126,3
DA:127,3
DA:128,3
DA:132,11
DA:135,11
DA:138,11
DA:141,7
DA:144,7
DA:151,7
DA:154,7
DA:155,1
DA:156,1
DA:157,0
DA:162,0
DA:163,0
DA:165,0
DA:166,0
DA:167,0
DA:169,0
DA:170,0
DA:171,0
DA:172,0
DA:174,0
DA:176,0
DA:182,0
DA:185,0
DA:189,0
DA:195,7
DA:197,6
DA:200,6
DA:201,6
DA:202,11
DA:203,6
DA:204,5
DA:205,5
DA:206,5
DA:209,6
DA:210,6
DA:212,1
DA:213,1
DA:217,4
DA:220,4
DA:221,4
DA:223,4
DA:224,4
DA:230,0
DA:233,14
DA:237,73
DA:294,1
DA:308,1
LF:85
LH:58
BRDA:50,0,0,0
BRDA:50,0,1,0
BRDA:55,1,0,1
BRDA:55,1,1,14
BRDA:55,2,0,15
BRDA:55,2,1,14
BRDA:67,3,0,0
BRDA:67,3,1,14
BRDA:79,4,0,3
BRDA:79,4,1,11
BRDA:79,5,0,14
BRDA:79,5,1,4
BRDA:101,6,0,0
BRDA:101,6,1,0
BRDA:122,7,0,3
BRDA:122,7,1,0
BRDA:154,8,0,1
BRDA:154,8,1,6
BRDA:156,9,0,0
BRDA:156,9,1,1
BRDA:162,10,0,0
BRDA:162,10,1,0
BRDA:162,11,0,0
BRDA:162,11,1,0
BRDA:170,12,0,0
BRDA:170,12,1,0
BRDA:170,13,0,0
BRDA:170,13,1,0
BRDA:187,14,0,0
BRDA:187,14,1,0
BRDA:195,15,0,6
BRDA:195,15,1,1
BRDA:201,16,0,6
BRDA:201,16,1,0
BRDA:203,17,0,5
BRDA:203,17,1,1
BRDA:223,18,0,4
BRDA:223,18,1,0
BRDA:226,19,0,4
BRDA:226,19,1,0
BRDA:239,20,0,73
BRDA:239,20,1,0
BRDA:280,21,0,73
BRDA:280,21,1,14
BRDA:288,22,0,14
BRDA:288,22,1,59
BRF:46
BRH:25
end_of_record
TN:
SF:app\signup.tsx
FN:38,SignupScreen
FN:46,(anonymous_1)
FN:133,(anonymous_2)
FN:203,(anonymous_3)
FNF:4
FNH:4
FNDA:83,SignupScreen
FNDA:15,(anonymous_1)
FNDA:16,(anonymous_2)
FNDA:1,(anonymous_3)
DA:39,83
DA:40,83
DA:41,83
DA:42,83
DA:43,83
DA:44,83
DA:46,83
DA:47,15
DA:48,3
DA:49,3
DA:53,12
DA:54,12
DA:55,12
DA:56,1
DA:57,1
DA:61,11
DA:62,11
DA:63,2
DA:64,2
DA:68,9
DA:69,9
DA:70,1
DA:71,1
DA:74,8
DA:76,8
DA:78,8
DA:81,8
DA:82,8
DA:83,1
DA:84,1
DA:85,1
DA:89,7
DA:92,5
DA:95,5
DA:98,5
DA:105,5
DA:107,2
DA:108,2
DA:110,8
DA:114,83
DA:133,16
DA:203,1
DA:217,1
LF:43
LH:43
BRDA:47,0,0,3
BRDA:47,0,1,12
BRDA:47,1,0,15
BRDA:47,1,1,13
BRDA:47,1,2,12
BRDA:55,2,0,1
BRDA:55,2,1,11
BRDA:62,3,0,2
BRDA:62,3,1,9
BRDA:63,4,0,2
BRDA:63,4,1,0
BRDA:69,5,0,1
BRDA:69,5,1,8
BRDA:70,6,0,1
BRDA:70,6,1,0
BRDA:82,7,0,1
BRDA:82,7,1,7
BRDA:107,8,0,2
BRDA:107,8,1,0
BRDA:108,9,0,0
BRDA:108,9,1,2
BRDA:116,10,0,83
BRDA:116,10,1,0
BRDA:189,11,0,83
BRDA:189,11,1,1
BRDA:197,12,0,1
BRDA:197,12,1,82
BRF:27
BRH:22
end_of_record
TN:
SF:app\(tabs)\_layout.tsx
FN:17,TabsLayout
FN:37,(anonymous_1)
FN:47,(anonymous_2)
FN:56,(anonymous_3)
FN:65,(anonymous_4)
FN:74,(anonymous_5)
FNF:6
FNH:0
FNDA:0,TabsLayout
FNDA:0,(anonymous_1)
FNDA:0,(anonymous_2)
FNDA:0,(anonymous_3)
FNDA:0,(anonymous_4)
FNDA:0,(anonymous_5)
DA:18,0
DA:38,0
DA:48,0
DA:57,0
DA:66,0
DA:75,0
LF:6
LH:0
BRF:0
BRH:0
end_of_record
TN:
SF:app\(tabs)\home.tsx
FN:51,HomeScreen
FN:63,(anonymous_1)
FN:72,(anonymous_2)
FN:73,(anonymous_3)
FN:79,(anonymous_4)
FN:98,(anonymous_5)
FN:152,(anonymous_6)
FN:154,(anonymous_7)
FN:201,(anonymous_8)
FN:214,(anonymous_9)
FN:219,(anonymous_10)
FN:224,(anonymous_11)
FN:225,(anonymous_12)
FN:234,(anonymous_13)
FN:276,(anonymous_14)
FN:286,(anonymous_15)
FN:306,(anonymous_16)
FN:314,(anonymous_17)
FN:335,(anonymous_18)
FN:346,(anonymous_19)
FN:367,(anonymous_20)
FN:374,(anonymous_21)
FN:448,(anonymous_22)
FN:484,(anonymous_23)
FN:504,(anonymous_24)
FN:536,(anonymous_25)
FNF:26
FNH:18
FNDA:60,HomeScreen
FNDA:26,(anonymous_1)
FNDA:0,(anonymous_2)
FNDA:0,(anonymous_3)
FNDA:26,(anonymous_4)
FNDA:25,(anonymous_5)
FNDA:1,(anonymous_6)
FNDA:3,(anonymous_7)
FNDA:49,(anonymous_8)
FNDA:52,(anonymous_9)
FNDA:52,(anonymous_10)
FNDA:97,(anonymous_11)
FNDA:200,(anonymous_12)
FNDA:75,(anonymous_13)
FNDA:0,(anonymous_14)
FNDA:0,(anonymous_15)
FNDA:0,(anonymous_16)
FNDA:85,(anonymous_17)
FNDA:60,(anonymous_18)
FNDA:21,(anonymous_19)
FNDA:85,(anonymous_20)
FNDA:1,(anonymous_21)
FNDA:0,(anonymous_22)
FNDA:0,(anonymous_23)
FNDA:111,(anonymous_24)
FNDA:0,(anonymous_25)
DA:52,60
DA:53,60
DA:54,60
DA:55,60
DA:56,60
DA:57,60
DA:58,60
DA:59,60
DA:60,60
DA:61,60
DA:63,60
DA:64,26
DA:65,26
DA:66,26
DA:71,60
DA:73,0
DA:74,0
DA:79,60
DA:80,26
DA:82,26
DA:83,26
DA:85,0
DA:91,26
DA:94,26
DA:95,26
DA:98,25
DA:104,26
DA:105,26
DA:106,25
DA:107,25
DA:108,21
DA:109,20
DA:110,20
DA:112,20
DA:113,20
DA:116,4
DA:121,4
DA:122,4
DA:123,4
DA:128,4
DA:129,4
DA:130,4
DA:137,26
DA:138,26
DA:139,26
DA:141,25
DA:142,25
DA:144,1
DA:148,1
DA:149,1
DA:150,1
DA:153,1
DA:154,3
DA:158,1
DA:161,0
DA:190,0
DA:195,26
DA:200,26
DA:201,25
DA:202,49
DA:203,49
DA:205,25
DA:213,26
DA:215,52
DA:216,50
DA:217,50
DA:219,52
DA:222,26
DA:223,26
DA:225,97
DA:226,200
DA:227,200
DA:228,200
DA:233,26
DA:235,75
DA:236,75
DA:240,26
DA:241,0
DA:249,26
DA:250,26
DA:252,26
DA:253,0
DA:260,26
DA:262,26
DA:265,26
DA:266,26
DA:267,26
DA:268,26
DA:270,0
DA:272,26
DA:276,60
DA:277,0
DA:278,0
DA:279,0
DA:280,0
DA:286,60
DA:287,0
DA:289,0
DA:292,0
DA:293,0
DA:294,0
DA:295,0
DA:297,0
DA:299,0
DA:302,0
DA:303,0
DA:305,0
DA:306,0
DA:307,0
DA:310,0
DA:314,60
DA:315,85
DA:317,85
DA:320,85
DA:322,34
DA:326,85
DA:328,33
DA:331,85
DA:335,60
DA:336,60
DA:337,53
DA:340,7
DA:342,7
DA:346,7
DA:348,21
DA:349,21
DA:350,0
DA:354,21
DA:367,60
DA:368,85
DA:369,85
DA:371,85
DA:374,1
DA:430,60
DA:431,26
DA:439,34
DA:440,2
DA:448,0
DA:459,32
DA:484,0
DA:504,111
DA:536,0
DA:550,1
LF:143
LH:113
BRDA:64,0,0,26
BRDA:64,0,1,0
BRDA:74,1,0,0
BRDA:74,1,1,0
BRDA:86,2,0,0
BRDA:86,2,1,0
BRDA:95,3,0,25
BRDA:95,3,1,1
BRDA:96,4,0,25
BRDA:96,4,1,0
BRDA:98,5,0,25
BRDA:98,5,1,25
BRDA:98,5,2,25
BRDA:98,5,3,25
BRDA:105,6,0,25
BRDA:105,6,1,1
BRDA:108,7,0,20
BRDA:108,7,1,1
BRDA:118,8,0,4
BRDA:118,8,1,0
BRDA:122,9,0,4
BRDA:122,9,1,0
BRDA:128,10,0,4
BRDA:128,10,1,0
BRDA:145,11,0,1
BRDA:145,11,1,0
BRDA:149,12,0,1
BRDA:149,12,1,0
BRDA:153,13,0,0
BRDA:153,13,1,1
BRDA:158,14,0,1
BRDA:158,14,1,0
BRDA:195,15,0,25
BRDA:195,15,1,1
BRDA:200,16,0,25
BRDA:200,16,1,1
BRDA:215,17,0,2
BRDA:215,17,1,50
BRDA:217,18,0,50
BRDA:217,18,1,50
BRDA:233,19,0,25
BRDA:233,19,1,1
BRDA:240,20,0,0
BRDA:240,20,1,26
BRDA:240,21,0,26
BRDA:240,21,1,25
BRDA:252,22,0,0
BRDA:252,22,1,26
BRDA:270,23,0,0
BRDA:270,23,1,0
BRDA:287,24,0,0
BRDA:287,24,1,0
BRDA:287,25,0,0
BRDA:287,25,1,0
BRDA:297,26,0,0
BRDA:297,26,1,0
BRDA:305,27,0,0
BRDA:305,27,1,0
BRDA:315,28,0,0
BRDA:315,28,1,85
BRDA:320,29,0,34
BRDA:320,29,1,51
BRDA:320,30,0,85
BRDA:320,30,1,51
BRDA:326,31,0,33
BRDA:326,31,1,52
BRDA:326,32,0,85
BRDA:326,32,1,52
BRDA:336,33,0,53
BRDA:336,33,1,7
BRDA:349,34,0,0
BRDA:349,34,1,21
BRDA:349,35,0,21
BRDA:349,35,1,21
BRDA:355,36,0,21
BRDA:355,36,1,16
BRDA:355,36,2,14
BRDA:355,36,3,12
BRDA:355,36,4,11
BRDA:355,36,5,11
BRDA:355,36,6,11
BRDA:373,37,0,85
BRDA:373,37,1,34
BRDA:379,38,0,34
BRDA:379,38,1,51
BRDA:390,39,0,85
BRDA:390,39,1,34
BRDA:416,40,0,85
BRDA:416,40,1,0
BRDA:430,41,0,26
BRDA:430,41,1,34
BRDA:439,42,0,2
BRDA:439,42,1,32
BRDA:482,43,0,32
BRDA:482,43,1,7
BRDA:494,44,0,32
BRDA:494,44,1,7
BRDA:496,45,0,2
BRDA:496,45,1,5
BRDA:512,46,0,0
BRDA:512,46,1,32
BRDA:512,47,0,32
BRDA:512,47,1,0
BRDA:521,48,0,7
BRDA:521,48,1,25
BRDA:526,49,0,7
BRDA:526,49,1,25
BRDA:529,50,0,7
BRDA:529,50,1,25
BRDA:533,51,0,32
BRDA:533,51,1,7
BRF:111
BRH:81
end_of_record
TN:
SF:app\(tabs)\mentorship.tsx
FN:50,MentorshipScreen
FN:56,(anonymous_1)
FN:69,(anonymous_2)
FN:92,(anonymous_3)
FN:94,(anonymous_4)
FN:98,(anonymous_5)
FN:103,(anonymous_6)
FN:109,(anonymous_7)
FN:114,(anonymous_8)
FN:122,(anonymous_9)
FN:124,(anonymous_10)
FN:128,(anonymous_11)
FN:157,(anonymous_12)
FN:165,(anonymous_13)
FN:167,(anonymous_14)
FN:171,(anonymous_15)
FN:208,(anonymous_16)
FN:214,(anonymous_17)
FN:244,(anonymous_18)
FN:247,(anonymous_19)
FN:281,(anonymous_20)
FN:305,(anonymous_21)
FN:336,(anonymous_22)
FN:339,(anonymous_23)
FN:373,(anonymous_24)
FN:397,(anonymous_25)
FNF:26
FNH:21
FNDA:28,MentorshipScreen
FNDA:14,(anonymous_1)
FNDA:13,(anonymous_2)
FNDA:10,(anonymous_3)
FNDA:14,(anonymous_4)
FNDA:14,(anonymous_5)
FNDA:12,(anonymous_6)
FNDA:12,(anonymous_7)
FNDA:8,(anonymous_8)
FNDA:8,(anonymous_9)
FNDA:3,(anonymous_10)
FNDA:3,(anonymous_11)
FNDA:4,(anonymous_12)
FNDA:4,(anonymous_13)
FNDA:2,(anonymous_14)
FNDA:2,(anonymous_15)
FNDA:14,(anonymous_16)
FNDA:0,(anonymous_17)
FNDA:8,(anonymous_18)
FNDA:1,(anonymous_19)
FNDA:0,(anonymous_20)
FNDA:0,(anonymous_21)
FNDA:4,(anonymous_22)
FNDA:1,(anonymous_23)
FNDA:0,(anonymous_24)
FNDA:0,(anonymous_25)
DA:51,28
DA:52,28
DA:53,28
DA:54,28
DA:56,28
DA:57,14
DA:58,14
DA:59,14
DA:60,14
DA:61,1
DA:62,1
DA:63,1
DA:64,1
DA:67,13
DA:69,13
DA:73,13
DA:74,0
DA:75,0
DA:76,0
DA:77,0
DA:80,13
DA:82,13
DA:83,13
DA:84,3
DA:85,3
DA:86,3
DA:87,3
DA:90,10
DA:93,10
DA:94,14
DA:98,14
DA:102,10
DA:103,12
DA:108,10
DA:109,12
DA:113,10
DA:116,8
DA:117,8
DA:119,8
DA:120,8
DA:123,8
DA:124,8
DA:128,8
DA:132,8
DA:133,5
DA:134,5
DA:135,5
DA:136,0
DA:144,8
DA:156,10
DA:159,4
DA:160,4
DA:162,4
DA:163,4
DA:166,4
DA:167,4
DA:171,4
DA:175,4
DA:176,2
DA:177,2
DA:178,2
DA:179,0
DA:187,4
DA:199,10
DA:200,10
DA:202,0
DA:204,14
DA:208,28
DA:209,14
DA:213,28
DA:215,0
DA:220,28
DA:221,14
DA:229,14
DA:245,8
DA:248,1
DA:282,0
DA:283,0
DA:284,0
DA:285,0
DA:286,0
DA:287,0
DA:288,0
DA:306,0
DA:337,4
DA:340,1
DA:374,0
DA:375,0
DA:376,0
DA:377,0
DA:378,0
DA:379,0
DA:380,0
DA:398,0
DA:421,1
LF:95
LH:71
BRDA:60,0,0,1
BRDA:60,0,1,13
BRDA:69,1,0,13
BRDA:69,1,1,13
BRDA:69,1,2,13
BRDA:69,1,3,13
BRDA:73,2,0,0
BRDA:73,2,1,13
BRDA:83,3,0,3
BRDA:83,3,1,10
BRDA:90,4,0,10
BRDA:90,4,1,0
BRDA:93,5,0,0
BRDA:93,5,1,10
BRDA:119,6,0,8
BRDA:119,6,1,0
BRDA:120,7,0,8
BRDA:120,7,1,0
BRDA:123,8,0,0
BRDA:123,8,1,8
BRDA:128,9,0,8
BRDA:128,9,1,5
BRDA:132,10,0,5
BRDA:132,10,1,3
BRDA:135,11,0,0
BRDA:135,11,1,5
BRDA:151,12,0,8
BRDA:151,12,1,0
BRDA:162,13,0,4
BRDA:162,13,1,0
BRDA:163,14,0,4
BRDA:163,14,1,0
BRDA:166,15,0,0
BRDA:166,15,1,4
BRDA:171,16,0,4
BRDA:171,16,1,2
BRDA:175,17,0,2
BRDA:175,17,1,2
BRDA:178,18,0,0
BRDA:178,18,1,2
BRDA:194,19,0,4
BRDA:194,19,1,0
BRDA:202,20,0,0
BRDA:202,20,1,0
BRDA:220,21,0,14
BRDA:220,21,1,14
BRDA:235,22,0,7
BRDA:235,22,1,7
BRDA:264,23,0,8
BRDA:264,23,1,3
BRDA:269,24,0,8
BRDA:269,24,1,1
BRDA:284,25,0,0
BRDA:284,25,1,0
BRDA:284,26,0,0
BRDA:284,26,1,0
BRDA:327,27,0,11
BRDA:327,27,1,3
BRDA:356,28,0,4
BRDA:356,28,1,2
BRDA:361,29,0,4
BRDA:361,29,1,4
BRDA:376,30,0,0
BRDA:376,30,1,0
BRDA:376,31,0,0
BRDA:376,31,1,0
BRF:66
BRH:43
end_of_record
TN:
SF:app\(tabs)\messages.tsx
FN:24,MessagesScreen
FN:31,(anonymous_1)
FN:54,(anonymous_2)
FN:59,(anonymous_3)
FN:64,(anonymous_4)
FN:69,(anonymous_5)
FN:70,(anonymous_6)
FN:77,(anonymous_7)
FN:95,(anonymous_8)
FN:102,(anonymous_9)
FN:179,(anonymous_10)
FNF:11
FNH:9
FNDA:22,MessagesScreen
FNDA:16,(anonymous_1)
FNDA:16,(anonymous_2)
FNDA:0,(anonymous_3)
FNDA:0,(anonymous_4)
FNDA:3,(anonymous_5)
FNDA:6,(anonymous_6)
FNDA:3,(anonymous_7)
FNDA:3,(anonymous_8)
FNDA:1,(anonymous_9)
FNDA:6,(anonymous_10)
DA:25,22
DA:26,22
DA:27,22
DA:28,22
DA:29,22
DA:31,22
DA:32,16
DA:33,16
DA:34,16
DA:35,6
DA:36,6
DA:39,10
DA:40,10
DA:42,10
DA:43,10
DA:45,10
DA:47,0
DA:49,16
DA:50,16
DA:54,22
DA:55,16
DA:58,22
DA:60,0
DA:64,22
DA:65,0
DA:66,0
DA:69,22
DA:70,6
DA:71,3
DA:77,22
DA:78,3
DA:80,3
DA:81,3
DA:82,3
DA:83,3
DA:84,3
DA:85,3
DA:87,3
DA:88,1
DA:89,0
DA:90,0
DA:92,0
DA:95,22
DA:96,3
DA:97,3
DA:99,3
DA:102,1
DA:148,22
DA:149,8
DA:161,14
DA:179,6
DA:190,1
LF:52
LH:45
BRDA:34,0,0,6
BRDA:34,0,1,10
BRDA:72,1,0,3
BRDA:72,1,1,0
BRDA:73,2,0,3
BRDA:73,2,1,0
BRDA:78,3,0,0
BRDA:78,3,1,3
BRDA:87,4,0,2
BRDA:87,4,1,1
BRDA:88,5,0,1
BRDA:88,5,1,0
BRDA:89,6,0,0
BRDA:89,6,1,0
BRDA:90,7,0,0
BRDA:90,7,1,0
BRDA:97,8,0,3
BRDA:97,8,1,2
BRDA:131,9,0,3
BRDA:131,9,1,1
BRDA:135,10,0,3
BRDA:135,10,1,0
BRDA:137,11,0,3
BRDA:137,11,1,1
BRDA:148,12,0,8
BRDA:148,12,1,14
BRDA:167,13,0,8
BRDA:167,13,1,6
BRF:28
BRH:19
end_of_record
TN:
SF:app\(tabs)\profile.tsx
FN:41,ProfileScreen
FN:48,(anonymous_1)
FN:50,(anonymous_2)
FN:55,(anonymous_3)
FN:60,(anonymous_4)
FN:94,(anonymous_5)
FN:98,(anonymous_6)
FN:102,(anonymous_7)
FN:106,(anonymous_8)
FN:115,(anonymous_9)
FNF:10
FNH:0
FNDA:0,ProfileScreen
FNDA:0,(anonymous_1)
FNDA:0,(anonymous_2)
FNDA:0,(anonymous_3)
FNDA:0,(anonymous_4)
FNDA:0,(anonymous_5)
FNDA:0,(anonymous_6)
FNDA:0,(anonymous_7)
FNDA:0,(anonymous_8)
FNDA:0,(anonymous_9)
DA:42,0
DA:43,0
DA:44,0
DA:45,0
DA:46,0
DA:48,0
DA:49,0
DA:50,0
DA:51,0
DA:55,0
DA:57,0
DA:58,0
DA:60,0
DA:61,0
DA:62,0
DA:63,0
DA:65,0
DA:66,0
DA:71,0
DA:72,0
DA:74,0
DA:77,0
DA:80,0
DA:81,0
DA:82,0
DA:85,0
DA:86,0
DA:91,0
DA:94,0
DA:95,0
DA:98,0
DA:99,0
DA:102,0
DA:103,0
DA:106,0
DA:107,0
DA:116,0
DA:118,0
DA:120,0
DA:121,0
DA:123,0
DA:125,0
DA:133,0
DA:134,0
DA:142,0
DA:143,0
DA:162,0
DA:267,0
LF:48
LH:0
BRDA:57,0,0,0
BRDA:57,0,1,0
BRDA:63,1,0,0
BRDA:63,1,1,0
BRDA:65,2,0,0
BRDA:65,2,1,0
BRDA:71,3,0,0
BRDA:71,3,1,0
BRDA:80,4,0,0
BRDA:80,4,1,0
BRDA:81,5,0,0
BRDA:81,5,1,0
BRDA:85,6,0,0
BRDA:85,6,1,0
BRDA:133,7,0,0
BRDA:133,7,1,0
BRDA:142,8,0,0
BRDA:142,8,1,0
BRF:18
BRH:0
end_of_record
TN:
SF:app\(tabs)\requests.tsx
FN:47,RequestsScreen
FN:59,(anonymous_1)
FN:75,(anonymous_2)
FN:94,(anonymous_3)
FN:96,(anonymous_4)
FN:103,(anonymous_5)
FN:108,(anonymous_6)
FN:115,(anonymous_7)
FN:119,(anonymous_8)
FN:141,(anonymous_9)
FN:149,(anonymous_10)
FN:156,(anonymous_11)
FN:162,(anonymous_12)
FN:169,(anonymous_13)
FN:177,(anonymous_14)
FN:204,(anonymous_15)
FN:213,(anonymous_16)
FN:224,(anonymous_17)
FN:278,(anonymous_18)
FN:357,(anonymous_19)
FN:370,(anonymous_20)
FN:403,(anonymous_21)
FN:424,(anonymous_22)
FN:445,(anonymous_23)
FN:469,(anonymous_24)
FNF:25
FNH:22
FNDA:39,RequestsScreen
FNDA:16,(anonymous_1)
FNDA:15,(anonymous_2)
FNDA:15,(anonymous_3)
FNDA:11,(anonymous_4)
FNDA:11,(anonymous_5)
FNDA:11,(anonymous_6)
FNDA:11,(anonymous_7)
FNDA:1,(anonymous_8)
FNDA:16,(anonymous_9)
FNDA:0,(anonymous_10)
FNDA:0,(anonymous_11)
FNDA:1,(anonymous_12)
FNDA:1,(anonymous_13)
FNDA:5,(anonymous_14)
FNDA:1,(anonymous_15)
FNDA:1,(anonymous_16)
FNDA:2,(anonymous_17)
FNDA:4,(anonymous_18)
FNDA:39,(anonymous_19)
FNDA:23,(anonymous_20)
FNDA:0,(anonymous_21)
FNDA:3,(anonymous_22)
FNDA:4,(anonymous_23)
FNDA:20,(anonymous_24)
DA:48,39
DA:49,39
DA:50,39
DA:51,39
DA:52,39
DA:53,39
DA:54,39
DA:55,39
DA:56,39
DA:57,39
DA:59,39
DA:60,16
DA:61,16
DA:62,16
DA:64,16
DA:65,16
DA:66,16
DA:67,1
DA:68,1
DA:69,1
DA:70,1
DA:73,15
DA:75,15
DA:79,15
DA:80,0
DA:81,0
DA:82,0
DA:83,0
DA:84,0
DA:87,15
DA:88,15
DA:90,15
DA:91,15
DA:92,15
DA:95,15
DA:96,15
DA:102,15
DA:103,11
DA:107,15
DA:108,11
DA:113,15
DA:116,11
DA:120,1
DA:121,1
DA:122,1
DA:125,15
DA:126,15
DA:127,15
DA:129,0
DA:130,0
DA:131,0
DA:134,0
DA:136,16
DA:137,16
DA:141,39
DA:142,16
DA:143,16
DA:144,16
DA:148,39
DA:150,0
DA:151,0
DA:156,39
DA:157,0
DA:158,0
DA:159,0
DA:162,39
DA:163,1
DA:169,39
DA:170,1
DA:177,39
DA:178,5
DA:204,1
DA:213,1
DA:224,39
DA:225,2
DA:278,39
DA:280,4
DA:281,4
DA:282,4
DA:284,4
DA:285,4
DA:287,0
DA:288,0
DA:289,0
DA:290,4
DA:292,4
DA:293,4
DA:294,4
DA:297,0
DA:298,0
DA:302,0
DA:303,0
DA:306,4
DA:357,39
DA:358,39
DA:360,32
DA:362,3
DA:364,4
DA:366,0
DA:370,39
DA:371,23
DA:373,16
DA:375,3
DA:377,4
DA:379,0
DA:383,39
DA:385,39
DA:386,16
DA:396,23
DA:403,0
DA:424,3
DA:445,4
DA:469,20
DA:508,1
LF:114
LH:90
BRDA:60,0,0,0
BRDA:60,0,1,16
BRDA:66,1,0,1
BRDA:66,1,1,15
BRDA:75,2,0,15
BRDA:75,2,1,15
BRDA:75,2,2,15
BRDA:75,2,3,15
BRDA:79,3,0,0
BRDA:79,3,1,15
BRDA:91,4,0,15
BRDA:91,4,1,0
BRDA:92,5,0,15
BRDA:92,5,1,0
BRDA:95,6,0,0
BRDA:95,6,1,15
BRDA:103,7,0,11
BRDA:103,7,1,5
BRDA:108,8,0,11
BRDA:108,8,1,6
BRDA:116,9,0,11
BRDA:116,9,1,8
BRDA:116,9,2,4
BRDA:116,9,3,4
BRDA:120,10,0,1
BRDA:120,10,1,0
BRDA:121,11,0,1
BRDA:121,11,1,0
BRDA:134,12,0,0
BRDA:134,12,1,0
BRDA:142,13,0,16
BRDA:142,13,1,0
BRDA:150,14,0,0
BRDA:150,14,1,0
BRDA:150,15,0,0
BRDA:150,15,1,0
BRDA:194,16,0,5
BRDA:194,16,1,5
BRDA:241,17,0,2
BRDA:241,17,1,2
BRDA:249,18,0,2
BRDA:249,18,1,2
BRDA:255,19,0,2
BRDA:255,19,1,0
BRDA:261,20,0,2
BRDA:261,20,1,0
BRDA:269,21,0,2
BRDA:269,21,1,0
BRDA:284,22,0,4
BRDA:284,22,1,0
BRDA:285,23,0,0
BRDA:285,23,1,4
BRDA:290,24,0,4
BRDA:290,24,1,0
BRDA:318,25,0,4
BRDA:318,25,1,0
BRDA:324,26,0,4
BRDA:324,26,1,3
BRDA:330,27,0,4
BRDA:330,27,1,1
BRDA:338,28,0,4
BRDA:338,28,1,4
BRDA:341,29,0,4
BRDA:341,29,1,0
BRDA:347,30,0,4
BRDA:347,30,1,1
BRDA:358,31,0,32
BRDA:358,31,1,3
BRDA:358,31,2,4
BRDA:358,31,3,0
BRDA:371,32,0,16
BRDA:371,32,1,3
BRDA:371,32,2,4
BRDA:371,32,3,0
BRDA:385,33,0,16
BRDA:385,33,1,23
BRDA:385,34,0,39
BRDA:385,34,1,16
BRDA:402,35,0,23
BRDA:402,35,1,16
BRDA:411,36,0,16
BRDA:411,36,1,7
BRDA:416,37,0,23
BRDA:416,37,1,16
BRDA:423,38,0,23
BRDA:423,38,1,3
BRDA:432,39,0,3
BRDA:432,39,1,20
BRDA:437,40,0,23
BRDA:437,40,1,3
BRDA:444,41,0,23
BRDA:444,41,1,4
BRDA:453,42,0,4
BRDA:453,42,1,19
BRDA:458,43,0,23
BRDA:458,43,1,4
BRDA:478,44,0,16
BRDA:478,44,1,7
BRDA:480,45,0,3
BRDA:480,45,1,4
BRDA:488,46,0,16
BRDA:488,46,1,7
BRDA:490,47,0,3
BRDA:490,47,1,4
BRDA:495,48,0,16
BRDA:495,48,1,7
BRDA:497,49,0,3
BRDA:497,49,1,4
BRF:108
BRH:84
end_of_record
TN:
SF:app\meeting\respond.tsx
FN:25,MeetingResponseScreen
FN:35,(anonymous_1)
FN:39,(anonymous_2)
FN:59,(anonymous_3)
FN:79,(anonymous_4)
FN:93,(anonymous_5)
FN:103,(anonymous_6)
FN:131,(anonymous_7)
FN:211,(anonymous_8)
FN:222,(anonymous_9)
FN:238,(anonymous_10)
FNF:11
FNH:10
FNDA:47,MeetingResponseScreen
FNDA:16,(anonymous_1)
FNDA:16,(anonymous_2)
FNDA:6,(anonymous_3)
FNDA:0,(anonymous_4)
FNDA:29,(anonymous_5)
FNDA:29,(anonymous_6)
FNDA:1,(anonymous_7)
FNDA:3,(anonymous_8)
FNDA:4,(anonymous_9)
FNDA:2,(anonymous_10)
DA:26,47
DA:27,47
DA:28,47
DA:30,47
DA:31,47
DA:32,47
DA:33,47
DA:35,47
DA:36,16
DA:39,47
DA:40,16
DA:41,16
DA:42,16
DA:44,15
DA:45,1
DA:46,1
DA:47,1
DA:50,14
DA:52,1
DA:53,1
DA:55,16
DA:59,47
DA:60,6
DA:62,6
DA:63,6
DA:65,6
DA:71,5
DA:79,0
DA:84,5
DA:86,1
DA:87,1
DA:89,6
DA:93,47
DA:94,29
DA:95,29
DA:103,47
DA:104,29
DA:105,29
DA:111,47
DA:112,16
DA:120,31
DA:121,2
DA:128,29
DA:131,1
DA:211,3
DA:222,4
DA:238,2
DA:257,1
LF:48
LH:47
BRDA:44,0,0,1
BRDA:44,0,1,14
BRDA:52,1,0,1
BRDA:52,1,1,0
BRDA:60,2,0,0
BRDA:60,2,1,6
BRDA:66,3,0,4
BRDA:66,3,1,2
BRDA:67,4,0,3
BRDA:67,4,1,3
BRDA:73,5,0,3
BRDA:73,5,1,2
BRDA:86,6,0,1
BRDA:86,6,1,0
BRDA:111,7,0,16
BRDA:111,7,1,31
BRDA:120,8,0,2
BRDA:120,8,1,29
BRDA:172,9,0,27
BRDA:172,9,1,2
BRDA:174,10,0,1
BRDA:174,10,1,1
BRDA:183,11,0,27
BRDA:183,11,1,2
BRDA:185,12,0,1
BRDA:185,12,1,1
BRDA:190,13,0,27
BRDA:190,13,1,2
BRDA:197,14,0,29
BRDA:197,14,1,29
BRDA:226,15,0,6
BRDA:226,15,1,23
BRDA:242,16,0,6
BRDA:242,16,1,23
BRF:34
BRH:31
end_of_record
TN:
SF:app\meeting\schedule.tsx
FN:28,ScheduleMeetingScreen
FN:47,(anonymous_1)
FN:112,(anonymous_2)
FN:126,(anonymous_3)
FN:133,(anonymous_4)
FN:143,(anonymous_5)
FN:165,(anonymous_6)
FN:177,(anonymous_7)
FN:189,(anonymous_8)
FN:217,(anonymous_9)
FN:256,(anonymous_10)
FN:279,(anonymous_11)
FN:302,(anonymous_12)
FN:329,(anonymous_13)
FN:345,(anonymous_14)
FN:359,(anonymous_15)
FN:387,(anonymous_16)
FNF:17
FNH:10
FNDA:58,ScheduleMeetingScreen
FNDA:11,(anonymous_1)
FNDA:0,(anonymous_2)
FNDA:0,(anonymous_3)
FNDA:0,(anonymous_4)
FNDA:0,(anonymous_5)
FNDA:10,(anonymous_6)
FNDA:1,(anonymous_7)
FNDA:0,(anonymous_8)
FNDA:0,(anonymous_9)
FNDA:0,(anonymous_10)
FNDA:3,(anonymous_11)
FNDA:2,(anonymous_12)
FNDA:6,(anonymous_13)
FNDA:1,(anonymous_14)
FNDA:1,(anonymous_15)
FNDA:1,(anonymous_16)
DA:29,58
DA:30,58
DA:31,58
DA:32,58
DA:34,58
DA:35,58
DA:36,58
DA:37,58
DA:38,58
DA:39,58
DA:40,58
DA:41,58
DA:43,58
DA:44,58
DA:45,58
DA:47,58
DA:48,11
DA:49,1
DA:50,1
DA:53,10
DA:54,1
DA:55,1
DA:58,9
DA:59,1
DA:60,1
DA:63,8
DA:64,8
DA:65,8
DA:66,8
DA:68,8
DA:69,1
DA:70,1
DA:71,1
DA:74,7
DA:75,7
DA:78,7
DA:86,7
DA:104,7
DA:106,6
DA:112,0
DA:117,6
DA:119,1
DA:120,1
DA:122,8
DA:126,58
DA:127,0
DA:128,0
DA:129,0
DA:133,58
DA:134,0
DA:135,0
DA:136,0
DA:140,58
DA:143,0
DA:165,10
DA:177,1
DA:189,0
DA:217,0
DA:256,0
DA:279,3
DA:302,2
DA:329,6
DA:345,1
DA:359,1
DA:387,1
DA:398,1
LF:66
LH:55
BRDA:48,0,0,1
BRDA:48,0,1,10
BRDA:53,1,0,1
BRDA:53,1,1,9
BRDA:53,2,0,10
BRDA:53,2,1,8
BRDA:58,3,0,1
BRDA:58,3,1,8
BRDA:58,4,0,9
BRDA:58,4,1,3
BRDA:68,5,0,1
BRDA:68,5,1,7
BRDA:68,6,0,8
BRDA:68,6,1,7
BRDA:92,7,0,1
BRDA:92,7,1,6
BRDA:98,8,0,5
BRDA:98,8,1,2
BRDA:119,9,0,1
BRDA:119,9,1,0
BRDA:128,10,0,0
BRDA:128,10,1,0
BRDA:135,11,0,0
BRDA:135,11,1,0
BRDA:202,12,0,58
BRDA:202,12,1,0
BRDA:206,13,0,0
BRDA:206,13,1,0
BRDA:225,14,0,58
BRDA:225,14,1,0
BRDA:229,15,0,0
BRDA:229,15,1,0
BRDA:254,16,0,58
BRDA:254,16,1,47
BRDA:262,17,0,47
BRDA:262,17,1,11
BRDA:267,18,0,58
BRDA:267,18,1,47
BRDA:277,19,0,58
BRDA:277,19,1,6
BRDA:285,20,0,6
BRDA:285,20,1,52
BRDA:290,21,0,58
BRDA:290,21,1,6
BRDA:300,22,0,58
BRDA:300,22,1,5
BRDA:308,23,0,5
BRDA:308,23,1,53
BRDA:313,24,0,58
BRDA:313,24,1,5
BRDA:322,25,0,58
BRDA:322,25,1,47
BRDA:338,26,0,58
BRDA:338,26,1,6
BRDA:352,27,0,58
BRDA:352,27,1,5
BRDA:375,28,0,8
BRDA:375,28,1,50
BRF:58
BRH:47
end_of_record
TN:
SF:app\meeting\upcoming.tsx
FN:27,UpcomingMeetingsScreen
FN:35,(anonymous_1)
FN:40,(anonymous_2)
FN:64,(anonymous_3)
FN:69,(anonymous_4)
FN:86,(anonymous_5)
FN:89,(anonymous_6)
FN:97,(anonymous_7)
FN:132,(anonymous_8)
FN:137,(anonymous_9)
FN:155,(anonymous_10)
FN:160,(anonymous_11)
FN:178,(anonymous_12)
FN:185,(anonymous_13)
FN:189,(anonymous_14)
FN:193,(anonymous_15)
FN:203,(anonymous_16)
FN:222,(anonymous_17)
FN:230,(anonymous_18)
FN:239,(anonymous_19)
FN:289,(anonymous_20)
FN:302,(anonymous_21)
FN:312,(anonymous_22)
FNF:23
FNH:22
FNDA:5630,UpcomingMeetingsScreen
FNDA:5630,(anonymous_1)
FNDA:5630,(anonymous_2)
FNDA:0,(anonymous_3)
FNDA:3,(anonymous_4)
FNDA:2,(anonymous_5)
FNDA:2,(anonymous_6)
FNDA:3,(anonymous_7)
FNDA:1,(anonymous_8)
FNDA:2,(anonymous_9)
FNDA:1,(anonymous_10)
FNDA:2,(anonymous_11)
FNDA:6,(anonymous_12)
FNDA:3,(anonymous_13)
FNDA:1,(anonymous_14)
FNDA:1,(anonymous_15)
FNDA:31,(anonymous_16)
FNDA:31,(anonymous_17)
FNDA:31,(anonymous_18)
FNDA:6,(anonymous_19)
FNDA:22,(anonymous_20)
FNDA:1,(anonymous_21)
FNDA:48,(anonymous_22)
DA:28,5630
DA:29,5630
DA:30,5630
DA:31,5630
DA:32,5630
DA:34,5630
DA:36,5630
DA:40,5630
DA:41,5630
DA:42,5630
DA:43,5630
DA:45,5630
DA:46,1055
DA:47,1055
DA:50,4575
DA:51,4575
DA:52,4575
DA:53,3705
DA:54,3705
DA:56,870
DA:57,870
DA:59,5630
DA:60,5630
DA:64,5630
DA:65,0
DA:66,0
DA:69,5630
DA:70,3
DA:71,3
DA:72,3
DA:73,1
DA:77,1
DA:79,2
DA:81,0
DA:82,0
DA:86,5630
DA:87,2
DA:88,2
DA:89,2
DA:90,2
DA:92,0
DA:93,0
DA:97,5630
DA:98,3
DA:99,3
DA:100,3
DA:102,2
DA:103,2
DA:104,0
DA:105,0
DA:108,2
DA:109,2
DA:111,2
DA:123,2
DA:124,1
DA:125,1
DA:127,1
DA:128,1
DA:132,5630
DA:133,1
DA:134,1
DA:135,1
DA:137,1
DA:138,2
DA:141,1
DA:145,1
DA:147,1
DA:148,1
DA:150,0
DA:151,0
DA:155,5630
DA:156,1
DA:157,1
DA:158,1
DA:160,1
DA:161,2
DA:164,1
DA:168,1
DA:170,1
DA:171,1
DA:173,0
DA:174,0
DA:178,5630
DA:179,6
DA:185,3
DA:189,1
DA:193,1
DA:203,5630
DA:204,31
DA:205,31
DA:206,31
DA:207,31
DA:209,31
DA:210,1
DA:211,30
DA:212,15
DA:214,15
DA:222,5630
DA:223,31
DA:224,31
DA:230,5630
DA:231,31
DA:232,31
DA:234,31
DA:239,6
DA:289,5630
DA:290,22
DA:299,5630
DA:302,1
DA:312,48
DA:323,1
LF:111
LH:99
BRDA:45,0,0,1055
BRDA:45,0,1,4575
BRDA:56,1,0,870
BRDA:56,1,1,0
BRDA:72,2,0,1
BRDA:72,2,1,2
BRDA:81,3,0,0
BRDA:81,3,1,0
BRDA:89,4,0,2
BRDA:89,4,1,0
BRDA:90,5,0,2
BRDA:90,5,1,0
BRDA:92,6,0,0
BRDA:92,6,1,0
BRDA:100,7,0,1
BRDA:100,7,1,2
BRDA:103,8,0,0
BRDA:103,8,1,2
BRDA:116,9,0,2
BRDA:116,9,1,0
BRDA:127,10,0,1
BRDA:127,10,1,0
BRDA:141,11,0,1
BRDA:141,11,1,0
BRDA:145,12,0,1
BRDA:145,12,1,0
BRDA:145,13,0,1
BRDA:145,13,1,0
BRDA:150,14,0,0
BRDA:150,14,1,0
BRDA:164,15,0,1
BRDA:164,15,1,0
BRDA:168,16,0,1
BRDA:168,16,1,0
BRDA:168,17,0,1
BRDA:168,17,1,0
BRDA:173,18,0,0
BRDA:173,18,1,0
BRDA:209,19,0,1
BRDA:209,19,1,30
BRDA:211,20,0,15
BRDA:211,20,1,15
BRDA:232,21,0,17
BRDA:232,21,1,14
BRDA:266,22,0,16
BRDA:266,22,1,15
BRDA:268,23,0,1
BRDA:268,23,1,14
BRDA:276,24,0,16
BRDA:276,24,1,15
BRDA:282,25,0,31
BRDA:282,25,1,17
BRDA:313,26,0,1945
BRDA:313,26,1,3685
BRF:54
BRH:34
end_of_record
TN:
SF:app\messages\chat.tsx
FN:35,ChatScreen
FN:52,(anonymous_1)
FN:56,(anonymous_2)
FN:64,(anonymous_3)
FN:68,(anonymous_4)
FN:73,(anonymous_5)
FN:78,(anonymous_6)
FN:117,(anonymous_7)
FN:129,(anonymous_8)
FN:131,(anonymous_9)
FN:137,(anonymous_10)
FN:169,(anonymous_11)
FN:183,(anonymous_12)
FN:228,(anonymous_13)
FN:248,(anonymous_14)
FN:264,(anonymous_15)
FNF:16
FNH:0
FNDA:0,ChatScreen
FNDA:0,(anonymous_1)
FNDA:0,(anonymous_2)
FNDA:0,(anonymous_3)
FNDA:0,(anonymous_4)
FNDA:0,(anonymous_5)
FNDA:0,(anonymous_6)
FNDA:0,(anonymous_7)
FNDA:0,(anonymous_8)
FNDA:0,(anonymous_9)
FNDA:0,(anonymous_10)
FNDA:0,(anonymous_11)
FNDA:0,(anonymous_12)
FNDA:0,(anonymous_13)
FNDA:0,(anonymous_14)
FNDA:0,(anonymous_15)
DA:36,0
DA:37,0
DA:38,0
DA:44,0
DA:45,0
DA:46,0
DA:47,0
DA:48,0
DA:49,0
DA:50,0
DA:52,0
DA:53,0
DA:56,0
DA:57,0
DA:58,0
DA:61,0
DA:62,0
DA:65,0
DA:66,0
DA:69,0
DA:73,0
DA:78,0
DA:79,0
DA:80,0
DA:82,0
DA:83,0
DA:84,0
DA:87,0
DA:88,0
DA:91,0
DA:92,0
DA:93,0
DA:95,0
DA:102,0
DA:103,0
DA:104,0
DA:105,0
DA:109,0
DA:110,0
DA:113,0
DA:117,0
DA:118,0
DA:119,0
DA:120,0
DA:121,0
DA:123,0
DA:125,0
DA:129,0
DA:130,0
DA:131,0
DA:132,0
DA:137,0
DA:138,0
DA:140,0
DA:141,0
DA:142,0
DA:143,0
DA:146,0
DA:148,0
DA:150,0
DA:158,0
DA:168,0
DA:169,0
DA:172,0
DA:173,0
DA:175,0
DA:177,0
DA:179,0
DA:183,0
DA:184,0
DA:186,0
DA:223,0
DA:224,0
DA:228,0
DA:240,0
DA:248,0
DA:264,0
DA:303,0
LF:78
LH:0
BRDA:57,0,0,0
BRDA:57,0,1,0
BRDA:61,1,0,0
BRDA:61,1,1,0
BRDA:82,2,0,0
BRDA:82,2,1,0
BRDA:97,3,0,0
BRDA:97,3,1,0
BRDA:102,4,0,0
BRDA:102,4,1,0
BRDA:104,5,0,0
BRDA:104,5,1,0
BRDA:109,6,0,0
BRDA:109,6,1,0
BRDA:130,7,0,0
BRDA:130,7,1,0
BRDA:130,8,0,0
BRDA:130,8,1,0
BRDA:138,9,0,0
BRDA:138,9,1,0
BRDA:141,10,0,0
BRDA:141,10,1,0
BRDA:168,11,0,0
BRDA:168,11,1,0
BRDA:190,12,0,0
BRDA:190,12,1,0
BRDA:196,13,0,0
BRDA:196,13,1,0
BRDA:202,14,0,0
BRDA:202,14,1,0
BRDA:210,15,0,0
BRDA:210,15,1,0
BRDA:223,16,0,0
BRDA:223,16,1,0
BRDA:242,17,0,0
BRDA:242,17,1,0
BRDA:287,18,0,0
BRDA:287,18,1,0
BRDA:287,18,2,0
BRDA:289,19,0,0
BRDA:289,19,1,0
BRDA:295,20,0,0
BRDA:295,20,1,0
BRDA:295,21,0,0
BRDA:295,21,1,0
BRF:45
BRH:0
end_of_record
TN:
SF:app\profile\create.tsx
FN:48,CreateProfileScreen
FN:62,(anonymous_1)
FN:66,(anonymous_2)
FN:71,(anonymous_3)
FN:78,(anonymous_4)
FN:115,(anonymous_5)
FNF:6
FNH:6
FNDA:239,CreateProfileScreen
FNDA:29,(anonymous_1)
FNDA:29,(anonymous_2)
FNDA:29,(anonymous_3)
FNDA:23,(anonymous_4)
FNDA:1,(anonymous_5)
DA:49,239
DA:50,239
DA:51,239
DA:62,239
DA:63,29
DA:66,239
DA:67,29
DA:68,29
DA:69,29
DA:70,29
DA:71,29
DA:74,0
DA:78,239
DA:80,23
DA:81,23
DA:82,9
DA:83,9
DA:86,14
DA:88,14
DA:90,14
DA:104,14
DA:105,0
DA:106,0
DA:110,14
DA:112,13
DA:115,1
DA:119,1
DA:121,14
DA:125,239
DA:158,3
LF:30
LH:27
BRDA:69,0,0,29
BRDA:69,0,1,0
BRDA:74,1,0,0
BRDA:74,1,1,0
BRDA:81,2,0,9
BRDA:81,2,1,14
BRDA:82,3,0,9
BRDA:82,3,1,0
BRDA:98,4,0,3
BRDA:98,4,1,11
BRDA:104,5,0,0
BRDA:104,5,1,14
BRDA:127,6,0,239
BRDA:127,6,1,0
BRDA:141,7,0,239
BRDA:141,7,1,14
BRDA:149,8,0,14
BRDA:149,8,1,225
BRF:18
BRH:12
end_of_record
TN:
SF:app\profile\edit.tsx
FN:47,EditProfileScreen
FN:61,(anonymous_1)
FN:65,(anonymous_2)
FN:92,(anonymous_3)
FN:128,(anonymous_4)
FNF:5
FNH:5
FNDA:54,EditProfileScreen
FNDA:12,(anonymous_1)
FNDA:12,(anonymous_2)
FNDA:9,(anonymous_3)
FNDA:1,(anonymous_4)
DA:48,54
DA:49,54
DA:50,54
DA:61,54
DA:62,12
DA:65,54
DA:66,12
DA:67,12
DA:68,12
DA:69,12
DA:74,12
DA:75,12
DA:88,0
DA:92,54
DA:94,9
DA:95,9
DA:96,2
DA:97,2
DA:100,7
DA:102,7
DA:104,7
DA:117,7
DA:118,0
DA:119,0
DA:123,7
DA:125,7
DA:128,1
DA:132,0
DA:134,7
DA:138,54
DA:171,2
LF:31
LH:27
BRDA:68,0,0,12
BRDA:68,0,1,0
BRDA:74,1,0,12
BRDA:74,1,1,0
BRDA:76,2,0,12
BRDA:76,2,1,0
BRDA:77,3,0,12
BRDA:77,3,1,0
BRDA:78,4,0,12
BRDA:78,4,1,0
BRDA:79,5,0,12
BRDA:79,5,1,0
BRDA:80,6,0,12
BRDA:80,6,1,0
BRDA:81,7,0,12
BRDA:81,7,1,0
BRDA:82,8,0,12
BRDA:82,8,1,0
BRDA:83,9,0,12
BRDA:83,9,1,6
BRDA:88,10,0,0
BRDA:88,10,1,0
BRDA:95,11,0,2
BRDA:95,11,1,7
BRDA:96,12,0,2
BRDA:96,12,1,0
BRDA:112,13,0,3
BRDA:112,13,1,4
BRDA:117,14,0,0
BRDA:117,14,1,7
BRDA:140,15,0,54
BRDA:140,15,1,0
BRDA:154,16,0,54
BRDA:154,16,1,7
BRDA:162,17,0,7
BRDA:162,17,1,47
BRF:36
BRH:22
end_of_record
TN:
SF:app\profile\view.tsx
FN:42,ViewProfileScreen
FN:53,(anonymous_1)
FN:57,(anonymous_2)
FN:61,(anonymous_3)
FN:77,(anonymous_4)
FN:94,(anonymous_5)
FN:129,(anonymous_6)
FN:159,(anonymous_7)
FN:161,(anonymous_8)
FN:165,(anonymous_9)
FN:174,(anonymous_10)
FN:211,(anonymous_11)
FN:247,(anonymous_12)
FN:253,(anonymous_13)
FN:277,(anonymous_14)
FN:295,(anonymous_15)
FN:410,(anonymous_16)
FNF:17
FNH:8
FNDA:21,ViewProfileScreen
FNDA:8,(anonymous_1)
FNDA:8,(anonymous_2)
FNDA:8,(anonymous_3)
FNDA:8,(anonymous_4)
FNDA:5,(anonymous_5)
FNDA:1,(anonymous_6)
FNDA:1,(anonymous_7)
FNDA:0,(anonymous_8)
FNDA:0,(anonymous_9)
FNDA:0,(anonymous_10)
FNDA:0,(anonymous_11)
FNDA:0,(anonymous_12)
FNDA:0,(anonymous_13)
FNDA:0,(anonymous_14)
FNDA:0,(anonymous_15)
FNDA:0,(anonymous_16)
DA:43,21
DA:44,21
DA:45,21
DA:46,21
DA:47,21
DA:48,21
DA:49,21
DA:50,21
DA:53,21
DA:54,8
DA:57,21
DA:58,8
DA:61,21
DA:63,8
DA:66,8
DA:67,0
DA:71,8
DA:74,8
DA:75,8
DA:77,8
DA:78,8
DA:80,8
DA:81,5
DA:86,5
DA:87,5
DA:90,5
DA:91,5
DA:92,5
DA:94,5
DA:97,5
DA:98,5
DA:99,5
DA:100,4
DA:101,4
DA:103,1
DA:108,5
DA:109,5
DA:110,5
DA:115,3
DA:116,3
DA:119,3
DA:120,3
DA:121,3
DA:122,1
DA:125,1
DA:126,1
DA:127,1
DA:129,1
DA:132,1
DA:133,1
DA:134,1
DA:135,1
DA:136,1
DA:138,0
DA:143,1
DA:144,1
DA:145,1
DA:148,0
DA:155,2
DA:156,2
DA:157,1
DA:160,1
DA:161,1
DA:165,1
DA:166,1
DA:167,0
DA:170,0
DA:171,0
DA:172,0
DA:174,0
DA:177,0
DA:178,0
DA:179,0
DA:180,0
DA:181,0
DA:183,0
DA:188,0
DA:189,0
DA:190,0
DA:195,2
DA:196,2
DA:197,2
DA:198,0
DA:203,0
DA:204,0
DA:207,0
DA:208,0
DA:209,0
DA:211,0
DA:214,0
DA:215,0
DA:216,0
DA:217,0
DA:218,0
DA:220,0
DA:225,0
DA:226,0
DA:227,0
DA:233,2
DA:234,2
DA:236,0
DA:237,0
DA:238,0
DA:240,8
DA:244,8
DA:247,21
DA:248,0
DA:249,0
DA:253,21
DA:254,0
DA:255,0
DA:259,21
DA:260,13
DA:268,8
DA:269,2
DA:277,0
DA:288,6
DA:295,0
DA:410,0
DA:425,1
LF:120
LH:77
BRDA:54,0,0,3
BRDA:54,0,1,5
BRDA:58,1,0,5
BRDA:58,1,1,3
BRDA:66,2,0,0
BRDA:66,2,1,8
BRDA:66,3,0,8
BRDA:66,3,1,0
BRDA:71,4,0,0
BRDA:71,4,1,8
BRDA:80,5,0,5
BRDA:80,5,1,3
BRDA:86,6,0,5
BRDA:86,6,1,0
BRDA:91,7,0,5
BRDA:91,7,1,0
BRDA:94,8,0,5
BRDA:94,8,1,5
BRDA:94,8,2,5
BRDA:94,8,3,5
BRDA:97,9,0,5
BRDA:97,9,1,0
BRDA:99,10,0,4
BRDA:99,10,1,1
BRDA:115,11,0,3
BRDA:115,11,1,0
BRDA:121,12,0,1
BRDA:121,12,1,2
BRDA:126,13,0,1
BRDA:126,13,1,0
BRDA:129,14,0,1
BRDA:129,14,1,1
BRDA:129,14,2,1
BRDA:129,14,3,1
BRDA:132,15,0,1
BRDA:132,15,1,0
BRDA:134,16,0,1
BRDA:134,16,1,0
BRDA:150,17,0,0
BRDA:150,17,1,0
BRDA:156,18,0,1
BRDA:156,18,1,1
BRDA:157,19,0,1
BRDA:157,19,1,0
BRDA:160,20,0,0
BRDA:160,20,1,1
BRDA:166,21,0,0
BRDA:166,21,1,1
BRDA:171,22,0,0
BRDA:171,22,1,0
BRDA:174,23,0,0
BRDA:174,23,1,0
BRDA:174,23,2,0
BRDA:174,23,3,0
BRDA:177,24,0,0
BRDA:177,24,1,0
BRDA:179,25,0,0
BRDA:179,25,1,0
BRDA:197,26,0,0
BRDA:197,26,1,2
BRDA:203,27,0,0
BRDA:203,27,1,0
BRDA:208,28,0,0
BRDA:208,28,1,0
BRDA:211,29,0,0
BRDA:211,29,1,0
BRDA:211,29,2,0
BRDA:211,29,3,0
BRDA:214,30,0,0
BRDA:214,30,1,0
BRDA:216,31,0,0
BRDA:216,31,1,0
BRDA:236,32,0,0
BRDA:236,32,1,0
BRDA:248,33,0,0
BRDA:248,33,1,0
BRDA:254,34,0,0
BRDA:254,34,1,0
BRDA:259,35,0,13
BRDA:259,35,1,8
BRDA:268,36,0,2
BRDA:268,36,1,6
BRDA:315,37,0,2
BRDA:315,37,1,4
BRDA:315,38,0,6
BRDA:315,38,1,5
BRDA:361,39,0,6
BRDA:361,39,1,6
BRDA:384,40,0,0
BRDA:384,40,1,6
BRDA:401,41,0,0
BRDA:401,41,1,6
BRF:92
BRH:46
end_of_record
TN:
SF:app\request\respond.tsx
FN:50,RespondRequestScreen
FN:61,(anonymous_1)
FN:68,(anonymous_2)
FN:77,(anonymous_3)
FN:96,(anonymous_4)
FN:106,(anonymous_5)
FN:108,(anonymous_6)
FN:114,(anonymous_7)
FN:136,(anonymous_8)
FN:182,(anonymous_9)
FN:220,(anonymous_10)
FN:242,(anonymous_11)
FN:253,(anonymous_12)
FNF:13
FNH:12
FNDA:59,RespondRequestScreen
FNDA:17,(anonymous_1)
FNDA:16,(anonymous_2)
FNDA:16,(anonymous_3)
FNDA:11,(anonymous_4)
FNDA:11,(anonymous_5)
FNDA:11,(anonymous_6)
FNDA:10,(anonymous_7)
FNDA:7,(anonymous_8)
FNDA:0,(anonymous_9)
FNDA:4,(anonymous_10)
FNDA:8,(anonymous_11)
FNDA:3,(anonymous_12)
DA:51,59
DA:52,59
DA:53,59
DA:54,59
DA:55,59
DA:56,59
DA:59,59
DA:61,59
DA:63,17
DA:64,16
DA:65,16
DA:66,16
DA:68,16
DA:72,16
DA:73,0
DA:74,0
DA:77,16
DA:78,16
DA:86,0
DA:88,16
DA:91,0
DA:96,59
DA:97,11
DA:99,11
DA:101,11
DA:102,11
DA:103,11
DA:107,11
DA:108,11
DA:114,11
DA:115,11
DA:116,1
DA:117,1
DA:120,10
DA:127,10
DA:130,10
DA:131,7
DA:132,7
DA:133,7
DA:134,7
DA:136,7
DA:139,7
DA:140,7
DA:141,6
DA:142,6
DA:150,1
DA:155,10
DA:157,0
DA:159,11
DA:163,59
DA:164,17
DA:172,42
DA:182,0
DA:221,4
DA:222,4
DA:223,4
DA:242,8
DA:253,3
DA:269,1
LF:59
LH:53
BRDA:59,0,0,58
BRDA:59,0,1,1
BRDA:63,1,0,16
BRDA:63,1,1,1
BRDA:63,2,0,17
BRDA:63,2,1,16
BRDA:72,3,0,0
BRDA:72,3,1,16
BRDA:78,4,0,0
BRDA:78,4,1,16
BRDA:79,5,0,16
BRDA:79,5,1,0
BRDA:79,5,2,0
BRDA:79,5,3,0
BRDA:79,5,4,0
BRDA:79,5,5,0
BRDA:91,6,0,0
BRDA:91,6,1,0
BRDA:97,7,0,0
BRDA:97,7,1,11
BRDA:103,8,0,11
BRDA:103,8,1,0
BRDA:104,9,0,11
BRDA:104,9,1,0
BRDA:107,10,0,0
BRDA:107,10,1,11
BRDA:115,11,0,1
BRDA:115,11,1,10
BRDA:130,12,0,7
BRDA:130,12,1,3
BRDA:133,13,0,7
BRDA:133,13,1,0
BRDA:136,14,0,7
BRDA:136,14,1,7
BRDA:136,14,2,7
BRDA:136,14,3,7
BRDA:139,15,0,7
BRDA:139,15,1,0
BRDA:151,16,0,1
BRDA:151,16,1,0
BRDA:163,17,0,17
BRDA:163,17,1,42
BRDA:174,18,0,42
BRDA:174,18,1,0
BRDA:200,19,0,42
BRDA:200,19,1,41
BRDA:222,20,0,4
BRDA:222,20,1,0
BRDA:233,21,0,42
BRDA:233,21,1,10
BRDA:241,22,0,42
BRDA:241,22,1,11
BRDA:252,23,0,42
BRDA:252,23,1,11
BRF:54
BRH:36
end_of_record
TN:
SF:app\request\send.tsx
FN:69,SendRequestScreen
FN:84,(anonymous_1)
FN:91,(anonymous_2)
FN:111,(anonymous_3)
FN:132,(anonymous_4)
FN:139,(anonymous_5)
FN:151,(anonymous_6)
FN:180,(anonymous_7)
FN:207,(anonymous_8)
FN:229,(anonymous_9)
FN:234,(anonymous_10)
FN:251,(anonymous_11)
FN:253,(anonymous_12)
FN:260,(anonymous_13)
FN:293,(anonymous_14)
FN:295,(anonymous_15)
FN:313,(anonymous_16)
FN:342,(anonymous_17)
FN:373,(anonymous_18)
FNF:19
FNH:18
FNDA:47,SendRequestScreen
FNDA:13,(anonymous_1)
FNDA:12,(anonymous_2)
FNDA:12,(anonymous_3)
FNDA:13,(anonymous_4)
FNDA:13,(anonymous_5)
FNDA:12,(anonymous_6)
FNDA:12,(anonymous_7)
FNDA:12,(anonymous_8)
FNDA:13,(anonymous_9)
FNDA:9,(anonymous_10)
FNDA:2,(anonymous_11)
FNDA:2,(anonymous_12)
FNDA:2,(anonymous_13)
FNDA:1,(anonymous_14)
FNDA:1,(anonymous_15)
FNDA:1,(anonymous_16)
FNDA:0,(anonymous_17)
FNDA:3,(anonymous_18)
DA:70,47
DA:71,47
DA:72,47
DA:73,47
DA:74,47
DA:75,47
DA:76,47
DA:77,47
DA:78,47
DA:79,47
DA:82,47
DA:84,47
DA:86,13
DA:87,12
DA:88,12
DA:89,12
DA:92,12
DA:93,12
DA:94,12
DA:107,12
DA:108,0
DA:109,0
DA:111,12
DA:112,12
DA:122,0
DA:124,12
DA:127,0
DA:132,47
DA:134,13
DA:135,13
DA:137,13
DA:139,13
DA:140,13
DA:141,13
DA:143,13
DA:144,13
DA:145,13
DA:146,1
DA:149,12
DA:152,12
DA:153,12
DA:154,12
DA:159,12
DA:160,0
DA:164,12
DA:165,12
DA:166,12
DA:168,12
DA:175,12
DA:176,12
DA:177,12
DA:178,12
DA:181,12
DA:182,12
DA:183,12
DA:198,12
DA:199,0
DA:202,12
DA:203,12
DA:204,12
DA:205,12
DA:206,12
DA:207,12
DA:208,12
DA:215,0
DA:217,12
DA:221,0
DA:223,13
DA:227,13
DA:229,13
DA:230,13
DA:234,47
DA:235,9
DA:236,1
DA:237,1
DA:240,8
DA:241,0
DA:242,0
DA:246,8
DA:247,8
DA:248,8
DA:252,2
DA:253,2
DA:259,8
DA:261,2
DA:265,8
DA:266,1
DA:267,1
DA:270,0
DA:275,7
DA:277,7
DA:278,7
DA:289,7
DA:290,7
DA:294,1
DA:295,1
DA:302,7
DA:303,0
DA:304,0
DA:307,7
DA:308,7
DA:310,7
DA:313,1
DA:317,0
DA:319,7
DA:323,47
DA:324,14
DA:332,33
DA:342,0
DA:374,3
DA:375,3
DA:376,3
DA:410,1
LF:113
LH:98
BRDA:82,0,0,45
BRDA:82,0,1,2
BRDA:86,1,0,12
BRDA:86,1,1,1
BRDA:86,2,0,13
BRDA:86,2,1,12
BRDA:92,3,0,0
BRDA:92,3,1,12
BRDA:92,4,0,12
BRDA:92,4,1,12
BRDA:95,5,0,12
BRDA:95,5,1,12
BRDA:95,5,2,12
BRDA:95,5,3,12
BRDA:95,5,4,12
BRDA:95,5,5,12
BRDA:95,5,6,12
BRDA:107,6,0,0
BRDA:107,6,1,12
BRDA:112,7,0,0
BRDA:112,7,1,12
BRDA:113,8,0,12
BRDA:113,8,1,0
BRDA:113,8,2,0
BRDA:113,8,3,0
BRDA:113,8,4,0
BRDA:113,8,5,0
BRDA:113,8,6,0
BRDA:113,8,7,0
BRDA:127,9,0,0
BRDA:127,9,1,0
BRDA:134,10,0,0
BRDA:134,10,1,13
BRDA:140,11,0,0
BRDA:140,11,1,13
BRDA:145,12,0,1
BRDA:145,12,1,12
BRDA:152,13,0,0
BRDA:152,13,1,12
BRDA:152,14,0,12
BRDA:152,14,1,12
BRDA:154,15,0,12
BRDA:154,15,1,12
BRDA:159,16,0,0
BRDA:159,16,1,12
BRDA:170,17,0,12
BRDA:170,17,1,0
BRDA:175,18,0,12
BRDA:175,18,1,0
BRDA:177,19,0,12
BRDA:177,19,1,0
BRDA:181,20,0,0
BRDA:181,20,1,12
BRDA:181,21,0,12
BRDA:181,21,1,12
BRDA:184,22,0,12
BRDA:184,22,1,12
BRDA:184,22,2,12
BRDA:184,22,3,12
BRDA:184,22,4,12
BRDA:184,22,5,12
BRDA:184,22,6,12
BRDA:198,23,0,0
BRDA:198,23,1,12
BRDA:204,24,0,12
BRDA:204,24,1,0
BRDA:206,25,0,0
BRDA:206,25,1,12
BRDA:208,26,0,0
BRDA:208,26,1,12
BRDA:209,27,0,12
BRDA:209,27,1,0
BRDA:209,27,2,0
BRDA:209,27,3,0
BRDA:209,27,4,0
BRDA:221,28,0,0
BRDA:221,28,1,0
BRDA:235,29,0,1
BRDA:235,29,1,8
BRDA:235,30,0,9
BRDA:235,30,1,9
BRDA:240,31,0,0
BRDA:240,31,1,8
BRDA:248,32,0,2
BRDA:248,32,1,6
BRDA:249,33,0,2
BRDA:249,33,1,0
BRDA:252,34,0,0
BRDA:252,34,1,2
BRDA:261,35,0,2
BRDA:261,35,1,2
BRDA:261,35,2,2
BRDA:265,36,0,1
BRDA:265,36,1,7
BRDA:271,37,0,0
BRDA:271,37,1,0
BRDA:290,38,0,1
BRDA:290,38,1,6
BRDA:291,39,0,1
BRDA:291,39,1,0
BRDA:294,40,0,0
BRDA:294,40,1,1
BRDA:302,41,0,0
BRDA:302,41,1,7
BRDA:323,42,0,14
BRDA:323,42,1,33
BRDA:334,43,0,33
BRDA:334,43,1,0
BRDA:375,44,0,3
BRDA:375,44,1,0
BRDA:386,45,0,33
BRDA:386,45,1,6
BRDA:393,46,0,33
BRDA:393,46,1,0
BRDA:401,47,0,0
BRDA:401,47,1,33
BRF:116
BRH:74
end_of_record
TN:
SF:utils\caspaProfiles.ts
FN:336,initializeCaspaProfiles
FN:358,(anonymous_1)
FN:379,resetCaspaProfiles
FN:387,(anonymous_3)
FNF:4
FNH:0
FNDA:0,initializeCaspaProfiles
FNDA:0,(anonymous_1)
FNDA:0,resetCaspaProfiles
FNDA:0,(anonymous_3)
DA:14,0
DA:337,0
DA:338,0
DA:340,0
DA:341,0
DA:342,0
DA:346,0
DA:347,0
DA:348,0
DA:349,0
DA:350,0
DA:352,0
DA:353,0
DA:358,0
DA:361,0
DA:364,0
DA:365,0
DA:367,0
DA:369,0
DA:380,0
DA:381,0
DA:384,0
DA:385,0
DA:386,0
DA:387,0
DA:388,0
DA:391,0
DA:393,0
LF:28
LH:0
BRDA:340,0,0,0
BRDA:340,0,1,0
BRDA:348,1,0,0
BRDA:348,1,1,0
BRDA:371,2,0,0
BRDA:371,2,1,0
BRDA:385,3,0,0
BRDA:385,3,1,0
BRDA:395,4,0,0
BRDA:395,4,1,0
BRF:10
BRH:0
end_of_record
TN:
SF:utils\config.ts
FN:14,getEnvironment
FN:27,isDevelopment
FN:34,isProduction
FNF:3
FNH:3
FNDA:126,getEnvironment
FNDA:63,isDevelopment
FNDA:42,isProduction
DA:15,126
DA:19,126
DA:20,126
DA:21,126
DA:28,63
DA:35,42
DA:41,21
LF:7
LH:7
BRDA:15,0,0,126
BRDA:15,0,1,126
BRDA:15,0,2,0
BRDA:17,1,0,0
BRDA:17,1,1,0
BRDA:19,2,0,0
BRDA:19,2,1,126
BRDA:19,3,0,126
BRDA:19,3,1,126
BRDA:20,4,0,0
BRDA:20,4,1,126
BRDA:20,5,0,126
BRDA:20,5,1,126
BRDA:28,6,0,63
BRDA:28,6,1,63
BRDA:47,7,0,21
BRDA:47,7,1,21
BRDA:47,7,2,21
BRDA:51,8,0,21
BRDA:51,8,1,0
BRDA:52,9,0,21
BRDA:52,9,1,21
BRDA:59,10,0,21
BRDA:59,10,1,21
BRDA:59,10,2,21
BRDA:65,11,0,21
BRDA:65,11,1,21
BRDA:65,11,2,21
BRDA:71,12,0,21
BRDA:71,12,1,21
BRDA:71,12,2,21
BRDA:81,13,0,21
BRDA:81,13,1,21
BRDA:81,13,2,21
BRDA:87,14,0,21
BRDA:87,14,1,21
BRDA:87,14,2,21
BRF:37
BRH:31
end_of_record
TN:
SF:utils\connectionUtils.ts
FN:19,areUsersMatched
FN:28,(anonymous_1)
FN:30,(anonymous_2)
FN:36,(anonymous_3)
FN:59,getMatchedUserEmails
FN:68,(anonymous_5)
FN:70,(anonymous_6)
FN:75,(anonymous_7)
FN:78,(anonymous_8)
FNF:9
FNH:9
FNDA:7,areUsersMatched
FNDA:5,(anonymous_1)
FNDA:5,(anonymous_2)
FNDA:5,(anonymous_3)
FNDA:6,getMatchedUserEmails
FNDA:4,(anonymous_5)
FNDA:6,(anonymous_6)
FNDA:6,(anonymous_7)
FNDA:6,(anonymous_8)
DA:20,7
DA:21,7
DA:22,6
DA:23,1
DA:26,5
DA:29,5
DA:30,5
DA:36,5
DA:37,5
DA:40,3
DA:46,5
DA:48,1
DA:49,1
DA:60,6
DA:61,6
DA:62,5
DA:63,1
DA:66,4
DA:69,4
DA:70,6
DA:75,6
DA:76,4
DA:78,4
DA:79,6
DA:80,3
DA:81,3
DA:82,2
DA:86,4
DA:88,1
DA:89,1
LF:30
LH:30
BRDA:22,0,0,1
BRDA:22,0,1,5
BRDA:26,1,0,5
BRDA:26,1,1,0
BRDA:29,2,0,0
BRDA:29,2,1,5
BRDA:37,3,0,2
BRDA:37,3,1,3
BRDA:41,4,0,3
BRDA:41,4,1,2
BRDA:41,4,2,2
BRDA:41,4,3,1
BRDA:48,5,0,1
BRDA:48,5,1,0
BRDA:62,6,0,1
BRDA:62,6,1,4
BRDA:66,7,0,4
BRDA:66,7,1,0
BRDA:69,8,0,0
BRDA:69,8,1,4
BRDA:79,9,0,3
BRDA:79,9,1,3
BRDA:81,10,0,2
BRDA:81,10,1,1
BRDA:88,11,0,1
BRDA:88,11,1,0
BRF:26
BRH:20
end_of_record
TN:
SF:utils\constants.ts
FNF:0
FNH:0
DA:4,13
DA:5,13
DA:6,13
DA:9,13
DA:10,13
DA:11,13
DA:12,13
DA:13,13
DA:14,13
DA:15,13
DA:16,13
DA:17,13
DA:20,13
DA:21,13
DA:24,13
DA:25,13
DA:28,13
DA:40,13
DA:61,13
LF:19
LH:19
BRF:0
BRH:0
end_of_record
TN:
SF:utils\dataMigration.ts
FN:19,getDataVersion
FN:32,setDataVersion
FN:45,migrateV1ToV2
FN:55,(anonymous_3)
FN:105,runMigrations
FN:142,initializeDataMigration
FNF:6
FNH:0
FNDA:0,getDataVersion
FNDA:0,setDataVersion
FNDA:0,migrateV1ToV2
FNDA:0,(anonymous_3)
FNDA:0,runMigrations
FNDA:0,initializeDataMigration
DA:8,0
DA:9,0
DA:20,0
DA:21,0
DA:22,0
DA:24,0
DA:25,0
DA:33,0
DA:34,0
DA:36,0
DA:46,0
DA:47,0
DA:50,0
DA:51,0
DA:52,0
DA:53,0
DA:56,0
DA:60,0
DA:61,0
DA:65,0
DA:67,0
DA:70,0
DA:71,0
DA:73,0
DA:75,0
DA:76,0
DA:77,0
DA:79,0
DA:86,0
DA:87,0
DA:91,0
DA:95,0
DA:97,0
DA:98,0
DA:106,0
DA:107,0
DA:109,0
DA:110,0
DA:111,0
DA:114,0
DA:119,0
DA:124,0
DA:125,0
DA:126,0
DA:127,0
DA:128,0
DA:132,0
DA:134,0
DA:143,0
DA:144,0
DA:146,0
LF:51
LH:0
BRDA:22,0,0,0
BRDA:22,0,1,0
BRDA:24,1,0,0
BRDA:24,1,1,0
BRDA:36,2,0,0
BRDA:36,2,1,0
BRDA:51,3,0,0
BRDA:51,3,1,0
BRDA:56,4,0,0
BRDA:56,4,1,0
BRDA:56,4,2,0
BRDA:56,4,3,0
BRDA:60,5,0,0
BRDA:60,5,1,0
BRDA:65,6,0,0
BRDA:65,6,1,0
BRDA:65,7,0,0
BRDA:65,7,1,0
BRDA:73,8,0,0
BRDA:73,8,1,0
BRDA:82,9,0,0
BRDA:82,9,1,0
BRDA:83,10,0,0
BRDA:83,10,1,0
BRDA:91,11,0,0
BRDA:91,11,1,0
BRDA:97,12,0,0
BRDA:97,12,1,0
BRDA:109,13,0,0
BRDA:109,13,1,0
BRDA:125,14,0,0
BRDA:125,14,1,0
BRDA:134,15,0,0
BRDA:134,15,1,0
BRDA:146,16,0,0
BRDA:146,16,1,0
BRF:36
BRH:0
end_of_record
TN:
SF:utils\errorHandler.ts
FN:19,(anonymous_0)
FN:50,(anonymous_1)
FN:71,(anonymous_2)
FN:79,(anonymous_3)
FN:93,(anonymous_4)
FNF:5
FNH:2
FNDA:7,(anonymous_0)
FNDA:0,(anonymous_1)
FNDA:0,(anonymous_2)
FNDA:0,(anonymous_3)
FNDA:1,(anonymous_4)
DA:25,7
DA:28,7
DA:35,7
DA:36,7
DA:37,0
DA:40,7
DA:56,0
DA:58,0
DA:60,0
DA:61,0
DA:62,0
DA:65,0
DA:72,0
DA:73,0
DA:80,0
DA:81,0
DA:83,0
DA:99,1
DA:100,1
DA:102,1
DA:103,1
DA:104,0
DA:107,1
LF:23
LH:10
BRDA:25,0,0,7
BRDA:25,0,1,0
BRDA:29,1,0,7
BRDA:29,1,1,0
BRDA:36,2,0,0
BRDA:36,2,1,7
BRDA:42,3,0,7
BRDA:42,3,1,0
BRDA:56,4,0,0
BRDA:56,4,1,0
BRDA:61,5,0,0
BRDA:61,5,1,0
BRDA:80,6,0,0
BRDA:80,6,1,0
BRDA:99,7,0,1
BRDA:99,7,1,0
BRDA:103,8,0,0
BRDA:103,8,1,1
BRF:18
BRH:6
end_of_record
TN:
SF:utils\logger.ts
FN:35,sanitizeContext
FN:44,(anonymous_1)
FN:60,(anonymous_2)
FN:67,(anonymous_3)
FN:101,(anonymous_4)
FN:112,(anonymous_5)
FN:121,(anonymous_6)
FN:131,(anonymous_7)
FN:140,handleAsyncError
FNF:9
FNH:7
FNDA:4818,sanitizeContext
FNDA:40460,(anonymous_1)
FNDA:21,(anonymous_2)
FNDA:4818,(anonymous_3)
FNDA:0,(anonymous_4)
FNDA:3903,(anonymous_5)
FNDA:23,(anonymous_6)
FNDA:892,(anonymous_7)
FNDA:0,handleAsyncError
DA:19,21
DA:36,4818
DA:38,3935
DA:40,3935
DA:41,4046
DA:44,40460
DA:45,0
DA:46,4046
DA:48,0
DA:50,4046
DA:54,3935
DA:61,21
DA:69,4818
DA:71,4818
DA:80,4818
DA:81,4818
DA:82,4818
DA:102,0
DA:103,0
DA:113,3903
DA:122,23
DA:132,892
DA:137,21
DA:145,0
DA:146,0
DA:148,0
DA:149,0
LF:27
LH:19
BRDA:36,0,0,883
BRDA:36,0,1,3935
BRDA:44,1,0,0
BRDA:44,1,1,4046
BRDA:46,2,0,0
BRDA:46,2,1,4046
BRDA:46,3,0,4046
BRDA:46,3,1,0
BRDA:46,3,2,0
BRDA:80,4,0,4818
BRDA:80,4,1,0
BRDA:81,5,0,892
BRDA:81,5,1,3926
BRDA:81,6,0,23
BRDA:81,6,1,3903
BRDA:83,7,0,4818
BRDA:83,7,1,892
BRDA:102,8,0,0
BRDA:102,8,1,0
BRDA:148,9,0,0
BRDA:148,9,1,0
BRF:21
BRH:12
end_of_record
TN:
SF:utils\profileOrdering.ts
FN:17,calculateMatchScore
FN:43,seededRandom
FN:45,(anonymous_2)
FN:54,stringToSeed
FN:69,weightedShuffle
FN:79,(anonymous_5)
FN:83,(anonymous_6)
FN:121,orderProfilesSmartly
FN:146,(anonymous_8)
FN:165,(anonymous_9)
FN:166,(anonymous_10)
FN:176,orderProfilesForUser
FNF:12
FNH:12
FNDA:486,calculateMatchScore
FNDA:159,seededRandom
FNDA:491,(anonymous_2)
FNDA:159,stringToSeed
FNDA:154,weightedShuffle
FNDA:480,(anonymous_5)
FNDA:5762,(anonymous_6)
FNDA:160,orderProfilesSmartly
FNDA:480,(anonymous_8)
FNDA:480,(anonymous_9)
FNDA:480,(anonymous_10)
FNDA:39,orderProfilesForUser
DA:18,486
DA:21,486
DA:25,186
DA:29,486
DA:33,238
DA:36,486
DA:44,159
DA:45,159
DA:46,491
DA:47,491
DA:55,159
DA:56,159
DA:57,1408
DA:58,1408
DA:59,1408
DA:61,159
DA:74,154
DA:75,0
DA:78,154
DA:79,480
DA:81,154
DA:83,5762
DA:86,480
DA:87,480
DA:89,480
DA:90,3135
DA:91,3135
DA:92,480
DA:93,480
DA:98,480
DA:99,480
DA:102,154
DA:126,160
DA:127,1
DA:130,159
DA:132,5
DA:133,5
DA:134,5
DA:137,5
DA:138,11
DA:139,11
DA:142,5
DA:146,154
DA:147,480
DA:150,480
DA:151,480
DA:152,259
DA:153,221
DA:154,0
DA:157,480
DA:161,154
DA:162,154
DA:165,480
DA:166,480
DA:169,154
DA:180,39
DA:181,39
LF:57
LH:55
BRDA:21,0,0,186
BRDA:21,0,1,300
BRDA:22,1,0,486
BRDA:22,1,1,300
BRDA:29,2,0,238
BRDA:29,2,1,248
BRDA:30,3,0,486
BRDA:30,3,1,249
BRDA:74,4,0,0
BRDA:74,4,1,154
BRDA:91,5,0,480
BRDA:91,5,1,2655
BRDA:126,6,0,1
BRDA:126,6,1,159
BRDA:130,7,0,5
BRDA:130,7,1,154
BRDA:151,8,0,259
BRDA:151,8,1,221
BRDA:153,9,0,0
BRDA:153,9,1,221
BRDA:180,10,0,39
BRDA:180,10,1,3
BRF:22
BRH:20
end_of_record
TN:
SF:utils\rateLimiter.ts
FN:21,isRateLimited
FN:84,resetRateLimit
FN:101,getRemainingAttempts
FN:135,getTimeUntilReset
FNF:4
FNH:3
FNDA:18,isRateLimited
FNDA:14,resetRateLimit
FNDA:4,getRemainingAttempts
FNDA:0,getTimeUntilReset
DA:26,18
DA:27,18
DA:28,18
DA:30,16
DA:33,16
DA:34,0
DA:37,0
DA:39,0
DA:46,0
DA:47,0
DA:51,16
DA:59,16
DA:62,16
DA:63,0
DA:69,0
DA:72,16
DA:74,2
DA:76,2
DA:85,14
DA:86,14
DA:87,14
DA:88,14
DA:90,0
DA:106,4
DA:107,4
DA:108,4
DA:110,3
DA:111,0
DA:114,3
DA:115,3
DA:118,3
DA:119,0
DA:122,3
DA:124,1
DA:125,1
DA:139,0
DA:140,0
DA:141,0
DA:143,0
DA:144,0
DA:147,0
DA:148,0
DA:149,0
DA:150,0
DA:152,0
DA:154,0
DA:155,0
LF:47
LH:25
BRDA:23,0,0,18
BRDA:24,1,0,18
BRDA:33,2,0,0
BRDA:33,2,1,16
BRDA:37,3,0,0
BRDA:37,3,1,0
BRDA:62,4,0,0
BRDA:62,4,1,16
BRDA:74,5,0,2
BRDA:74,5,1,0
BRDA:90,6,0,0
BRDA:90,6,1,0
BRDA:103,7,0,4
BRDA:104,8,0,4
BRDA:110,9,0,0
BRDA:110,9,1,3
BRDA:118,10,0,0
BRDA:118,10,1,3
BRDA:124,11,0,1
BRDA:124,11,1,0
BRDA:137,12,0,0
BRDA:143,13,0,0
BRDA:143,13,1,0
BRDA:154,14,0,0
BRDA:154,14,1,0
BRF:25
BRH:10
end_of_record
TN:
SF:utils\schemaValidation.ts
FN:42,validateProfileSchema
FN:84,validateUserSchema
FN:108,validateMentorshipRequestSchema
FN:140,safeParseJSON
FNF:4
FNH:4
FNDA:216,validateProfileSchema
FNDA:20,validateUserSchema
FNDA:73,validateMentorshipRequestSchema
FNDA:345,safeParseJSON
DA:43,216
DA:44,0
DA:45,0
DA:48,216
DA:50,216
DA:51,216
DA:52,1512
DA:53,0
DA:54,0
DA:58,216
DA:59,0
DA:60,0
DA:63,216
DA:64,0
DA:65,0
DA:68,216
DA:69,0
DA:70,0
DA:73,216
DA:74,0
DA:75,0
DA:78,216
DA:85,20
DA:86,0
DA:87,0
DA:90,20
DA:92,20
DA:93,0
DA:94,0
DA:97,20
DA:98,0
DA:99,0
DA:102,20
DA:109,73
DA:110,0
DA:111,0
DA:114,73
DA:116,73
DA:117,73
DA:118,584
DA:119,0
DA:120,0
DA:124,73
DA:125,0
DA:126,0
DA:129,73
DA:130,0
DA:131,0
DA:134,73
DA:145,345
DA:146,345
DA:147,345
DA:148,345
DA:150,0
DA:151,0
DA:153,0
DA:154,0
LF:57
LH:27
BRDA:43,0,0,0
BRDA:43,0,1,216
BRDA:43,1,0,216
BRDA:43,1,1,216
BRDA:52,2,0,0
BRDA:52,2,1,1512
BRDA:58,3,0,0
BRDA:58,3,1,216
BRDA:58,4,0,216
BRDA:58,4,1,216
BRDA:63,5,0,0
BRDA:63,5,1,216
BRDA:63,6,0,216
BRDA:63,6,1,216
BRDA:68,7,0,0
BRDA:68,7,1,216
BRDA:68,8,0,216
BRDA:68,8,1,216
BRDA:73,9,0,0
BRDA:73,9,1,216
BRDA:73,10,0,216
BRDA:73,10,1,216
BRDA:85,11,0,0
BRDA:85,11,1,20
BRDA:85,12,0,20
BRDA:85,12,1,20
BRDA:92,13,0,0
BRDA:92,13,1,20
BRDA:92,14,0,20
BRDA:92,14,1,20
BRDA:97,15,0,0
BRDA:97,15,1,20
BRDA:97,16,0,20
BRDA:97,16,1,20
BRDA:109,17,0,0
BRDA:109,17,1,73
BRDA:109,18,0,73
BRDA:109,18,1,73
BRDA:118,19,0,0
BRDA:118,19,1,584
BRDA:124,20,0,0
BRDA:124,20,1,73
BRDA:129,21,0,0
BRDA:129,21,1,73
BRDA:129,22,0,73
BRDA:129,22,1,73
BRDA:143,23,0,0
BRDA:147,24,0,345
BRDA:147,24,1,0
BRDA:153,25,0,0
BRDA:153,25,1,0
BRF:51
BRH:34
end_of_record
TN:
SF:utils\security.ts
FN:11,generateSalt
FN:13,(anonymous_1)
FN:22,legacyHashPasswordV1
FN:51,hashPassword
FN:78,verifyPassword
FN:109,sanitizeString
FN:133,sanitizeTextField
FN:154,sanitizeEmail
FN:161,sanitizePhoneNumber
FN:169,sanitizeNumber
FN:181,(anonymous_10)
FN:193,(anonymous_11)
FN:205,(anonymous_12)
FNF:13
FNH:10
FNDA:18,generateSalt
FNDA:576,(anonymous_1)
FNDA:0,legacyHashPasswordV1
FNDA:18,hashPassword
FNDA:8,verifyPassword
FNDA:126,sanitizeString
FNDA:199,sanitizeTextField
FNDA:64,sanitizeEmail
FNDA:49,sanitizePhoneNumber
FNDA:49,sanitizeNumber
FNDA:45,(anonymous_10)
FNDA:0,(anonymous_11)
FNDA:0,(anonymous_12)
DA:12,18
DA:13,576
DA:24,0
DA:25,0
DA:26,0
DA:27,0
DA:28,0
DA:31,0
DA:32,0
DA:33,0
DA:34,0
DA:35,0
DA:36,0
DA:37,0
DA:40,0
DA:52,18
DA:54,18
DA:57,18
DA:60,18
DA:67,18
DA:69,0
DA:70,0
DA:79,8
DA:81,8
DA:83,8
DA:85,0
DA:86,0
DA:90,8
DA:93,8
DA:99,8
DA:101,0
DA:102,0
DA:110,126
DA:111,3
DA:114,123
DA:134,199
DA:135,3
DA:138,196
DA:155,64
DA:163,49
DA:171,49
DA:182,45
DA:183,45
DA:185,0
DA:186,0
DA:194,0
DA:195,0
DA:197,0
DA:198,0
DA:206,0
DA:207,0
DA:209,0
DA:210,0
LF:53
LH:24
BRDA:69,0,0,0
BRDA:69,0,1,0
BRDA:83,1,0,0
BRDA:83,1,1,8
BRDA:83,2,0,8
BRDA:83,2,1,8
BRDA:101,3,0,0
BRDA:101,3,1,0
BRDA:110,4,0,3
BRDA:110,4,1,123
BRDA:134,5,0,3
BRDA:134,5,1,196
BRDA:185,6,0,0
BRDA:185,6,1,0
BRDA:197,7,0,0
BRDA:197,7,1,0
BRDA:209,8,0,0
BRDA:209,8,1,0
BRF:18
BRH:7
end_of_record
TN:
SF:utils\sessionManager.ts
FN:16,startSession
FN:30,updateLastActivity
FN:42,isSessionValid
FN:74,getSessionAge
FN:92,getTimeUntilExpiration
FN:114,endSession
FN:130,refreshSession
FNF:7
FNH:1
FNDA:15,startSession
FNDA:0,updateLastActivity
FNDA:0,isSessionValid
FNDA:0,getSessionAge
FNDA:0,getTimeUntilExpiration
FNDA:0,endSession
FNDA:0,refreshSession
DA:10,3
DA:11,3
DA:17,15
DA:18,15
DA:19,15
DA:20,15
DA:21,15
DA:23,0
DA:31,0
DA:32,0
DA:33,0
DA:35,0
DA:43,0
DA:44,0
DA:45,0
DA:46,0
DA:49,0
DA:50,0
DA:51,0
DA:54,0
DA:55,0
DA:60,0
DA:61,0
DA:64,0
DA:66,0
DA:67,0
DA:75,0
DA:76,0
DA:77,0
DA:78,0
DA:81,0
DA:82,0
DA:84,0
DA:85,0
DA:93,0
DA:94,0
DA:95,0
DA:96,0
DA:99,0
DA:100,0
DA:101,0
DA:102,0
DA:104,0
DA:106,0
DA:107,0
DA:115,0
DA:116,0
DA:117,0
DA:118,0
DA:119,0
DA:120,0
DA:122,0
DA:131,0
DA:132,0
DA:133,0
DA:134,0
DA:136,0
LF:57
LH:7
BRDA:23,0,0,0
BRDA:23,0,1,0
BRDA:35,1,0,0
BRDA:35,1,1,0
BRDA:45,2,0,0
BRDA:45,2,1,0
BRDA:54,3,0,0
BRDA:54,3,1,0
BRDA:66,4,0,0
BRDA:66,4,1,0
BRDA:77,5,0,0
BRDA:77,5,1,0
BRDA:84,6,0,0
BRDA:84,6,1,0
BRDA:95,7,0,0
BRDA:95,7,1,0
BRDA:106,8,0,0
BRDA:106,8,1,0
BRDA:122,9,0,0
BRDA:122,9,1,0
BRDA:132,10,0,0
BRDA:132,10,1,0
BRF:22
BRH:0
end_of_record
TN:
SF:utils\testAccounts.ts
FN:52,normalizeTestAccountEmail
FN:59,getLegacyAlias
FN:67,initializeTestAccounts
FN:81,(anonymous_3)
FN:83,(anonymous_4)
FN:124,(anonymous_5)
FN:149,getTestAccount
FN:155,(anonymous_7)
FNF:8
FNH:8
FNDA:216,normalizeTestAccountEmail
FNDA:194,getLegacyAlias
FNDA:99,initializeTestAccounts
FNDA:44,(anonymous_3)
FNDA:80,(anonymous_4)
FNDA:227,(anonymous_5)
FNDA:22,getTestAccount
FNDA:35,(anonymous_7)
DA:21,3
DA:53,216
DA:54,205
DA:56,11
DA:60,194
DA:61,0
DA:63,194
DA:64,194
DA:68,99
DA:69,99
DA:77,97
DA:78,97
DA:82,44
DA:83,80
DA:89,97
DA:90,194
DA:91,194
DA:92,194
DA:93,194
DA:95,194
DA:96,194
DA:97,194
DA:100,194
DA:101,194
DA:102,302
DA:103,302
DA:104,86
DA:109,86
DA:110,86
DA:111,86
DA:116,194
DA:117,108
DA:118,216
DA:123,194
DA:125,227
DA:128,194
DA:132,97
DA:133,97
DA:136,97
DA:137,53
DA:140,2
DA:150,22
DA:153,22
DA:154,22
DA:156,35
DA:159,22
DA:161,0
DA:162,0
LF:48
LH:45
BRDA:53,0,0,205
BRDA:53,0,1,11
BRDA:60,1,0,0
BRDA:60,1,1,194
BRDA:64,2,0,194
BRDA:64,2,1,0
BRDA:78,3,0,44
BRDA:78,3,1,53
BRDA:79,4,0,44
BRDA:79,4,1,0
BRDA:82,5,0,0
BRDA:82,5,1,44
BRDA:83,6,0,80
BRDA:83,6,1,80
BRDA:90,7,0,194
BRDA:90,7,1,0
BRDA:96,8,0,194
BRDA:96,8,1,0
BRDA:96,9,0,194
BRDA:96,9,1,194
BRDA:103,10,0,86
BRDA:103,10,1,216
BRDA:109,11,0,86
BRDA:109,11,1,0
BRDA:116,12,0,108
BRDA:116,12,1,86
BRDA:125,13,0,227
BRDA:125,13,1,167
BRDA:125,13,2,167
BRDA:132,14,0,97
BRDA:132,14,1,0
BRDA:136,15,0,53
BRDA:136,15,1,44
BRDA:140,16,0,2
BRDA:140,16,1,0
BRDA:156,17,0,35
BRDA:156,17,1,34
BRDA:159,18,0,22
BRDA:159,18,1,11
BRDA:161,19,0,0
BRDA:161,19,1,0
BRF:41
BRH:30
end_of_record
TN:
SF:utils\userManagement.ts
FN:25,getAllUsers
FN:34,(anonymous_1)
FN:36,(anonymous_2)
FN:51,getUserByEmail
FN:53,(anonymous_4)
FN:59,createUser
FN:88,authenticateUser
FN:118,setCurrentUser
FN:126,getCurrentUserEmail
FN:133,getCurrentUser
FN:144,clearCurrentUser
FN:152,updateUserPassword
FN:154,(anonymous_12)
FNF:13
FNH:8
FNDA:31,getAllUsers
FNDA:14,(anonymous_1)
FNDA:20,(anonymous_2)
FNDA:21,getUserByEmail
FNDA:14,(anonymous_4)
FNDA:10,createUser
FNDA:11,authenticateUser
FNDA:15,setCurrentUser
FNDA:0,getCurrentUserEmail
FNDA:0,getCurrentUser
FNDA:0,clearCurrentUser
FNDA:0,updateUserPassword
FNDA:0,(anonymous_12)
DA:19,4
DA:20,4
DA:26,31
DA:27,31
DA:28,30
DA:29,16
DA:32,14
DA:35,14
DA:36,20
DA:41,14
DA:43,1
DA:44,1
DA:52,21
DA:53,21
DA:61,10
DA:62,10
DA:63,0
DA:67,10
DA:69,10
DA:77,10
DA:78,10
DA:79,10
DA:81,8
DA:82,8
DA:89,11
DA:90,11
DA:91,3
DA:94,8
DA:95,8
DA:96,1
DA:100,7
DA:101,0
DA:102,0
DA:103,0
DA:105,0
DA:112,7
DA:119,15
DA:120,15
DA:127,0
DA:134,0
DA:135,0
DA:136,0
DA:138,0
DA:145,0
DA:146,0
DA:153,0
DA:154,0
DA:156,0
DA:157,0
DA:160,0
DA:161,0
DA:163,0
DA:164,0
LF:53
LH:33
BRDA:28,0,0,16
BRDA:28,0,1,14
BRDA:35,1,0,0
BRDA:35,1,1,14
BRDA:41,2,0,14
BRDA:41,2,1,0
BRDA:43,3,0,1
BRDA:43,3,1,0
BRDA:53,4,0,21
BRDA:53,4,1,13
BRDA:62,5,0,0
BRDA:62,5,1,10
BRDA:90,6,0,3
BRDA:90,6,1,8
BRDA:95,7,0,1
BRDA:95,7,1,7
BRDA:100,8,0,0
BRDA:100,8,1,7
BRDA:107,9,0,0
BRDA:107,9,1,0
BRDA:135,10,0,0
BRDA:135,10,1,0
BRDA:156,11,0,0
BRDA:156,11,1,0
BRF:24
BRH:13
end_of_record
TN:
SF:utils\validation.ts
FN:23,validateProfile
FN:89,validateEmail
FN:156,validatePassword
FN:173,sanitizeInput
FNF:4
FNH:3
FNDA:50,validateProfile
FNDA:23,validateEmail
FNDA:24,validatePassword
FNDA:0,sanitizeInput
DA:25,50
DA:26,4
DA:28,46
DA:29,1
DA:33,45
DA:34,3
DA:36,42
DA:37,1
DA:41,41
DA:42,2
DA:44,39
DA:45,1
DA:49,38
DA:50,38
DA:51,4
DA:53,34
DA:54,1
DA:58,33
DA:59,33
DA:60,3
DA:62,30
DA:63,0
DA:67,30
DA:68,1
DA:70,29
DA:71,1
DA:75,28
DA:76,2
DA:78,26
DA:79,1
DA:82,25
DA:90,23
DA:91,1
DA:94,22
DA:97,22
DA:98,5
DA:102,17
DA:103,17
DA:104,0
DA:107,17
DA:110,17
DA:111,1
DA:115,16
DA:116,0
DA:120,16
DA:121,16
DA:122,0
DA:126,16
DA:127,16
DA:128,1
DA:133,15
DA:135,15
DA:136,2
DA:140,13
DA:142,0
DA:146,13
DA:147,0
DA:150,13
DA:157,24
DA:158,1
DA:160,23
DA:161,5
DA:163,18
DA:164,2
DA:166,16
DA:174,0
LF:66
LH:59
BRDA:25,0,0,4
BRDA:25,0,1,46
BRDA:28,1,0,1
BRDA:28,1,1,45
BRDA:33,2,0,3
BRDA:33,2,1,42
BRDA:36,3,0,1
BRDA:36,3,1,41
BRDA:41,4,0,2
BRDA:41,4,1,39
BRDA:44,5,0,1
BRDA:44,5,1,38
BRDA:50,6,0,4
BRDA:50,6,1,34
BRDA:50,7,0,38
BRDA:50,7,1,36
BRDA:50,7,2,35
BRDA:53,8,0,1
BRDA:53,8,1,33
BRDA:59,9,0,3
BRDA:59,9,1,30
BRDA:59,10,0,33
BRDA:59,10,1,32
BRDA:59,10,2,31
BRDA:62,11,0,0
BRDA:62,11,1,30
BRDA:67,12,0,1
BRDA:67,12,1,29
BRDA:70,13,0,1
BRDA:70,13,1,28
BRDA:75,14,0,2
BRDA:75,14,1,26
BRDA:78,15,0,1
BRDA:78,15,1,25
BRDA:90,16,0,1
BRDA:90,16,1,22
BRDA:97,17,0,5
BRDA:97,17,1,17
BRDA:97,18,0,22
BRDA:97,18,1,19
BRDA:103,19,0,0
BRDA:103,19,1,17
BRDA:110,20,0,1
BRDA:110,20,1,16
BRDA:110,21,0,17
BRDA:110,21,1,16
BRDA:115,22,0,0
BRDA:115,22,1,16
BRDA:115,23,0,16
BRDA:115,23,1,16
BRDA:121,24,0,0
BRDA:121,24,1,16
BRDA:127,25,0,1
BRDA:127,25,1,15
BRDA:127,26,0,16
BRDA:127,26,1,15
BRDA:135,27,0,2
BRDA:135,27,1,13
BRDA:140,28,0,0
BRDA:140,28,1,13
BRDA:140,29,0,13
BRDA:140,29,1,13
BRDA:140,29,2,13
BRDA:140,29,3,13
BRDA:146,30,0,0
BRDA:146,30,1,13
BRDA:146,31,0,13
BRDA:146,31,1,13
BRDA:157,32,0,1
BRDA:157,32,1,23
BRDA:160,33,0,5
BRDA:160,33,1,18
BRDA:163,34,0,2
BRDA:163,34,1,16
BRDA:163,35,0,18
BRDA:163,35,1,12
BRF:76
BRH:70
end_of_record
